{"/home/travis/build/kaizhu256/node-swagger-mongodb/test.js":{"path":"/home/travis/build/kaizhu256/node-swagger-mongodb/test.js","s":{"1":3,"2":3,"3":3,"4":1041,"5":3,"6":3,"7":3,"8":3,"9":3,"10":3,"11":3,"12":3,"13":66,"14":66,"15":3,"16":3,"17":3,"18":12,"19":48,"20":48,"21":12,"22":12,"23":12,"24":3,"25":3,"26":63,"27":63,"28":3,"29":63,"30":63,"31":63,"32":96,"33":96,"34":96,"35":60,"36":60,"37":60,"38":60,"39":60,"40":48,"41":48,"42":12,"43":12,"44":12,"45":12,"46":12,"47":12,"48":6,"49":3,"50":9,"51":3,"52":3,"53":3,"54":3,"55":9,"56":27,"57":9,"58":9,"59":27,"60":9,"61":9,"62":9,"63":9,"64":9,"65":27,"66":9,"67":9,"68":15,"69":12,"70":63,"71":3,"72":165,"73":165,"74":3,"75":3,"76":3,"77":12,"78":72,"79":72,"80":12,"81":24,"82":24,"83":3,"84":3,"85":162,"86":162,"87":3,"88":162,"89":162,"90":162,"91":630,"92":630,"93":630,"94":162,"95":159,"96":159,"97":159,"98":159,"99":159,"100":63,"101":63,"102":96,"103":96,"104":96,"105":96,"106":96,"107":96,"108":96,"109":96,"110":12,"111":6,"112":6,"113":6,"114":6,"115":6,"116":84,"117":90,"118":90,"119":90,"120":90,"121":90,"122":90,"123":3,"124":3,"125":3,"126":87,"127":87,"128":90,"129":90,"130":90,"131":90,"132":90,"133":90,"134":90,"135":90,"136":90,"137":3,"138":3,"139":3,"140":87,"141":87,"142":90,"143":75,"144":75,"145":75,"146":15,"147":90,"148":90,"149":75,"150":75,"151":75,"152":75,"153":15,"154":15,"155":15,"156":96,"157":63,"158":63,"159":33,"160":33,"161":162,"162":3,"163":3,"164":3,"165":3,"166":3,"167":3,"168":3,"169":3,"170":3,"171":114,"172":114,"173":3,"174":3,"175":3,"176":12,"177":108,"178":108,"179":3,"180":3,"181":111,"182":111,"183":3,"184":111,"185":111,"186":111,"187":246,"188":246,"189":246,"190":108,"191":108,"192":108,"193":108,"194":108,"195":108,"196":108,"197":63,"198":63,"199":45,"200":45,"201":45,"202":45,"203":45,"204":45,"205":45,"206":45,"207":45,"208":9,"209":9,"210":36,"211":45,"212":45,"213":45,"214":48,"215":45,"216":111,"217":3,"218":18,"219":18,"220":18,"221":63,"222":63,"223":63,"224":15,"225":15,"226":15,"227":15,"228":15,"229":15,"230":15,"231":3,"232":3,"233":3,"234":9,"235":9,"236":3,"237":3,"238":12,"239":12,"240":15,"241":15,"242":15,"243":15,"244":15,"245":15,"246":18,"247":18,"248":3,"249":102,"250":102,"251":102,"252":399,"253":399,"254":399,"255":99,"256":99,"257":99,"258":99,"259":99,"260":99,"261":99,"262":99,"263":99,"264":99,"265":99,"266":99,"267":102,"268":102,"269":3,"270":66,"271":66,"272":3,"273":3,"274":3,"275":12,"276":36,"277":36,"278":12,"279":24,"280":24,"281":3,"282":3,"283":63,"284":63,"285":3,"286":63,"287":63,"288":63,"289":123,"290":123,"291":123,"292":60,"293":60,"294":60,"295":60,"296":60,"297":45,"298":45,"299":15,"300":15,"301":15,"302":15,"303":15,"304":15,"305":15,"306":15,"307":15,"308":15,"309":15,"310":15,"311":6,"312":6,"313":6,"314":6,"315":3,"316":3,"317":3,"318":3,"319":6,"320":6,"321":6,"322":15,"323":15,"324":15,"325":15,"326":15,"327":15,"328":15,"329":6,"330":6,"331":6,"332":6,"333":3,"334":3,"335":3,"336":3,"337":6,"338":6,"339":6,"340":15,"341":15,"342":18,"343":15,"344":63,"345":3,"346":6,"347":6,"348":6,"349":18,"350":18,"351":18,"352":3,"353":3,"354":3,"355":3,"356":3,"357":3,"358":3,"359":3,"360":3,"361":3,"362":3,"363":3,"364":3,"365":3,"366":3,"367":3,"368":3,"369":3,"370":3,"371":3,"372":3,"373":3,"374":3,"375":3,"376":3,"377":3,"378":3,"379":6,"380":3,"381":6,"382":3,"383":3,"384":3,"385":3,"386":3,"387":3,"388":3,"389":3,"390":3,"391":9,"392":9,"393":9,"394":9,"395":9,"396":9,"397":9,"398":9,"399":3,"400":3,"401":3,"402":3,"403":3,"404":3,"405":3,"406":27,"407":22,"408":22,"409":22,"410":22,"411":22,"412":3,"413":3,"414":4,"415":4,"416":4,"417":8,"418":8,"419":4,"420":8,"421":8,"422":8,"423":8,"424":8,"425":8,"426":4,"427":4,"428":3,"429":4,"430":4,"431":4,"432":76,"433":76,"434":76,"435":76,"436":76,"437":76,"438":4,"439":3,"440":3,"441":3,"442":3,"443":72,"444":72,"445":72,"446":72,"447":72,"448":72,"449":72,"450":3,"451":3,"452":4,"453":4,"454":4,"455":4,"456":8,"457":8,"458":8,"459":8,"460":4,"461":3,"462":1,"463":2,"464":2,"465":2,"466":5,"467":5,"468":1,"469":1,"470":1,"471":1,"472":1,"473":1,"474":2,"475":2,"476":1,"477":1,"478":1,"479":1,"480":1,"481":1,"482":1,"483":1,"484":1,"485":1,"486":1,"487":1,"488":3,"489":2,"490":2,"491":2,"492":2,"493":2,"494":2,"495":2,"496":2,"497":1,"498":1,"499":1,"500":15,"501":3,"502":3,"503":3,"504":3,"505":9,"506":1,"507":1,"508":1,"509":1,"510":1,"511":11,"512":11,"513":11,"514":4,"515":4,"516":1,"517":1,"518":3,"519":3,"520":3,"521":3,"522":3,"523":3,"524":2,"525":3,"526":2,"527":2,"528":1,"529":2,"530":1,"531":1,"532":1,"533":1,"534":1,"535":1,"536":3},"b":{"1":[3,63],"2":[3,60],"3":[3,93],"4":[60,12,9,15],"5":[60,15],"6":[48,12],"7":[6],"8":[3,3],"9":[63,63],"10":[3,162],"11":[3,159],"12":[162,96,96,90,90,96],"13":[159,24],"14":[63,96],"15":[6,12,84],"16":[6,6],"17":[3,87],"18":[3,87],"19":[75,15],"20":[75,15],"21":[63,33],"22":[162,162],"23":[3,111],"24":[3,108],"25":[3,243],"26":[108,45,45,48],"27":[108,27],"28":[63,45],"29":[3,6,9,36],"30":[111,111],"31":[3,60],"32":[15,15,15,18],"33":[15,3],"34":[15,3],"35":[15,3],"36":[15,6],"37":[3,12],"38":[18,15],"39":[3,396],"40":[99,99,99,102],"41":[99,3],"42":[99,3],"43":[99,3],"44":[102,99],"45":[3,63],"46":[3,60],"47":[3,120],"48":[60,15,15,15,18],"49":[60,15],"50":[45,15],"51":[6,3,6],"52":[6,3,6],"53":[63,63],"54":[3,15],"55":[3,3,3,3,6],"56":[3,3],"57":[3,3],"58":[6,3],"59":[22,5],"60":[2,2],"61":[76,72],"62":[76,72],"63":[76,72],"64":[3,69],"65":[1],"66":[1,4],"67":[1,1,1,2],"68":[2,1],"69":[2,1],"70":[3,3,9],"71":[3,4],"72":[3,1,1,1],"73":[2,2,2],"74":[2,1],"75":[1,1]},"f":{"1":3,"2":3,"3":1041,"4":3,"5":3,"6":3,"7":66,"8":12,"9":48,"10":12,"11":63,"12":96,"13":96,"14":9,"15":27,"16":27,"17":27,"18":165,"19":12,"20":72,"21":24,"22":162,"23":630,"24":630,"25":3,"26":3,"27":3,"28":114,"29":12,"30":108,"31":111,"32":246,"33":246,"34":18,"35":63,"36":63,"37":9,"38":102,"39":399,"40":399,"41":66,"42":12,"43":36,"44":24,"45":63,"46":123,"47":123,"48":6,"49":18,"50":18,"51":3,"52":9,"53":9,"54":9,"55":3,"56":3,"57":3,"58":27,"59":22,"60":22,"61":4,"62":8,"63":8,"64":4,"65":76,"66":3,"67":72,"68":4,"69":4,"70":8,"71":2,"72":5,"73":1,"74":1,"75":2,"76":15,"77":1,"78":11,"79":3,"80":3,"81":3,"82":2,"83":1},"fnMap":{"1":{"name":"(anonymous_1)","line":10,"loc":{"start":{"line":10,"column":1},"end":{"line":10,"column":18}}},"2":{"name":"(anonymous_2)","line":16,"loc":{"start":{"line":16,"column":5},"end":{"line":16,"column":17}}},"3":{"name":"(anonymous_3)","line":17,"loc":{"start":{"line":17,"column":26},"end":{"line":17,"column":45}}},"4":{"name":"(anonymous_4)","line":33,"loc":{"start":{"line":33,"column":34},"end":{"line":33,"column":62}}},"5":{"name":"(anonymous_5)","line":40,"loc":{"start":{"line":40,"column":61},"end":{"line":40,"column":78}}},"6":{"name":"(anonymous_6)","line":41,"loc":{"start":{"line":41,"column":44},"end":{"line":41,"column":56}}},"7":{"name":"(anonymous_7)","line":51,"loc":{"start":{"line":51,"column":48},"end":{"line":51,"column":76}}},"8":{"name":"(anonymous_8)","line":64,"loc":{"start":{"line":64,"column":26},"end":{"line":64,"column":41}}},"9":{"name":"(anonymous_9)","line":71,"loc":{"start":{"line":71,"column":30},"end":{"line":71,"column":53}}},"10":{"name":"(anonymous_10)","line":82,"loc":{"start":{"line":82,"column":30},"end":{"line":82,"column":53}}},"11":{"name":"(anonymous_11)","line":95,"loc":{"start":{"line":95,"column":23},"end":{"line":95,"column":46}}},"12":{"name":"(anonymous_12)","line":104,"loc":{"start":{"line":104,"column":21},"end":{"line":104,"column":44}}},"13":{"name":"(anonymous_13)","line":105,"loc":{"start":{"line":105,"column":44},"end":{"line":105,"column":56}}},"14":{"name":"(anonymous_14)","line":138,"loc":{"start":{"line":138,"column":65},"end":{"line":138,"column":84}}},"15":{"name":"(anonymous_15)","line":147,"loc":{"start":{"line":147,"column":57},"end":{"line":147,"column":76}}},"16":{"name":"(anonymous_16)","line":153,"loc":{"start":{"line":153,"column":28},"end":{"line":153,"column":47}}},"17":{"name":"(anonymous_17)","line":167,"loc":{"start":{"line":167,"column":57},"end":{"line":167,"column":76}}},"18":{"name":"(anonymous_18)","line":183,"loc":{"start":{"line":183,"column":47},"end":{"line":183,"column":75}}},"19":{"name":"(anonymous_19)","line":196,"loc":{"start":{"line":196,"column":26},"end":{"line":196,"column":41}}},"20":{"name":"(anonymous_20)","line":205,"loc":{"start":{"line":205,"column":30},"end":{"line":205,"column":53}}},"21":{"name":"(anonymous_21)","line":217,"loc":{"start":{"line":217,"column":30},"end":{"line":217,"column":53}}},"22":{"name":"(anonymous_22)","line":230,"loc":{"start":{"line":230,"column":23},"end":{"line":230,"column":46}}},"23":{"name":"(anonymous_23)","line":239,"loc":{"start":{"line":239,"column":21},"end":{"line":239,"column":44}}},"24":{"name":"(anonymous_24)","line":240,"loc":{"start":{"line":240,"column":44},"end":{"line":240,"column":56}}},"25":{"name":"(anonymous_25)","line":380,"loc":{"start":{"line":380,"column":42},"end":{"line":380,"column":70}}},"26":{"name":"(anonymous_26)","line":400,"loc":{"start":{"line":400,"column":40},"end":{"line":400,"column":63}}},"27":{"name":"(anonymous_27)","line":401,"loc":{"start":{"line":401,"column":44},"end":{"line":401,"column":56}}},"28":{"name":"(anonymous_28)","line":419,"loc":{"start":{"line":419,"column":44},"end":{"line":419,"column":72}}},"29":{"name":"(anonymous_29)","line":432,"loc":{"start":{"line":432,"column":26},"end":{"line":432,"column":41}}},"30":{"name":"(anonymous_30)","line":443,"loc":{"start":{"line":443,"column":30},"end":{"line":443,"column":53}}},"31":{"name":"(anonymous_31)","line":455,"loc":{"start":{"line":455,"column":23},"end":{"line":455,"column":46}}},"32":{"name":"(anonymous_32)","line":464,"loc":{"start":{"line":464,"column":21},"end":{"line":464,"column":44}}},"33":{"name":"(anonymous_33)","line":465,"loc":{"start":{"line":465,"column":44},"end":{"line":465,"column":56}}},"34":{"name":"(anonymous_34)","line":525,"loc":{"start":{"line":525,"column":55},"end":{"line":525,"column":83}}},"35":{"name":"(anonymous_35)","line":531,"loc":{"start":{"line":531,"column":21},"end":{"line":531,"column":44}}},"36":{"name":"(anonymous_36)","line":532,"loc":{"start":{"line":532,"column":44},"end":{"line":532,"column":56}}},"37":{"name":"(anonymous_37)","line":550,"loc":{"start":{"line":550,"column":69},"end":{"line":550,"column":83}}},"38":{"name":"(anonymous_38)","line":581,"loc":{"start":{"line":581,"column":51},"end":{"line":581,"column":79}}},"39":{"name":"(anonymous_39)","line":587,"loc":{"start":{"line":587,"column":21},"end":{"line":587,"column":44}}},"40":{"name":"(anonymous_40)","line":588,"loc":{"start":{"line":588,"column":44},"end":{"line":588,"column":56}}},"41":{"name":"(anonymous_41)","line":625,"loc":{"start":{"line":625,"column":48},"end":{"line":625,"column":76}}},"42":{"name":"(anonymous_42)","line":638,"loc":{"start":{"line":638,"column":26},"end":{"line":638,"column":41}}},"43":{"name":"(anonymous_43)","line":644,"loc":{"start":{"line":644,"column":30},"end":{"line":644,"column":53}}},"44":{"name":"(anonymous_44)","line":656,"loc":{"start":{"line":656,"column":30},"end":{"line":656,"column":53}}},"45":{"name":"(anonymous_45)","line":669,"loc":{"start":{"line":669,"column":23},"end":{"line":669,"column":46}}},"46":{"name":"(anonymous_46)","line":678,"loc":{"start":{"line":678,"column":21},"end":{"line":678,"column":44}}},"47":{"name":"(anonymous_47)","line":679,"loc":{"start":{"line":679,"column":44},"end":{"line":679,"column":56}}},"48":{"name":"(anonymous_48)","line":808,"loc":{"start":{"line":808,"column":48},"end":{"line":808,"column":76}}},"49":{"name":"(anonymous_49)","line":814,"loc":{"start":{"line":814,"column":21},"end":{"line":814,"column":44}}},"50":{"name":"(anonymous_50)","line":815,"loc":{"start":{"line":815,"column":44},"end":{"line":815,"column":56}}},"51":{"name":"(anonymous_51)","line":902,"loc":{"start":{"line":902,"column":39},"end":{"line":902,"column":67}}},"52":{"name":"(anonymous_52)","line":920,"loc":{"start":{"line":920,"column":22},"end":{"line":920,"column":45}}},"53":{"name":"(anonymous_53)","line":925,"loc":{"start":{"line":925,"column":71},"end":{"line":925,"column":88}}},"54":{"name":"(anonymous_54)","line":926,"loc":{"start":{"line":926,"column":48},"end":{"line":926,"column":60}}},"55":{"name":"(anonymous_55)","line":936,"loc":{"start":{"line":936,"column":23},"end":{"line":936,"column":42}}},"56":{"name":"(anonymous_56)","line":938,"loc":{"start":{"line":938,"column":45},"end":{"line":938,"column":62}}},"57":{"name":"(anonymous_57)","line":939,"loc":{"start":{"line":939,"column":48},"end":{"line":939,"column":60}}},"58":{"name":"(anonymous_58)","line":957,"loc":{"start":{"line":957,"column":22},"end":{"line":957,"column":42}}},"59":{"name":"(anonymous_59)","line":962,"loc":{"start":{"line":962,"column":23},"end":{"line":962,"column":40}}},"60":{"name":"(anonymous_60)","line":963,"loc":{"start":{"line":963,"column":52},"end":{"line":963,"column":64}}},"61":{"name":"(anonymous_61)","line":974,"loc":{"start":{"line":974,"column":56},"end":{"line":974,"column":84}}},"62":{"name":"(anonymous_62)","line":989,"loc":{"start":{"line":989,"column":23},"end":{"line":989,"column":42}}},"63":{"name":"(anonymous_63)","line":1004,"loc":{"start":{"line":1004,"column":23},"end":{"line":1004,"column":42}}},"64":{"name":"(anonymous_64)","line":1025,"loc":{"start":{"line":1025,"column":50},"end":{"line":1025,"column":78}}},"65":{"name":"(anonymous_65)","line":1056,"loc":{"start":{"line":1056,"column":22},"end":{"line":1056,"column":41}}},"66":{"name":"(anonymous_66)","line":1068,"loc":{"start":{"line":1068,"column":48},"end":{"line":1068,"column":76}}},"67":{"name":"(anonymous_67)","line":1102,"loc":{"start":{"line":1102,"column":22},"end":{"line":1102,"column":41}}},"68":{"name":"(anonymous_68)","line":1122,"loc":{"start":{"line":1122,"column":51},"end":{"line":1122,"column":79}}},"69":{"name":"(anonymous_69)","line":1132,"loc":{"start":{"line":1132,"column":15},"end":{"line":1132,"column":34}}},"70":{"name":"(anonymous_70)","line":1133,"loc":{"start":{"line":1133,"column":35},"end":{"line":1133,"column":54}}},"71":{"name":"(anonymous_71)","line":1153,"loc":{"start":{"line":1153,"column":47},"end":{"line":1153,"column":75}}},"72":{"name":"(anonymous_72)","line":1159,"loc":{"start":{"line":1159,"column":21},"end":{"line":1159,"column":38}}},"73":{"name":"(anonymous_73)","line":1200,"loc":{"start":{"line":1200,"column":50},"end":{"line":1200,"column":78}}},"74":{"name":"(anonymous_74)","line":1218,"loc":{"start":{"line":1218,"column":42},"end":{"line":1218,"column":70}}},"75":{"name":"(anonymous_75)","line":1242,"loc":{"start":{"line":1242,"column":24},"end":{"line":1242,"column":36}}},"76":{"name":"(anonymous_76)","line":1400,"loc":{"start":{"line":1400,"column":45},"end":{"line":1400,"column":90}}},"77":{"name":"(anonymous_77)","line":1419,"loc":{"start":{"line":1419,"column":18},"end":{"line":1419,"column":33}}},"78":{"name":"(anonymous_78)","line":1420,"loc":{"start":{"line":1420,"column":46},"end":{"line":1420,"column":62}}},"79":{"name":"(anonymous_79)","line":1438,"loc":{"start":{"line":1438,"column":3},"end":{"line":1438,"column":15}}},"80":{"name":"(anonymous_80)","line":1445,"loc":{"start":{"line":1445,"column":5},"end":{"line":1445,"column":17}}},"81":{"name":"(anonymous_81)","line":1449,"loc":{"start":{"line":1449,"column":24},"end":{"line":1449,"column":36}}},"82":{"name":"(anonymous_82)","line":1472,"loc":{"start":{"line":1472,"column":22},"end":{"line":1472,"column":37}}},"83":{"name":"(anonymous_83)","line":1481,"loc":{"start":{"line":1481,"column":75},"end":{"line":1481,"column":93}}}},"statementMap":{"1":{"start":{"line":10,"column":0},"end":{"line":1500,"column":7}},"2":{"start":{"line":16,"column":4},"end":{"line":1145,"column":9}},"3":{"start":{"line":17,"column":8},"end":{"line":30,"column":10}},"4":{"start":{"line":21,"column":12},"end":{"line":29,"column":15}},"5":{"start":{"line":33,"column":8},"end":{"line":49,"column":10}},"6":{"start":{"line":38,"column":12},"end":{"line":38,"column":40}},"7":{"start":{"line":40,"column":12},"end":{"line":48,"column":15}},"8":{"start":{"line":41,"column":16},"end":{"line":47,"column":28}},"9":{"start":{"line":43,"column":20},"end":{"line":43,"column":56}},"10":{"start":{"line":45,"column":20},"end":{"line":45,"column":86}},"11":{"start":{"line":46,"column":20},"end":{"line":46,"column":30}},"12":{"start":{"line":51,"column":8},"end":{"line":181,"column":10}},"13":{"start":{"line":55,"column":12},"end":{"line":55,"column":60}},"14":{"start":{"line":56,"column":12},"end":{"line":94,"column":13}},"15":{"start":{"line":57,"column":16},"end":{"line":57,"column":64}},"16":{"start":{"line":58,"column":16},"end":{"line":58,"column":40}},"17":{"start":{"line":59,"column":16},"end":{"line":91,"column":19}},"18":{"start":{"line":66,"column":20},"end":{"line":78,"column":23}},"19":{"start":{"line":72,"column":24},"end":{"line":72,"column":48}},"20":{"start":{"line":73,"column":24},"end":{"line":77,"column":39}},"21":{"start":{"line":80,"column":20},"end":{"line":90,"column":23}},"22":{"start":{"line":83,"column":24},"end":{"line":83,"column":48}},"23":{"start":{"line":84,"column":24},"end":{"line":89,"column":39}},"24":{"start":{"line":92,"column":16},"end":{"line":92,"column":29}},"25":{"start":{"line":93,"column":16},"end":{"line":93,"column":23}},"26":{"start":{"line":95,"column":12},"end":{"line":102,"column":14}},"27":{"start":{"line":96,"column":16},"end":{"line":100,"column":17}},"28":{"start":{"line":98,"column":20},"end":{"line":99,"column":53}},"29":{"start":{"line":101,"column":16},"end":{"line":101,"column":37}},"30":{"start":{"line":103,"column":12},"end":{"line":103,"column":25}},"31":{"start":{"line":104,"column":12},"end":{"line":179,"column":14}},"32":{"start":{"line":105,"column":16},"end":{"line":178,"column":29}},"33":{"start":{"line":106,"column":20},"end":{"line":108,"column":39}},"34":{"start":{"line":109,"column":20},"end":{"line":177,"column":21}},"35":{"start":{"line":112,"column":24},"end":{"line":117,"column":26}},"36":{"start":{"line":118,"column":24},"end":{"line":118,"column":53}},"37":{"start":{"line":120,"column":24},"end":{"line":120,"column":61}},"38":{"start":{"line":121,"column":24},"end":{"line":121,"column":58}},"39":{"start":{"line":123,"column":24},"end":{"line":126,"column":25}},"40":{"start":{"line":124,"column":28},"end":{"line":124,"column":39}},"41":{"start":{"line":125,"column":28},"end":{"line":125,"column":35}},"42":{"start":{"line":128,"column":24},"end":{"line":128,"column":64}},"43":{"start":{"line":129,"column":24},"end":{"line":129,"column":72}},"44":{"start":{"line":130,"column":24},"end":{"line":130,"column":30}},"45":{"start":{"line":133,"column":24},"end":{"line":133,"column":45}},"46":{"start":{"line":134,"column":24},"end":{"line":134,"column":96}},"47":{"start":{"line":135,"column":24},"end":{"line":146,"column":25}},"48":{"start":{"line":137,"column":28},"end":{"line":144,"column":29}},"49":{"start":{"line":138,"column":32},"end":{"line":140,"column":42}},"50":{"start":{"line":139,"column":36},"end":{"line":139,"column":52}},"51":{"start":{"line":141,"column":32},"end":{"line":141,"column":52}},"52":{"start":{"line":142,"column":32},"end":{"line":142,"column":41}},"53":{"start":{"line":143,"column":32},"end":{"line":143,"column":39}},"54":{"start":{"line":145,"column":28},"end":{"line":145,"column":34}},"55":{"start":{"line":147,"column":24},"end":{"line":149,"column":34}},"56":{"start":{"line":148,"column":28},"end":{"line":148,"column":43}},"57":{"start":{"line":150,"column":24},"end":{"line":150,"column":44}},"58":{"start":{"line":152,"column":24},"end":{"line":156,"column":31}},"59":{"start":{"line":154,"column":32},"end":{"line":154,"column":50}},"60":{"start":{"line":158,"column":24},"end":{"line":161,"column":44}},"61":{"start":{"line":162,"column":24},"end":{"line":162,"column":30}},"62":{"start":{"line":165,"column":24},"end":{"line":165,"column":45}},"63":{"start":{"line":166,"column":24},"end":{"line":166,"column":96}},"64":{"start":{"line":167,"column":24},"end":{"line":169,"column":34}},"65":{"start":{"line":168,"column":28},"end":{"line":168,"column":43}},"66":{"start":{"line":170,"column":24},"end":{"line":170,"column":33}},"67":{"start":{"line":171,"column":24},"end":{"line":171,"column":30}},"68":{"start":{"line":174,"column":24},"end":{"line":174,"column":61}},"69":{"start":{"line":176,"column":24},"end":{"line":176,"column":88}},"70":{"start":{"line":180,"column":12},"end":{"line":180,"column":45}},"71":{"start":{"line":183,"column":8},"end":{"line":378,"column":10}},"72":{"start":{"line":187,"column":12},"end":{"line":187,"column":60}},"73":{"start":{"line":188,"column":12},"end":{"line":229,"column":13}},"74":{"start":{"line":189,"column":16},"end":{"line":189,"column":64}},"75":{"start":{"line":190,"column":16},"end":{"line":190,"column":40}},"76":{"start":{"line":191,"column":16},"end":{"line":226,"column":19}},"77":{"start":{"line":198,"column":20},"end":{"line":212,"column":23}},"78":{"start":{"line":206,"column":24},"end":{"line":206,"column":48}},"79":{"start":{"line":207,"column":24},"end":{"line":211,"column":39}},"80":{"start":{"line":214,"column":20},"end":{"line":225,"column":23}},"81":{"start":{"line":218,"column":24},"end":{"line":218,"column":48}},"82":{"start":{"line":219,"column":24},"end":{"line":224,"column":39}},"83":{"start":{"line":227,"column":16},"end":{"line":227,"column":29}},"84":{"start":{"line":228,"column":16},"end":{"line":228,"column":23}},"85":{"start":{"line":230,"column":12},"end":{"line":237,"column":14}},"86":{"start":{"line":231,"column":16},"end":{"line":235,"column":17}},"87":{"start":{"line":233,"column":20},"end":{"line":234,"column":53}},"88":{"start":{"line":236,"column":16},"end":{"line":236,"column":37}},"89":{"start":{"line":238,"column":12},"end":{"line":238,"column":25}},"90":{"start":{"line":239,"column":12},"end":{"line":376,"column":14}},"91":{"start":{"line":240,"column":16},"end":{"line":375,"column":29}},"92":{"start":{"line":241,"column":20},"end":{"line":241,"column":34}},"93":{"start":{"line":242,"column":20},"end":{"line":374,"column":21}},"94":{"start":{"line":245,"column":24},"end":{"line":245,"column":61}},"95":{"start":{"line":247,"column":24},"end":{"line":251,"column":27}},"96":{"start":{"line":252,"column":24},"end":{"line":252,"column":53}},"97":{"start":{"line":254,"column":24},"end":{"line":254,"column":61}},"98":{"start":{"line":255,"column":24},"end":{"line":255,"column":58}},"99":{"start":{"line":257,"column":24},"end":{"line":260,"column":25}},"100":{"start":{"line":258,"column":28},"end":{"line":258,"column":39}},"101":{"start":{"line":259,"column":28},"end":{"line":259,"column":35}},"102":{"start":{"line":262,"column":24},"end":{"line":264,"column":45}},"103":{"start":{"line":265,"column":24},"end":{"line":265,"column":30}},"104":{"start":{"line":268,"column":24},"end":{"line":268,"column":61}},"105":{"start":{"line":270,"column":24},"end":{"line":270,"column":91}},"106":{"start":{"line":272,"column":24},"end":{"line":272,"column":64}},"107":{"start":{"line":273,"column":24},"end":{"line":273,"column":89}},"108":{"start":{"line":274,"column":24},"end":{"line":274,"column":30}},"109":{"start":{"line":276,"column":24},"end":{"line":290,"column":25}},"110":{"start":{"line":279,"column":28},"end":{"line":285,"column":29}},"111":{"start":{"line":281,"column":32},"end":{"line":281,"column":68}},"112":{"start":{"line":282,"column":32},"end":{"line":282,"column":52}},"113":{"start":{"line":283,"column":32},"end":{"line":283,"column":41}},"114":{"start":{"line":284,"column":32},"end":{"line":284,"column":39}},"115":{"start":{"line":286,"column":28},"end":{"line":286,"column":34}},"116":{"start":{"line":289,"column":28},"end":{"line":289,"column":65}},"117":{"start":{"line":292,"column":24},"end":{"line":292,"column":48}},"118":{"start":{"line":293,"column":24},"end":{"line":293,"column":65}},"119":{"start":{"line":294,"column":24},"end":{"line":294,"column":67}},"120":{"start":{"line":295,"column":24},"end":{"line":295,"column":83}},"121":{"start":{"line":296,"column":24},"end":{"line":296,"column":87}},"122":{"start":{"line":297,"column":24},"end":{"line":308,"column":25}},"123":{"start":{"line":299,"column":28},"end":{"line":300,"column":86}},"124":{"start":{"line":301,"column":28},"end":{"line":302,"column":92}},"125":{"start":{"line":303,"column":28},"end":{"line":303,"column":34}},"126":{"start":{"line":305,"column":28},"end":{"line":305,"column":94}},"127":{"start":{"line":306,"column":28},"end":{"line":307,"column":87}},"128":{"start":{"line":310,"column":24},"end":{"line":312,"column":45}},"129":{"start":{"line":313,"column":24},"end":{"line":313,"column":30}},"130":{"start":{"line":316,"column":24},"end":{"line":316,"column":61}},"131":{"start":{"line":318,"column":24},"end":{"line":318,"column":48}},"132":{"start":{"line":319,"column":24},"end":{"line":322,"column":26}},"133":{"start":{"line":323,"column":24},"end":{"line":326,"column":26}},"134":{"start":{"line":327,"column":24},"end":{"line":327,"column":83}},"135":{"start":{"line":328,"column":24},"end":{"line":328,"column":87}},"136":{"start":{"line":329,"column":24},"end":{"line":340,"column":25}},"137":{"start":{"line":331,"column":28},"end":{"line":332,"column":86}},"138":{"start":{"line":333,"column":28},"end":{"line":334,"column":92}},"139":{"start":{"line":335,"column":28},"end":{"line":335,"column":34}},"140":{"start":{"line":337,"column":28},"end":{"line":337,"column":94}},"141":{"start":{"line":338,"column":28},"end":{"line":339,"column":87}},"142":{"start":{"line":341,"column":24},"end":{"line":349,"column":25}},"143":{"start":{"line":344,"column":28},"end":{"line":344,"column":68}},"144":{"start":{"line":345,"column":28},"end":{"line":345,"column":93}},"145":{"start":{"line":346,"column":28},"end":{"line":346,"column":34}},"146":{"start":{"line":348,"column":28},"end":{"line":348,"column":37}},"147":{"start":{"line":350,"column":24},"end":{"line":350,"column":30}},"148":{"start":{"line":352,"column":24},"end":{"line":362,"column":25}},"149":{"start":{"line":355,"column":28},"end":{"line":355,"column":64}},"150":{"start":{"line":356,"column":28},"end":{"line":356,"column":48}},"151":{"start":{"line":357,"column":28},"end":{"line":357,"column":37}},"152":{"start":{"line":358,"column":28},"end":{"line":358,"column":35}},"153":{"start":{"line":361,"column":28},"end":{"line":361,"column":65}},"154":{"start":{"line":363,"column":24},"end":{"line":363,"column":33}},"155":{"start":{"line":364,"column":24},"end":{"line":364,"column":30}},"156":{"start":{"line":366,"column":24},"end":{"line":369,"column":25}},"157":{"start":{"line":367,"column":28},"end":{"line":367,"column":53}},"158":{"start":{"line":368,"column":28},"end":{"line":368,"column":35}},"159":{"start":{"line":371,"column":24},"end":{"line":371,"column":61}},"160":{"start":{"line":373,"column":24},"end":{"line":373,"column":84}},"161":{"start":{"line":377,"column":12},"end":{"line":377,"column":45}},"162":{"start":{"line":380,"column":8},"end":{"line":417,"column":10}},"163":{"start":{"line":385,"column":12},"end":{"line":385,"column":40}},"164":{"start":{"line":386,"column":12},"end":{"line":416,"column":15}},"165":{"start":{"line":401,"column":16},"end":{"line":415,"column":28}},"166":{"start":{"line":403,"column":20},"end":{"line":403,"column":57}},"167":{"start":{"line":405,"column":20},"end":{"line":405,"column":73}},"168":{"start":{"line":406,"column":20},"end":{"line":413,"column":30}},"169":{"start":{"line":414,"column":20},"end":{"line":414,"column":30}},"170":{"start":{"line":419,"column":8},"end":{"line":523,"column":10}},"171":{"start":{"line":423,"column":12},"end":{"line":423,"column":60}},"172":{"start":{"line":424,"column":12},"end":{"line":454,"column":13}},"173":{"start":{"line":425,"column":16},"end":{"line":425,"column":64}},"174":{"start":{"line":426,"column":16},"end":{"line":426,"column":40}},"175":{"start":{"line":427,"column":16},"end":{"line":451,"column":19}},"176":{"start":{"line":433,"column":20},"end":{"line":450,"column":23}},"177":{"start":{"line":444,"column":24},"end":{"line":444,"column":48}},"178":{"start":{"line":445,"column":24},"end":{"line":449,"column":39}},"179":{"start":{"line":452,"column":16},"end":{"line":452,"column":29}},"180":{"start":{"line":453,"column":16},"end":{"line":453,"column":23}},"181":{"start":{"line":455,"column":12},"end":{"line":462,"column":14}},"182":{"start":{"line":456,"column":16},"end":{"line":460,"column":17}},"183":{"start":{"line":458,"column":20},"end":{"line":459,"column":53}},"184":{"start":{"line":461,"column":16},"end":{"line":461,"column":37}},"185":{"start":{"line":463,"column":12},"end":{"line":463,"column":25}},"186":{"start":{"line":464,"column":12},"end":{"line":521,"column":14}},"187":{"start":{"line":465,"column":16},"end":{"line":520,"column":29}},"188":{"start":{"line":466,"column":20},"end":{"line":468,"column":39}},"189":{"start":{"line":469,"column":20},"end":{"line":519,"column":21}},"190":{"start":{"line":472,"column":24},"end":{"line":472,"column":45}},"191":{"start":{"line":473,"column":24},"end":{"line":473,"column":42}},"192":{"start":{"line":474,"column":24},"end":{"line":474,"column":53}},"193":{"start":{"line":475,"column":24},"end":{"line":475,"column":75}},"194":{"start":{"line":477,"column":24},"end":{"line":477,"column":61}},"195":{"start":{"line":478,"column":24},"end":{"line":478,"column":58}},"196":{"start":{"line":480,"column":24},"end":{"line":483,"column":25}},"197":{"start":{"line":481,"column":28},"end":{"line":481,"column":39}},"198":{"start":{"line":482,"column":28},"end":{"line":482,"column":35}},"199":{"start":{"line":485,"column":24},"end":{"line":490,"column":35}},"200":{"start":{"line":491,"column":24},"end":{"line":491,"column":30}},"201":{"start":{"line":494,"column":24},"end":{"line":494,"column":64}},"202":{"start":{"line":495,"column":24},"end":{"line":495,"column":91}},"203":{"start":{"line":496,"column":24},"end":{"line":496,"column":47}},"204":{"start":{"line":497,"column":24},"end":{"line":497,"column":89}},"205":{"start":{"line":498,"column":24},"end":{"line":498,"column":30}},"206":{"start":{"line":501,"column":24},"end":{"line":501,"column":45}},"207":{"start":{"line":502,"column":24},"end":{"line":510,"column":25}},"208":{"start":{"line":506,"column":28},"end":{"line":506,"column":81}},"209":{"start":{"line":507,"column":28},"end":{"line":507,"column":34}},"210":{"start":{"line":509,"column":28},"end":{"line":509,"column":82}},"211":{"start":{"line":511,"column":24},"end":{"line":511,"column":64}},"212":{"start":{"line":512,"column":24},"end":{"line":512,"column":33}},"213":{"start":{"line":513,"column":24},"end":{"line":513,"column":30}},"214":{"start":{"line":516,"column":24},"end":{"line":516,"column":61}},"215":{"start":{"line":518,"column":24},"end":{"line":518,"column":84}},"216":{"start":{"line":522,"column":12},"end":{"line":522,"column":45}},"217":{"start":{"line":525,"column":8},"end":{"line":579,"column":10}},"218":{"start":{"line":529,"column":12},"end":{"line":529,"column":50}},"219":{"start":{"line":530,"column":12},"end":{"line":530,"column":25}},"220":{"start":{"line":531,"column":12},"end":{"line":577,"column":14}},"221":{"start":{"line":532,"column":16},"end":{"line":576,"column":28}},"222":{"start":{"line":533,"column":20},"end":{"line":535,"column":39}},"223":{"start":{"line":536,"column":20},"end":{"line":575,"column":21}},"224":{"start":{"line":539,"column":24},"end":{"line":539,"column":48}},"225":{"start":{"line":540,"column":24},"end":{"line":540,"column":77}},"226":{"start":{"line":541,"column":24},"end":{"line":541,"column":53}},"227":{"start":{"line":543,"column":24},"end":{"line":543,"column":61}},"228":{"start":{"line":544,"column":24},"end":{"line":544,"column":58}},"229":{"start":{"line":546,"column":24},"end":{"line":546,"column":88}},"230":{"start":{"line":547,"column":24},"end":{"line":557,"column":25}},"231":{"start":{"line":548,"column":28},"end":{"line":548,"column":75}},"232":{"start":{"line":549,"column":28},"end":{"line":549,"column":52}},"233":{"start":{"line":550,"column":28},"end":{"line":554,"column":31}},"234":{"start":{"line":551,"column":32},"end":{"line":551,"column":56}},"235":{"start":{"line":552,"column":32},"end":{"line":553,"column":81}},"236":{"start":{"line":555,"column":28},"end":{"line":555,"column":41}},"237":{"start":{"line":556,"column":28},"end":{"line":556,"column":35}},"238":{"start":{"line":558,"column":24},"end":{"line":558,"column":93}},"239":{"start":{"line":559,"column":24},"end":{"line":559,"column":30}},"240":{"start":{"line":562,"column":24},"end":{"line":565,"column":44}},"241":{"start":{"line":566,"column":24},"end":{"line":566,"column":30}},"242":{"start":{"line":569,"column":24},"end":{"line":569,"column":45}},"243":{"start":{"line":570,"column":24},"end":{"line":570,"column":78}},"244":{"start":{"line":571,"column":24},"end":{"line":571,"column":33}},"245":{"start":{"line":572,"column":24},"end":{"line":572,"column":30}},"246":{"start":{"line":574,"column":24},"end":{"line":574,"column":39}},"247":{"start":{"line":578,"column":12},"end":{"line":578,"column":45}},"248":{"start":{"line":581,"column":8},"end":{"line":623,"column":10}},"249":{"start":{"line":585,"column":12},"end":{"line":585,"column":38}},"250":{"start":{"line":586,"column":12},"end":{"line":586,"column":25}},"251":{"start":{"line":587,"column":12},"end":{"line":621,"column":14}},"252":{"start":{"line":588,"column":16},"end":{"line":620,"column":28}},"253":{"start":{"line":589,"column":20},"end":{"line":591,"column":39}},"254":{"start":{"line":592,"column":20},"end":{"line":619,"column":21}},"255":{"start":{"line":595,"column":24},"end":{"line":595,"column":48}},"256":{"start":{"line":596,"column":24},"end":{"line":596,"column":77}},"257":{"start":{"line":597,"column":24},"end":{"line":597,"column":53}},"258":{"start":{"line":599,"column":24},"end":{"line":599,"column":61}},"259":{"start":{"line":600,"column":24},"end":{"line":600,"column":58}},"260":{"start":{"line":602,"column":24},"end":{"line":604,"column":45}},"261":{"start":{"line":605,"column":24},"end":{"line":605,"column":30}},"262":{"start":{"line":608,"column":24},"end":{"line":610,"column":45}},"263":{"start":{"line":611,"column":24},"end":{"line":611,"column":30}},"264":{"start":{"line":614,"column":24},"end":{"line":614,"column":91}},"265":{"start":{"line":615,"column":24},"end":{"line":615,"column":33}},"266":{"start":{"line":616,"column":24},"end":{"line":616,"column":30}},"267":{"start":{"line":618,"column":24},"end":{"line":618,"column":39}},"268":{"start":{"line":622,"column":12},"end":{"line":622,"column":45}},"269":{"start":{"line":625,"column":8},"end":{"line":806,"column":10}},"270":{"start":{"line":629,"column":12},"end":{"line":629,"column":60}},"271":{"start":{"line":630,"column":12},"end":{"line":668,"column":13}},"272":{"start":{"line":631,"column":16},"end":{"line":631,"column":64}},"273":{"start":{"line":632,"column":16},"end":{"line":632,"column":40}},"274":{"start":{"line":633,"column":16},"end":{"line":665,"column":19}},"275":{"start":{"line":640,"column":20},"end":{"line":651,"column":23}},"276":{"start":{"line":645,"column":24},"end":{"line":645,"column":48}},"277":{"start":{"line":646,"column":24},"end":{"line":650,"column":39}},"278":{"start":{"line":653,"column":20},"end":{"line":664,"column":23}},"279":{"start":{"line":657,"column":24},"end":{"line":657,"column":48}},"280":{"start":{"line":658,"column":24},"end":{"line":663,"column":39}},"281":{"start":{"line":666,"column":16},"end":{"line":666,"column":29}},"282":{"start":{"line":667,"column":16},"end":{"line":667,"column":23}},"283":{"start":{"line":669,"column":12},"end":{"line":676,"column":14}},"284":{"start":{"line":670,"column":16},"end":{"line":674,"column":17}},"285":{"start":{"line":672,"column":20},"end":{"line":673,"column":53}},"286":{"start":{"line":675,"column":16},"end":{"line":675,"column":37}},"287":{"start":{"line":677,"column":12},"end":{"line":677,"column":25}},"288":{"start":{"line":678,"column":12},"end":{"line":804,"column":14}},"289":{"start":{"line":679,"column":16},"end":{"line":803,"column":29}},"290":{"start":{"line":680,"column":20},"end":{"line":682,"column":39}},"291":{"start":{"line":683,"column":20},"end":{"line":802,"column":21}},"292":{"start":{"line":686,"column":24},"end":{"line":689,"column":27}},"293":{"start":{"line":690,"column":24},"end":{"line":690,"column":53}},"294":{"start":{"line":692,"column":24},"end":{"line":692,"column":61}},"295":{"start":{"line":693,"column":24},"end":{"line":693,"column":58}},"296":{"start":{"line":695,"column":24},"end":{"line":698,"column":25}},"297":{"start":{"line":696,"column":28},"end":{"line":696,"column":39}},"298":{"start":{"line":697,"column":28},"end":{"line":697,"column":35}},"299":{"start":{"line":700,"column":24},"end":{"line":705,"column":35}},"300":{"start":{"line":706,"column":24},"end":{"line":706,"column":30}},"301":{"start":{"line":708,"column":24},"end":{"line":708,"column":65}},"302":{"start":{"line":709,"column":24},"end":{"line":709,"column":67}},"303":{"start":{"line":711,"column":24},"end":{"line":711,"column":64}},"304":{"start":{"line":712,"column":24},"end":{"line":712,"column":89}},"305":{"start":{"line":713,"column":24},"end":{"line":713,"column":30}},"306":{"start":{"line":716,"column":24},"end":{"line":716,"column":48}},"307":{"start":{"line":717,"column":24},"end":{"line":720,"column":26}},"308":{"start":{"line":721,"column":24},"end":{"line":721,"column":83}},"309":{"start":{"line":722,"column":24},"end":{"line":722,"column":87}},"310":{"start":{"line":723,"column":24},"end":{"line":751,"column":25}},"311":{"start":{"line":725,"column":28},"end":{"line":728,"column":30}},"312":{"start":{"line":729,"column":28},"end":{"line":730,"column":86}},"313":{"start":{"line":731,"column":28},"end":{"line":732,"column":88}},"314":{"start":{"line":733,"column":28},"end":{"line":733,"column":34}},"315":{"start":{"line":735,"column":28},"end":{"line":738,"column":30}},"316":{"start":{"line":739,"column":28},"end":{"line":739,"column":94}},"317":{"start":{"line":740,"column":28},"end":{"line":741,"column":87}},"318":{"start":{"line":742,"column":28},"end":{"line":742,"column":34}},"319":{"start":{"line":744,"column":28},"end":{"line":747,"column":30}},"320":{"start":{"line":748,"column":28},"end":{"line":748,"column":94}},"321":{"start":{"line":749,"column":28},"end":{"line":750,"column":88}},"322":{"start":{"line":753,"column":24},"end":{"line":755,"column":45}},"323":{"start":{"line":756,"column":24},"end":{"line":756,"column":30}},"324":{"start":{"line":759,"column":24},"end":{"line":759,"column":48}},"325":{"start":{"line":760,"column":24},"end":{"line":763,"column":26}},"326":{"start":{"line":764,"column":24},"end":{"line":764,"column":83}},"327":{"start":{"line":765,"column":24},"end":{"line":765,"column":87}},"328":{"start":{"line":766,"column":24},"end":{"line":794,"column":25}},"329":{"start":{"line":768,"column":28},"end":{"line":771,"column":30}},"330":{"start":{"line":772,"column":28},"end":{"line":773,"column":86}},"331":{"start":{"line":774,"column":28},"end":{"line":775,"column":88}},"332":{"start":{"line":776,"column":28},"end":{"line":776,"column":34}},"333":{"start":{"line":778,"column":28},"end":{"line":781,"column":30}},"334":{"start":{"line":782,"column":28},"end":{"line":782,"column":94}},"335":{"start":{"line":783,"column":28},"end":{"line":784,"column":87}},"336":{"start":{"line":785,"column":28},"end":{"line":785,"column":34}},"337":{"start":{"line":787,"column":28},"end":{"line":790,"column":30}},"338":{"start":{"line":791,"column":28},"end":{"line":791,"column":94}},"339":{"start":{"line":792,"column":28},"end":{"line":793,"column":88}},"340":{"start":{"line":795,"column":24},"end":{"line":795,"column":33}},"341":{"start":{"line":796,"column":24},"end":{"line":796,"column":30}},"342":{"start":{"line":799,"column":24},"end":{"line":799,"column":61}},"343":{"start":{"line":801,"column":24},"end":{"line":801,"column":84}},"344":{"start":{"line":805,"column":12},"end":{"line":805,"column":45}},"345":{"start":{"line":808,"column":8},"end":{"line":900,"column":10}},"346":{"start":{"line":812,"column":12},"end":{"line":812,"column":38}},"347":{"start":{"line":813,"column":12},"end":{"line":813,"column":25}},"348":{"start":{"line":814,"column":12},"end":{"line":898,"column":14}},"349":{"start":{"line":815,"column":16},"end":{"line":897,"column":28}},"350":{"start":{"line":816,"column":20},"end":{"line":818,"column":39}},"351":{"start":{"line":819,"column":20},"end":{"line":896,"column":21}},"352":{"start":{"line":822,"column":24},"end":{"line":822,"column":48}},"353":{"start":{"line":823,"column":24},"end":{"line":823,"column":77}},"354":{"start":{"line":824,"column":24},"end":{"line":824,"column":53}},"355":{"start":{"line":826,"column":24},"end":{"line":826,"column":44}},"356":{"start":{"line":827,"column":24},"end":{"line":827,"column":58}},"357":{"start":{"line":829,"column":24},"end":{"line":834,"column":35}},"358":{"start":{"line":835,"column":24},"end":{"line":835,"column":30}},"359":{"start":{"line":837,"column":24},"end":{"line":837,"column":65}},"360":{"start":{"line":838,"column":24},"end":{"line":838,"column":67}},"361":{"start":{"line":840,"column":24},"end":{"line":850,"column":35}},"362":{"start":{"line":851,"column":24},"end":{"line":851,"column":30}},"363":{"start":{"line":854,"column":24},"end":{"line":854,"column":69}},"364":{"start":{"line":855,"column":24},"end":{"line":858,"column":26}},"365":{"start":{"line":859,"column":24},"end":{"line":862,"column":26}},"366":{"start":{"line":863,"column":24},"end":{"line":866,"column":26}},"367":{"start":{"line":867,"column":24},"end":{"line":867,"column":83}},"368":{"start":{"line":868,"column":24},"end":{"line":868,"column":92}},"369":{"start":{"line":869,"column":24},"end":{"line":869,"column":85}},"370":{"start":{"line":870,"column":24},"end":{"line":870,"column":90}},"371":{"start":{"line":871,"column":24},"end":{"line":872,"column":83}},"372":{"start":{"line":874,"column":24},"end":{"line":876,"column":45}},"373":{"start":{"line":877,"column":24},"end":{"line":877,"column":30}},"374":{"start":{"line":880,"column":24},"end":{"line":880,"column":48}},"375":{"start":{"line":881,"column":24},"end":{"line":884,"column":26}},"376":{"start":{"line":885,"column":24},"end":{"line":888,"column":26}},"377":{"start":{"line":889,"column":24},"end":{"line":889,"column":33}},"378":{"start":{"line":890,"column":24},"end":{"line":890,"column":30}},"379":{"start":{"line":893,"column":24},"end":{"line":893,"column":61}},"380":{"start":{"line":895,"column":24},"end":{"line":895,"column":83}},"381":{"start":{"line":899,"column":12},"end":{"line":899,"column":45}},"382":{"start":{"line":902,"column":8},"end":{"line":972,"column":10}},"383":{"start":{"line":906,"column":12},"end":{"line":906,"column":45}},"384":{"start":{"line":907,"column":12},"end":{"line":907,"column":60}},"385":{"start":{"line":908,"column":12},"end":{"line":908,"column":36}},"386":{"start":{"line":910,"column":12},"end":{"line":910,"column":25}},"387":{"start":{"line":911,"column":12},"end":{"line":911,"column":41}},"388":{"start":{"line":912,"column":12},"end":{"line":912,"column":38}},"389":{"start":{"line":914,"column":12},"end":{"line":914,"column":39}},"390":{"start":{"line":916,"column":12},"end":{"line":932,"column":15}},"391":{"start":{"line":921,"column":16},"end":{"line":921,"column":63}},"392":{"start":{"line":922,"column":16},"end":{"line":922,"column":69}},"393":{"start":{"line":923,"column":16},"end":{"line":923,"column":54}},"394":{"start":{"line":924,"column":16},"end":{"line":924,"column":40}},"395":{"start":{"line":925,"column":16},"end":{"line":931,"column":19}},"396":{"start":{"line":926,"column":20},"end":{"line":930,"column":35}},"397":{"start":{"line":928,"column":24},"end":{"line":928,"column":60}},"398":{"start":{"line":929,"column":24},"end":{"line":929,"column":37}},"399":{"start":{"line":934,"column":12},"end":{"line":945,"column":15}},"400":{"start":{"line":937,"column":16},"end":{"line":937,"column":40}},"401":{"start":{"line":938,"column":16},"end":{"line":944,"column":19}},"402":{"start":{"line":939,"column":20},"end":{"line":943,"column":35}},"403":{"start":{"line":941,"column":24},"end":{"line":941,"column":60}},"404":{"start":{"line":942,"column":24},"end":{"line":942,"column":37}},"405":{"start":{"line":947,"column":12},"end":{"line":970,"column":15}},"406":{"start":{"line":958,"column":16},"end":{"line":969,"column":17}},"407":{"start":{"line":959,"column":20},"end":{"line":959,"column":44}},"408":{"start":{"line":960,"column":20},"end":{"line":968,"column":23}},"409":{"start":{"line":963,"column":24},"end":{"line":967,"column":39}},"410":{"start":{"line":965,"column":28},"end":{"line":965,"column":64}},"411":{"start":{"line":966,"column":28},"end":{"line":966,"column":41}},"412":{"start":{"line":971,"column":12},"end":{"line":971,"column":25}},"413":{"start":{"line":974,"column":8},"end":{"line":1023,"column":10}},"414":{"start":{"line":978,"column":12},"end":{"line":978,"column":22}},"415":{"start":{"line":980,"column":12},"end":{"line":980,"column":40}},"416":{"start":{"line":981,"column":12},"end":{"line":994,"column":15}},"417":{"start":{"line":990,"column":16},"end":{"line":992,"column":32}},"418":{"start":{"line":993,"column":16},"end":{"line":993,"column":59}},"419":{"start":{"line":996,"column":12},"end":{"line":1016,"column":15}},"420":{"start":{"line":1005,"column":16},"end":{"line":1013,"column":17}},"421":{"start":{"line":1006,"column":20},"end":{"line":1006,"column":33}},"422":{"start":{"line":1007,"column":20},"end":{"line":1009,"column":36}},"423":{"start":{"line":1010,"column":20},"end":{"line":1010,"column":63}},"424":{"start":{"line":1012,"column":20},"end":{"line":1012,"column":40}},"425":{"start":{"line":1015,"column":16},"end":{"line":1015,"column":52}},"426":{"start":{"line":1018,"column":12},"end":{"line":1021,"column":15}},"427":{"start":{"line":1022,"column":12},"end":{"line":1022,"column":22}},"428":{"start":{"line":1025,"column":8},"end":{"line":1066,"column":10}},"429":{"start":{"line":1029,"column":12},"end":{"line":1029,"column":28}},"430":{"start":{"line":1030,"column":12},"end":{"line":1033,"column":14}},"431":{"start":{"line":1034,"column":12},"end":{"line":1064,"column":15}},"432":{"start":{"line":1057,"column":16},"end":{"line":1057,"column":68}},"433":{"start":{"line":1058,"column":16},"end":{"line":1058,"column":57}},"434":{"start":{"line":1060,"column":16},"end":{"line":1060,"column":91}},"435":{"start":{"line":1061,"column":16},"end":{"line":1061,"column":79}},"436":{"start":{"line":1062,"column":16},"end":{"line":1062,"column":91}},"437":{"start":{"line":1063,"column":16},"end":{"line":1063,"column":91}},"438":{"start":{"line":1065,"column":12},"end":{"line":1065,"column":22}},"439":{"start":{"line":1068,"column":8},"end":{"line":1120,"column":10}},"440":{"start":{"line":1072,"column":12},"end":{"line":1072,"column":35}},"441":{"start":{"line":1073,"column":12},"end":{"line":1076,"column":14}},"442":{"start":{"line":1077,"column":12},"end":{"line":1118,"column":15}},"443":{"start":{"line":1103,"column":16},"end":{"line":1115,"column":17}},"444":{"start":{"line":1104,"column":20},"end":{"line":1104,"column":33}},"445":{"start":{"line":1105,"column":20},"end":{"line":1105,"column":72}},"446":{"start":{"line":1106,"column":20},"end":{"line":1106,"column":61}},"447":{"start":{"line":1107,"column":20},"end":{"line":1112,"column":23}},"448":{"start":{"line":1114,"column":20},"end":{"line":1114,"column":40}},"449":{"start":{"line":1117,"column":16},"end":{"line":1117,"column":52}},"450":{"start":{"line":1119,"column":12},"end":{"line":1119,"column":22}},"451":{"start":{"line":1122,"column":8},"end":{"line":1144,"column":10}},"452":{"start":{"line":1126,"column":12},"end":{"line":1126,"column":22}},"453":{"start":{"line":1128,"column":12},"end":{"line":1128,"column":40}},"454":{"start":{"line":1129,"column":12},"end":{"line":1143,"column":24}},"455":{"start":{"line":1133,"column":16},"end":{"line":1141,"column":19}},"456":{"start":{"line":1134,"column":20},"end":{"line":1138,"column":21}},"457":{"start":{"line":1135,"column":24},"end":{"line":1135,"column":62}},"458":{"start":{"line":1137,"column":24},"end":{"line":1137,"column":44}},"459":{"start":{"line":1140,"column":20},"end":{"line":1140,"column":56}},"460":{"start":{"line":1142,"column":16},"end":{"line":1142,"column":26}},"461":{"start":{"line":1146,"column":4},"end":{"line":1231,"column":5}},"462":{"start":{"line":1153,"column":8},"end":{"line":1198,"column":10}},"463":{"start":{"line":1157,"column":12},"end":{"line":1157,"column":33}},"464":{"start":{"line":1158,"column":12},"end":{"line":1158,"column":25}},"465":{"start":{"line":1159,"column":12},"end":{"line":1196,"column":14}},"466":{"start":{"line":1160,"column":16},"end":{"line":1162,"column":35}},"467":{"start":{"line":1163,"column":16},"end":{"line":1195,"column":17}},"468":{"start":{"line":1166,"column":20},"end":{"line":1170,"column":31}},"469":{"start":{"line":1171,"column":20},"end":{"line":1171,"column":26}},"470":{"start":{"line":1173,"column":20},"end":{"line":1179,"column":31}},"471":{"start":{"line":1180,"column":20},"end":{"line":1180,"column":26}},"472":{"start":{"line":1182,"column":20},"end":{"line":1191,"column":31}},"473":{"start":{"line":1192,"column":20},"end":{"line":1192,"column":26}},"474":{"start":{"line":1194,"column":20},"end":{"line":1194,"column":35}},"475":{"start":{"line":1197,"column":12},"end":{"line":1197,"column":45}},"476":{"start":{"line":1200,"column":8},"end":{"line":1216,"column":10}},"477":{"start":{"line":1204,"column":12},"end":{"line":1204,"column":27}},"478":{"start":{"line":1206,"column":12},"end":{"line":1206,"column":40}},"479":{"start":{"line":1207,"column":12},"end":{"line":1207,"column":60}},"480":{"start":{"line":1208,"column":12},"end":{"line":1208,"column":36}},"481":{"start":{"line":1210,"column":12},"end":{"line":1210,"column":36}},"482":{"start":{"line":1211,"column":12},"end":{"line":1214,"column":31}},"483":{"start":{"line":1215,"column":12},"end":{"line":1215,"column":25}},"484":{"start":{"line":1218,"column":8},"end":{"line":1229,"column":10}},"485":{"start":{"line":1223,"column":12},"end":{"line":1223,"column":40}},"486":{"start":{"line":1224,"column":12},"end":{"line":1228,"column":24}},"487":{"start":{"line":1230,"column":8},"end":{"line":1230,"column":14}},"488":{"start":{"line":1232,"column":4},"end":{"line":1437,"column":5}},"489":{"start":{"line":1239,"column":8},"end":{"line":1239,"column":44}},"490":{"start":{"line":1240,"column":8},"end":{"line":1248,"column":11}},"491":{"start":{"line":1243,"column":16},"end":{"line":1243,"column":68}},"492":{"start":{"line":1244,"column":16},"end":{"line":1244,"column":41}},"493":{"start":{"line":1250,"column":8},"end":{"line":1250,"column":32}},"494":{"start":{"line":1251,"column":8},"end":{"line":1251,"column":46}},"495":{"start":{"line":1253,"column":8},"end":{"line":1253,"column":38}},"496":{"start":{"line":1254,"column":8},"end":{"line":1254,"column":14}},"497":{"start":{"line":1261,"column":8},"end":{"line":1261,"column":33}},"498":{"start":{"line":1263,"column":8},"end":{"line":1398,"column":11}},"499":{"start":{"line":1400,"column":8},"end":{"line":1411,"column":11}},"500":{"start":{"line":1401,"column":12},"end":{"line":1410,"column":13}},"501":{"start":{"line":1403,"column":16},"end":{"line":1403,"column":68}},"502":{"start":{"line":1404,"column":16},"end":{"line":1404,"column":22}},"503":{"start":{"line":1406,"column":16},"end":{"line":1406,"column":57}},"504":{"start":{"line":1407,"column":16},"end":{"line":1407,"column":22}},"505":{"start":{"line":1409,"column":16},"end":{"line":1409,"column":33}},"506":{"start":{"line":1413,"column":8},"end":{"line":1413,"column":91}},"507":{"start":{"line":1414,"column":8},"end":{"line":1414,"column":85}},"508":{"start":{"line":1415,"column":8},"end":{"line":1415,"column":86}},"509":{"start":{"line":1417,"column":8},"end":{"line":1433,"column":11}},"510":{"start":{"line":1420,"column":12},"end":{"line":1432,"column":15}},"511":{"start":{"line":1421,"column":16},"end":{"line":1421,"column":40}},"512":{"start":{"line":1423,"column":16},"end":{"line":1423,"column":59}},"513":{"start":{"line":1424,"column":16},"end":{"line":1431,"column":17}},"514":{"start":{"line":1428,"column":20},"end":{"line":1429,"column":83}},"515":{"start":{"line":1430,"column":20},"end":{"line":1430,"column":26}},"516":{"start":{"line":1435,"column":8},"end":{"line":1435,"column":35}},"517":{"start":{"line":1436,"column":8},"end":{"line":1436,"column":14}},"518":{"start":{"line":1440,"column":4},"end":{"line":1440,"column":14}},"519":{"start":{"line":1445,"column":4},"end":{"line":1498,"column":9}},"520":{"start":{"line":1447,"column":8},"end":{"line":1447,"column":19}},"521":{"start":{"line":1449,"column":8},"end":{"line":1460,"column":13}},"522":{"start":{"line":1450,"column":12},"end":{"line":1459,"column":13}},"523":{"start":{"line":1451,"column":16},"end":{"line":1454,"column":27}},"524":{"start":{"line":1456,"column":16},"end":{"line":1458,"column":30}},"525":{"start":{"line":1461,"column":8},"end":{"line":1497,"column":9}},"526":{"start":{"line":1464,"column":12},"end":{"line":1464,"column":33}},"527":{"start":{"line":1465,"column":12},"end":{"line":1465,"column":18}},"528":{"start":{"line":1468,"column":12},"end":{"line":1495,"column":15}},"529":{"start":{"line":1473,"column":16},"end":{"line":1476,"column":17}},"530":{"start":{"line":1474,"column":20},"end":{"line":1474,"column":63}},"531":{"start":{"line":1475,"column":20},"end":{"line":1475,"column":27}},"532":{"start":{"line":1477,"column":16},"end":{"line":1493,"column":18}},"533":{"start":{"line":1483,"column":28},"end":{"line":1483,"column":63}},"534":{"start":{"line":1494,"column":16},"end":{"line":1494,"column":59}},"535":{"start":{"line":1496,"column":12},"end":{"line":1496,"column":18}},"536":{"start":{"line":1499,"column":4},"end":{"line":1499,"column":17}}},"branchMap":{"1":{"line":56,"type":"if","locations":[{"start":{"line":56,"column":12},"end":{"line":56,"column":12}},{"start":{"line":56,"column":12},"end":{"line":56,"column":12}}]},"2":{"line":96,"type":"if","locations":[{"start":{"line":96,"column":16},"end":{"line":96,"column":16}},{"start":{"line":96,"column":16},"end":{"line":96,"column":16}}]},"3":{"line":106,"type":"cond-expr","locations":[{"start":{"line":107,"column":26},"end":{"line":107,"column":34}},{"start":{"line":108,"column":26},"end":{"line":108,"column":38}}]},"4":{"line":109,"type":"switch","locations":[{"start":{"line":110,"column":20},"end":{"line":130,"column":30}},{"start":{"line":131,"column":20},"end":{"line":162,"column":30}},{"start":{"line":163,"column":20},"end":{"line":171,"column":30}},{"start":{"line":172,"column":20},"end":{"line":176,"column":88}}]},"5":{"line":120,"type":"binary-expr","locations":[{"start":{"line":120,"column":38},"end":{"line":120,"column":49}},{"start":{"line":120,"column":53},"end":{"line":120,"column":60}}]},"6":{"line":123,"type":"if","locations":[{"start":{"line":123,"column":24},"end":{"line":123,"column":24}},{"start":{"line":123,"column":24},"end":{"line":123,"column":24}}]},"7":{"line":135,"type":"switch","locations":[{"start":{"line":136,"column":24},"end":{"line":145,"column":34}}]},"8":{"line":137,"type":"if","locations":[{"start":{"line":137,"column":28},"end":{"line":137,"column":28}},{"start":{"line":137,"column":28},"end":{"line":137,"column":28}}]},"9":{"line":180,"type":"binary-expr","locations":[{"start":{"line":180,"column":19},"end":{"line":180,"column":26}},{"start":{"line":180,"column":30},"end":{"line":180,"column":43}}]},"10":{"line":188,"type":"if","locations":[{"start":{"line":188,"column":12},"end":{"line":188,"column":12}},{"start":{"line":188,"column":12},"end":{"line":188,"column":12}}]},"11":{"line":231,"type":"if","locations":[{"start":{"line":231,"column":16},"end":{"line":231,"column":16}},{"start":{"line":231,"column":16},"end":{"line":231,"column":16}}]},"12":{"line":242,"type":"switch","locations":[{"start":{"line":243,"column":20},"end":{"line":265,"column":30}},{"start":{"line":266,"column":20},"end":{"line":274,"column":30}},{"start":{"line":275,"column":20},"end":{"line":313,"column":30}},{"start":{"line":314,"column":20},"end":{"line":350,"column":30}},{"start":{"line":351,"column":20},"end":{"line":364,"column":30}},{"start":{"line":365,"column":20},"end":{"line":373,"column":84}}]},"13":{"line":254,"type":"binary-expr","locations":[{"start":{"line":254,"column":38},"end":{"line":254,"column":49}},{"start":{"line":254,"column":53},"end":{"line":254,"column":60}}]},"14":{"line":257,"type":"if","locations":[{"start":{"line":257,"column":24},"end":{"line":257,"column":24}},{"start":{"line":257,"column":24},"end":{"line":257,"column":24}}]},"15":{"line":276,"type":"switch","locations":[{"start":{"line":277,"column":24},"end":{"line":277,"column":46}},{"start":{"line":278,"column":24},"end":{"line":286,"column":34}},{"start":{"line":287,"column":24},"end":{"line":289,"column":65}}]},"16":{"line":279,"type":"if","locations":[{"start":{"line":279,"column":28},"end":{"line":279,"column":28}},{"start":{"line":279,"column":28},"end":{"line":279,"column":28}}]},"17":{"line":297,"type":"switch","locations":[{"start":{"line":298,"column":24},"end":{"line":303,"column":34}},{"start":{"line":304,"column":24},"end":{"line":307,"column":87}}]},"18":{"line":329,"type":"switch","locations":[{"start":{"line":330,"column":24},"end":{"line":335,"column":34}},{"start":{"line":336,"column":24},"end":{"line":339,"column":87}}]},"19":{"line":341,"type":"switch","locations":[{"start":{"line":342,"column":24},"end":{"line":346,"column":34}},{"start":{"line":347,"column":24},"end":{"line":348,"column":37}}]},"20":{"line":352,"type":"switch","locations":[{"start":{"line":353,"column":24},"end":{"line":358,"column":35}},{"start":{"line":359,"column":24},"end":{"line":361,"column":65}}]},"21":{"line":366,"type":"if","locations":[{"start":{"line":366,"column":24},"end":{"line":366,"column":24}},{"start":{"line":366,"column":24},"end":{"line":366,"column":24}}]},"22":{"line":377,"type":"binary-expr","locations":[{"start":{"line":377,"column":19},"end":{"line":377,"column":26}},{"start":{"line":377,"column":30},"end":{"line":377,"column":43}}]},"23":{"line":424,"type":"if","locations":[{"start":{"line":424,"column":12},"end":{"line":424,"column":12}},{"start":{"line":424,"column":12},"end":{"line":424,"column":12}}]},"24":{"line":456,"type":"if","locations":[{"start":{"line":456,"column":16},"end":{"line":456,"column":16}},{"start":{"line":456,"column":16},"end":{"line":456,"column":16}}]},"25":{"line":466,"type":"cond-expr","locations":[{"start":{"line":467,"column":26},"end":{"line":467,"column":34}},{"start":{"line":468,"column":26},"end":{"line":468,"column":38}}]},"26":{"line":469,"type":"switch","locations":[{"start":{"line":470,"column":20},"end":{"line":491,"column":30}},{"start":{"line":492,"column":20},"end":{"line":498,"column":30}},{"start":{"line":499,"column":20},"end":{"line":513,"column":30}},{"start":{"line":514,"column":20},"end":{"line":518,"column":84}}]},"27":{"line":477,"type":"binary-expr","locations":[{"start":{"line":477,"column":38},"end":{"line":477,"column":49}},{"start":{"line":477,"column":53},"end":{"line":477,"column":60}}]},"28":{"line":480,"type":"if","locations":[{"start":{"line":480,"column":24},"end":{"line":480,"column":24}},{"start":{"line":480,"column":24},"end":{"line":480,"column":24}}]},"29":{"line":502,"type":"switch","locations":[{"start":{"line":503,"column":24},"end":{"line":503,"column":49}},{"start":{"line":504,"column":24},"end":{"line":504,"column":66}},{"start":{"line":505,"column":24},"end":{"line":507,"column":34}},{"start":{"line":508,"column":24},"end":{"line":509,"column":82}}]},"30":{"line":522,"type":"binary-expr","locations":[{"start":{"line":522,"column":19},"end":{"line":522,"column":26}},{"start":{"line":522,"column":30},"end":{"line":522,"column":43}}]},"31":{"line":533,"type":"cond-expr","locations":[{"start":{"line":534,"column":26},"end":{"line":534,"column":34}},{"start":{"line":535,"column":26},"end":{"line":535,"column":38}}]},"32":{"line":536,"type":"switch","locations":[{"start":{"line":537,"column":20},"end":{"line":559,"column":30}},{"start":{"line":560,"column":20},"end":{"line":566,"column":30}},{"start":{"line":567,"column":20},"end":{"line":572,"column":30}},{"start":{"line":573,"column":20},"end":{"line":574,"column":39}}]},"33":{"line":539,"type":"binary-expr","locations":[{"start":{"line":539,"column":34},"end":{"line":539,"column":41}},{"start":{"line":539,"column":45},"end":{"line":539,"column":47}}]},"34":{"line":540,"type":"binary-expr","locations":[{"start":{"line":540,"column":37},"end":{"line":540,"column":47}},{"start":{"line":540,"column":51},"end":{"line":540,"column":76}}]},"35":{"line":543,"type":"binary-expr","locations":[{"start":{"line":543,"column":38},"end":{"line":543,"column":49}},{"start":{"line":543,"column":53},"end":{"line":543,"column":60}}]},"36":{"line":546,"type":"binary-expr","locations":[{"start":{"line":546,"column":40},"end":{"line":546,"column":53}},{"start":{"line":546,"column":57},"end":{"line":546,"column":87}}]},"37":{"line":547,"type":"if","locations":[{"start":{"line":547,"column":24},"end":{"line":547,"column":24}},{"start":{"line":547,"column":24},"end":{"line":547,"column":24}}]},"38":{"line":578,"type":"binary-expr","locations":[{"start":{"line":578,"column":19},"end":{"line":578,"column":26}},{"start":{"line":578,"column":30},"end":{"line":578,"column":43}}]},"39":{"line":589,"type":"cond-expr","locations":[{"start":{"line":590,"column":26},"end":{"line":590,"column":34}},{"start":{"line":591,"column":26},"end":{"line":591,"column":38}}]},"40":{"line":592,"type":"switch","locations":[{"start":{"line":593,"column":20},"end":{"line":605,"column":30}},{"start":{"line":606,"column":20},"end":{"line":611,"column":30}},{"start":{"line":612,"column":20},"end":{"line":616,"column":30}},{"start":{"line":617,"column":20},"end":{"line":618,"column":39}}]},"41":{"line":595,"type":"binary-expr","locations":[{"start":{"line":595,"column":34},"end":{"line":595,"column":41}},{"start":{"line":595,"column":45},"end":{"line":595,"column":47}}]},"42":{"line":596,"type":"binary-expr","locations":[{"start":{"line":596,"column":37},"end":{"line":596,"column":47}},{"start":{"line":596,"column":51},"end":{"line":596,"column":76}}]},"43":{"line":599,"type":"binary-expr","locations":[{"start":{"line":599,"column":38},"end":{"line":599,"column":49}},{"start":{"line":599,"column":53},"end":{"line":599,"column":60}}]},"44":{"line":622,"type":"binary-expr","locations":[{"start":{"line":622,"column":19},"end":{"line":622,"column":26}},{"start":{"line":622,"column":30},"end":{"line":622,"column":43}}]},"45":{"line":630,"type":"if","locations":[{"start":{"line":630,"column":12},"end":{"line":630,"column":12}},{"start":{"line":630,"column":12},"end":{"line":630,"column":12}}]},"46":{"line":670,"type":"if","locations":[{"start":{"line":670,"column":16},"end":{"line":670,"column":16}},{"start":{"line":670,"column":16},"end":{"line":670,"column":16}}]},"47":{"line":680,"type":"cond-expr","locations":[{"start":{"line":681,"column":26},"end":{"line":681,"column":34}},{"start":{"line":682,"column":26},"end":{"line":682,"column":38}}]},"48":{"line":683,"type":"switch","locations":[{"start":{"line":684,"column":20},"end":{"line":706,"column":30}},{"start":{"line":707,"column":20},"end":{"line":713,"column":30}},{"start":{"line":714,"column":20},"end":{"line":756,"column":30}},{"start":{"line":757,"column":20},"end":{"line":796,"column":30}},{"start":{"line":797,"column":20},"end":{"line":801,"column":84}}]},"49":{"line":692,"type":"binary-expr","locations":[{"start":{"line":692,"column":38},"end":{"line":692,"column":49}},{"start":{"line":692,"column":53},"end":{"line":692,"column":60}}]},"50":{"line":695,"type":"if","locations":[{"start":{"line":695,"column":24},"end":{"line":695,"column":24}},{"start":{"line":695,"column":24},"end":{"line":695,"column":24}}]},"51":{"line":723,"type":"switch","locations":[{"start":{"line":724,"column":24},"end":{"line":733,"column":34}},{"start":{"line":734,"column":24},"end":{"line":742,"column":34}},{"start":{"line":743,"column":24},"end":{"line":750,"column":88}}]},"52":{"line":766,"type":"switch","locations":[{"start":{"line":767,"column":24},"end":{"line":776,"column":34}},{"start":{"line":777,"column":24},"end":{"line":785,"column":34}},{"start":{"line":786,"column":24},"end":{"line":793,"column":88}}]},"53":{"line":805,"type":"binary-expr","locations":[{"start":{"line":805,"column":19},"end":{"line":805,"column":26}},{"start":{"line":805,"column":30},"end":{"line":805,"column":43}}]},"54":{"line":816,"type":"cond-expr","locations":[{"start":{"line":817,"column":26},"end":{"line":817,"column":34}},{"start":{"line":818,"column":26},"end":{"line":818,"column":38}}]},"55":{"line":819,"type":"switch","locations":[{"start":{"line":820,"column":20},"end":{"line":835,"column":30}},{"start":{"line":836,"column":20},"end":{"line":851,"column":30}},{"start":{"line":852,"column":20},"end":{"line":877,"column":30}},{"start":{"line":878,"column":20},"end":{"line":890,"column":30}},{"start":{"line":891,"column":20},"end":{"line":895,"column":83}}]},"56":{"line":822,"type":"binary-expr","locations":[{"start":{"line":822,"column":34},"end":{"line":822,"column":41}},{"start":{"line":822,"column":45},"end":{"line":822,"column":47}}]},"57":{"line":823,"type":"binary-expr","locations":[{"start":{"line":823,"column":37},"end":{"line":823,"column":47}},{"start":{"line":823,"column":51},"end":{"line":823,"column":76}}]},"58":{"line":899,"type":"binary-expr","locations":[{"start":{"line":899,"column":19},"end":{"line":899,"column":26}},{"start":{"line":899,"column":30},"end":{"line":899,"column":43}}]},"59":{"line":958,"type":"if","locations":[{"start":{"line":958,"column":16},"end":{"line":958,"column":16}},{"start":{"line":958,"column":16},"end":{"line":958,"column":16}}]},"60":{"line":1046,"type":"cond-expr","locations":[{"start":{"line":1047,"column":22},"end":{"line":1047,"column":74}},{"start":{"line":1048,"column":22},"end":{"line":1048,"column":86}}]},"61":{"line":1060,"type":"binary-expr","locations":[{"start":{"line":1060,"column":46},"end":{"line":1060,"column":73}},{"start":{"line":1060,"column":77},"end":{"line":1060,"column":90}}]},"62":{"line":1061,"type":"binary-expr","locations":[{"start":{"line":1061,"column":41},"end":{"line":1061,"column":63}},{"start":{"line":1061,"column":67},"end":{"line":1061,"column":78}}]},"63":{"line":1062,"type":"binary-expr","locations":[{"start":{"line":1062,"column":47},"end":{"line":1062,"column":75}},{"start":{"line":1062,"column":79},"end":{"line":1062,"column":90}}]},"64":{"line":1108,"type":"cond-expr","locations":[{"start":{"line":1109,"column":30},"end":{"line":1109,"column":34}},{"start":{"line":1110,"column":30},"end":{"line":1110,"column":41}}]},"65":{"line":1146,"type":"switch","locations":[{"start":{"line":1151,"column":4},"end":{"line":1230,"column":14}}]},"66":{"line":1160,"type":"cond-expr","locations":[{"start":{"line":1161,"column":22},"end":{"line":1161,"column":30}},{"start":{"line":1162,"column":22},"end":{"line":1162,"column":34}}]},"67":{"line":1163,"type":"switch","locations":[{"start":{"line":1164,"column":16},"end":{"line":1171,"column":26}},{"start":{"line":1172,"column":16},"end":{"line":1180,"column":26}},{"start":{"line":1181,"column":16},"end":{"line":1192,"column":26}},{"start":{"line":1193,"column":16},"end":{"line":1194,"column":35}}]},"68":{"line":1197,"type":"binary-expr","locations":[{"start":{"line":1197,"column":19},"end":{"line":1197,"column":26}},{"start":{"line":1197,"column":30},"end":{"line":1197,"column":43}}]},"69":{"line":1232,"type":"switch","locations":[{"start":{"line":1237,"column":4},"end":{"line":1254,"column":14}},{"start":{"line":1259,"column":4},"end":{"line":1436,"column":14}}]},"70":{"line":1401,"type":"switch","locations":[{"start":{"line":1402,"column":12},"end":{"line":1404,"column":22}},{"start":{"line":1405,"column":12},"end":{"line":1407,"column":22}},{"start":{"line":1408,"column":12},"end":{"line":1409,"column":33}}]},"71":{"line":1424,"type":"switch","locations":[{"start":{"line":1425,"column":16},"end":{"line":1425,"column":27}},{"start":{"line":1426,"column":16},"end":{"line":1430,"column":26}}]},"72":{"line":1451,"type":"binary-expr","locations":[{"start":{"line":1451,"column":23},"end":{"line":1451,"column":37}},{"start":{"line":1452,"column":20},"end":{"line":1452,"column":61}},{"start":{"line":1453,"column":20},"end":{"line":1453,"column":70}},{"start":{"line":1454,"column":20},"end":{"line":1454,"column":26}}]},"73":{"line":1456,"type":"binary-expr","locations":[{"start":{"line":1456,"column":23},"end":{"line":1456,"column":62}},{"start":{"line":1457,"column":20},"end":{"line":1457,"column":70}},{"start":{"line":1458,"column":20},"end":{"line":1458,"column":29}}]},"74":{"line":1461,"type":"switch","locations":[{"start":{"line":1463,"column":8},"end":{"line":1465,"column":18}},{"start":{"line":1467,"column":8},"end":{"line":1496,"column":18}}]},"75":{"line":1473,"type":"if","locations":[{"start":{"line":1473,"column":16},"end":{"line":1473,"column":16}},{"start":{"line":1473,"column":16},"end":{"line":1473,"column":16}}]}},"code":["/*jslint","    browser: true,","    maxerr: 8,","    maxlen: 96,","    node: true,","    nomen: true,","    regexp: true,","    stupid: true","*/","(function (local) {","    'use strict';","","","","    // run shared js-env code","    (function () {","        local.optionsId = function (options) {","            /*","             * this function will init petstore id's","             */","            return local.utility2.objectSetDefault(options, {","                name: options.id,","                orderId: options.id,","                petId: options.id,","                photoUrls: [options.id],","                status: options.id,","                tags: [{ id: options.id, name: options.id }],","                username: options.id","            });","        };","","        // init tests","        local.testCase_ajax_404 = function (options, onError) {","            /*","             * this function will test ajax's \"404 not found\" handling-behavior","             */","            // jslint-hack","            local.utility2.nop(options);","            // test '/_test/undefined'","            local.utility2.ajax({ url: '/_test/undefined' }, function (error) {","                local.utility2.testTryCatch(function () {","                    // validate error occurred","                    local.utility2.assert(error, error);","                    // validate 404 http statusCode","                    local.utility2.assert(error.statusCode === 404, error.statusCode);","                    onError();","                }, onError);","            });","        };","","        local.testCase_crudCreateMany_default = function (options, onError) {","            /*","             * this function will test crudCreateMany's default handling-behavior","             */","            var api, modeNext, onError2, onNext, onParallel;","            if (!options) {","                onParallel = local.utility2.onParallel(onError);","                onParallel.counter += 1;","                [","                    '',","                    'pet',","                    'store',","                    'user'","                ].forEach(function (api) {","                    // test create handling-behavior","                    [","                        'crudCreateMany',","                        'crudReplaceMany',","                        'createUsersWithArrayInput',","                        'createUsersWithListInput'","                    ].forEach(function (operationId) {","                        onParallel.counter += 1;","                        local.testCase_crudCreateMany_default({","                            api: api,","                            id: 'test_' + local.utility2.uuidTime(),","                            operationId: operationId","                        }, onParallel);","                    });","                    // test upsert handling-behavior","                    [","                        'crudReplaceMany'","                    ].forEach(function (operationId) {","                        onParallel.counter += 1;","                        local.testCase_crudCreateMany_default({","                            api: api,","                            id: 'test_' + local.utility2.uuidTime(),","                            operationId: operationId,","                            upsert: true","                        }, onParallel);","                    });","                });","                onParallel();","                return;","            }","            onError2 = function (error, data) {","                if (error) {","                    // update error.message","                    local.utility2.errorMessagePrepend(error, options.api + '.' +","                        options.operationId + ' - ');","                }","                onError(error, data);","            };","            modeNext = 0;","            onNext = function (error, data) {","                local.utility2.testTryCatch(function () {","                    modeNext = error","                        ? Infinity","                        : modeNext + 1;","                    switch (modeNext) {","                    case 1:","                        // init options","                        options.body = [","                            local.optionsId({ id: options.id + '0', propRequired: true }),","                            local.optionsId({ id: options.id + '1', propRequired: true }),","                            // test default id handling-behavior","                            local.optionsId({ propRequired: true })","                        ];","                        options.modeErrorData = true;","                        // init api","                        options.api = options.api || '_test';","                        api = local.swmg.api[options.api];","                        // if api does not have the operation, then skip testCase","                        if (!api[options.operationId]) {","                            onError2();","                            return;","                        }","                        // test crudCreateMany's default handling-behavior","                        data = local.utility2.jsonCopy(options);","                        api[options.operationId](data, options, onNext);","                        break;","                    case 2:","                        // validate object","                        data = data.obj.data;","                        local.utility2.assert(data.length === options.body.length, data.length);","                        switch (options.operationId) {","                        case 'crudReplaceMany':","                            if (!options.upsert) {","                                local.utility2.assert(data.every(function (element) {","                                    return !element;","                                }), data);","                                modeNext = Infinity;","                                onNext();","                                return;","                            }","                            break;","                        }","                        local.utility2.assert(data.every(function (element) {","                            return element;","                        }), data);","                        options.body = data;","                        // init query","                        options.query = JSON.stringify({ id: { $in: options.body.map(","                            function (element) {","                                return element.id;","                            }","                        ) } });","                        // validate object","                        api.crudGetByQueryMany({","                            limit: 8,","                            query: options.query","                        }, options, onNext);","                        break;","                    case 3:","                        // validate object","                        data = data.obj.data;","                        local.utility2.assert(data.length === options.body.length, data.length);","                        local.utility2.assert(data.every(function (element) {","                            return element;","                        }), data);","                        onNext();","                        break;","                    default:","                        // validate no error occurred","                        local.utility2.assert(!error, error);","                        // remove object by query","                        local.testCase_crudDeleteByQueryMany_default(options, onError2);","                    }","                }, onError2);","            };","            onNext(options && options.error);","        };","","        local.testCase_crudCreateXxx_default = function (options, onError) {","            /*","             * this function will test crudCreateXxx's default handling-behavior","             */","            var api, modeNext, onError2, onNext, onParallel;","            if (!options) {","                onParallel = local.utility2.onParallel(onError);","                onParallel.counter += 1;","                [","                    '',","                    'pet',","                    'store',","                    'user'","                ].forEach(function (api) {","                    // test create handling-behavior","                    [","                        'crudCreateOne',","                        'crudReplaceOne',","                        'crudUpdateOne',","                        'updatePet',","                        'updatePetWithForm',","                        'updateUser'","                    ].forEach(function (operationId) {","                        onParallel.counter += 1;","                        local.testCase_crudCreateXxx_default({","                            api: api,","                            id: 'test_' + local.utility2.uuidTime(),","                            operationId: operationId","                        }, onParallel);","                    });","                    // test upsert handling-behavior","                    [","                        'crudReplaceOne',","                        'crudUpdateOne'","                    ].forEach(function (operationId) {","                        onParallel.counter += 1;","                        local.testCase_crudCreateXxx_default({","                            api: api,","                            id: 'test_' + local.utility2.uuidTime(),","                            operationId: operationId,","                            upsert: true","                        }, onParallel);","                    });","                });","                onParallel();","                return;","            }","            onError2 = function (error, data) {","                if (error) {","                    // update error.message","                    local.utility2.errorMessagePrepend(error, options.api + '.' +","                        options.operationId + ' - ');","                }","                on
[...]
: '#/definitions/JsonapiResponse$$Dummy' }","                    }","                }","            } } }","        };","        // init assets","        local.utility2.cacheDict.assets['/assets/swagger-mongodb.js'] =","            local.utility2.istanbul_lite.instrumentInPackage(","                local.fs.readFileSync(__filename, 'utf8'),","                __filename,","                'swagger-mongodb'","            );","        local.utility2.cacheDict.assets['/assets/swagger-ui.html'] = local.fs","            .readFileSync(","                local.swagger_ui_lite.__dirname + '/swagger-ui.html',","                'utf8'","            )","            // swagger-hack - add extra assets","            .replace(","                \"<script src='swagger-ui.rollup.js' type='text/javascript'></script>\",","                \"<script src='swagger-ui.rollup.js' type='text/javascript'></script>\" +","                    '<script src=\"/assets/utility2.js\"></script>' +","                    '<script src=\"/assets/swagger-mongodb.js\"></script>'","            )","            // swagger-hack - update swagger.json url","            .replace(","                'http://petstore.swagger.io/v2/swagger.json',","                local.swmg.swaggerJson.basePath + '/swagger.json'","            );","        local.utility2.cacheDict.assets['/assets/swagger-ui.rollup.css'] = local.fs","            .readFileSync(","                local.swagger_ui_lite.__dirname + '/swagger-ui.rollup.css',","                'utf8'","            );","        local.utility2.cacheDict.assets['/assets/swagger-ui.rollup.js'] = local.fs","            .readFileSync(","                local.swagger_ui_lite.__dirname + '/swagger-ui.rollup.js',","                'utf8'","            )","            // swagger-hack - disable underscore-min.map","            .replace('//# sourceMappingURL=underscore-min.map', '')","            // swagger-hack - save swaggerJson","            .replace(","                'this.apis = {};',","                'this.apis = {}; this.swaggerJson = JSON.parse(JSON.stringify(response));'","            )","            // swagger-hack - disable missingParams validation handling","            .replace(","                'var missingParams = this.getMissingParams(args);',","                'var missingParams = [];'","            )","            // swagger-hack - add modeErroData and validation handling","            .replace('new SwaggerHttp().execute(obj, opts);', 'if (opts.modeErrorData) {' +","                    'var onError = success;' +","                    'error = function (error) {' +","                        'error = error.obj || error;' +","                        'error = error.data || error;' +","                        'try { error = JSON.parse(error) } catch (ignore) {}' +","                        'if (typeof error === \"string\") {' +","                            'error = { message: error };' +","                        '}' +","                        'onError(error);' +","                    '};' +","                    'success = function (data) { onError(null, data); };' +","                '}' +","                'try {' +","                    'if (window.swmg) {' +","                        'window.swmg.validateByParamDefList({' +","                            'data: window.swmg.normalizeParamDictSwagger(' +","                                'JSON.parse(JSON.stringify(args)),' +","                                'this' +","                            '),' +","                            'key: this.operation.operationId,' +","                            'paramDefList: this.parameters' +","                        '});' +","                    '}' +","                '} catch (errorCaught) {' +","                    'window.swmg.onErrorJsonapi(null, function (error) {' +","                        'console.error(error);' +","                        'obj.on.error({' +","                            'data: JSON.stringify(error),' +","                            'headers: { \"Content-Type\": \"application/json\" }' +","                        '});' +","                    '})(errorCaught);' +","                    'return;' +","                '}' +","                'new SwaggerHttp().execute(obj, opts);')","            // swagger-hack - handle json error","            .replace('new_err.status = res.status;', 'new_err.status = res.status;' +","                'if (res.body && res.body.message && res.body.stack) { err = res.body; }')","            // swagger-hack - disable online validation","            .replace(\"if ('validatorUrl' in opts.swaggerOptions) {\", \"if (true) {\");","        local.utility2.cacheDict.assets['/assets/swagger-ui.explorer_icons.png'] = local.fs","            .readFileSync(local.swagger_ui_lite.__dirname +","                '/swagger-ui.explorer_icons.png');","        local.utility2.cacheDict.assets['/assets/swagger-ui.logo_small.png'] = local.fs","            .readFileSync(local.swagger_ui_lite.__dirname +","                '/swagger-ui.logo_small.png');","        local.utility2.cacheDict.assets['/assets/swagger-ui.throbber.gif'] = local.fs","            .readFileSync(local.swagger_ui_lite.__dirname +","                '/swagger-ui.throbber.gif');","        // init SwaggerClient","        (function () {","            local.Handlebars = {","                registerHelper: local.utility2.nop,","                template: local.utility2.nop","            };","            local.XMLHttpRequest = function () {","                var self;","                self = this;","                self.headers = {};","            };","            local.XMLHttpRequest.prototype.onreadystatechange = local.utility2.nop;","            local.XMLHttpRequest.prototype.open = function (method, url) {","                this.method = method;","                this.url = url;","            };","            local.XMLHttpRequest.prototype.send = function (data) {","                var self;","                self = this;","                self.data = data;","                self.xhr = self;","                local.utility2.ajax(self, local.utility2.onErrorDefault);","            };","            local.XMLHttpRequest.prototype.setRequestHeader = function (key, value) {","                this.headers[key.toLowerCase()] = value;","            };","            local.$ = local.utility2.nop;","            local.console = console;","            local.clearTimeout = clearTimeout;","            local.location = {};","            local.setTimeout = setTimeout;","            local.window = local;","            local.vm.runInNewContext(","                local.utility2.cacheDict.assets['/assets/swagger-ui.rollup.js']","                    // swagger-hack - remove browser js-env code","                    .replace((/[\\S\\s]+?\\/underscore-min\\.js \\*\\//), function (match0) {","                        return match0.replace((/\\S+/g), '');","                    }),","                local,","                __dirname + '/swagger-ui.rollup.js'","            );","            local.swmg.SwaggerClient = local.SwaggerClient;","            local.swmg.SwaggerUi = local.SwaggerUi;","        }());","        // init api","        local.swmg.apiUpdate({});","        break;","    }","}((function () {","    'use strict';","    var local;","","","","    // run shared js-env code","    (function () {","        // init local","        local = {};","        // init js-env","        local.modeJs = (function () {","            try {","                return module.exports &&","                    typeof process.versions.node === 'string' &&","                    typeof require('http').createServer === 'function' &&","                    'node';","            } catch (errorCaughtNode) {","                return typeof navigator.userAgent === 'string' &&","                    typeof document.querySelector('body') === 'object' &&","                    'browser';","            }","        }());","        // init global","        local.global = local.modeJs === 'browser'","            ? window","            : global;","        // init utility2","        local.utility2 = local.modeJs === 'browser'","            ? window.utility2","            : require('utility2');","        // init swagger-mongodb","        local.swmg = { cacheDict: { collection: {}, methodPath: {} }, local: local };","/* jslint-indent-begin 8 */","/*jslint maxlen: 104*/","// init methodPathCrudDefault","local.swmg.cacheDict.methodPathCrudDefault = {","    crudAggregateMany: {","        _collectionName: '{{_collectionName}}',","        _crudApi: '{{_crudApi}}',","        _method: 'post',","        _path: '/{{_crudApi}}/crudAggregateMany',","        operationId: 'crudAggregateMany',","        parameters: [{","            description: 'mongodb aggregation array',","            in: 'body',","            name: 'body',","            required: true,","            schema: {","                items: { $ref: '#/definitions/MongodbAggregationPipeline' },","                type: 'array'","            }","        }],","        summary: 'aggregate many {{_schemaName}} objects',","        tags: ['{{_crudApi}}']","    },","    crudCountByQueryOne: {","        _collectionName: '{{_collectionName}}',","        _crudApi: '{{_crudApi}}',","        _method: 'get',","        _path: '/{{_crudApi}}/crudCountByQueryOne',","        operationId: 'crudCountByQueryOne',","        parameters: [{","            default: '{}',","            description: 'mongodb query param',","            format: 'json',","            in: 'query',","            name: 'query',","            type: 'string'","        }],","        summary: 'count many {{_schemaName}} objects by query',","        tags: ['{{_crudApi}}']","    },","    crudCreateMany: {","        _collectionName: '{{_collectionName}}',","        _crudApi: '{{_crudApi}}',","        _method: 'put',","        _path: '/{{_crudApi}}/crudCreateMany',","        operationId: 'crudCreateMany',","        parameters: [{","            description: '{{_schemaName}} object list',","            in: 'body',","            name: 'body',","            required: true,","            schema: { items: { $ref: '#/definitions/{{_schemaName}}' }, type: 'array' }","        }],","        summary: 'create many {{_schemaName}} objects in ordered list',","        tags: ['{{_crudApi}}']","    },","    crudCreateOne: {","        _collectionName: '{{_collectionName}}',","        _crudApi: '{{_crudApi}}',","        _method: 'post',","        _path: '/{{_crudApi}}/crudCreateOne',","        operationId: 'crudCreateOne',","        parameters: [{","            description: '{{_schemaName}} object',","            in: 'body',","            name: 'body',","            required: true,","            schema: { $ref: '#/definitions/{{_schemaName}}' }","        }],","        responses: {","            200: {","                description: '200 ok - http://jsonapi.org/format/#document-structure-top-level',","                schema: { $ref: '#/definitions/JsonapiResponse{{_schemaName}}' }","            }","        },","        summary: 'create one {{_schemaName}} object',","        tags: ['{{_crudApi}}']","    },","    crudDeleteByIdOne: {","        _collectionName: '{{_collectionName}}',","        _crudApi: '{{_crudApi}}',","        _method: 'delete',","        _path: '/{{_crudApi}}/crudDeleteByIdOne/{id}',","        operationId: 'crudDeleteByIdOne',","        parameters: [{","            description: '{{_schemaName}} id',","            in: 'path',","            name: 'id',","            required: true,","            type: 'string'","        }],","        summary: 'delete one {{_schemaName}} object by id',","        tags: ['{{_crudApi}}']","    },","    crudDeleteByQueryMany: {","        _collectionName: '{{_collectionName}}',","        _crudApi: '{{_crudApi}}',","        _method: 'delete',","        _path: '/{{_crudApi}}/crudDeleteByQueryMany',","        operationId: 'crudDeleteByQueryMany',","        parameters: [{","            default: '{\"_id\":{\"$in\":[\"id0\",\"id1\"]}}',","            description: 'mongodb query param',","            format: 'json',","            in: 'query',","            name: 'query',","            required: true,","            type: 'string'","        }],","        responses: {","            200: {","                description: '200 ok - http://jsonapi.org/format/#document-structure-top-level',","                schema: { $ref: '#/definitions/JsonapiResponse{{_schemaName}}' }","            }","        },","        summary: 'get many {{_schemaName}} objects by query',","        tags: ['{{_crudApi}}']","    },","    crudExistsByIdOne: {","        _collectionName: '{{_collectionName}}',","        _crudApi: '{{_crudApi}}',","        _method: 'get',","        _path: '/{{_crudApi}}/crudExistsByIdOne/{id}',","        operationId: 'crudExistsByIdOne',","        parameters: [{","            description: '{{_schemaName}} id',","            in: 'path',","            name: 'id',","            required: true,","            type: 'string'","        }],","        summary: 'check if one {{_schemaName}} object exists by id',","        tags: ['{{_crudApi}}']","    },","    crudGetByIdOne: {","        _collectionName: '{{_collectionName}}',","        _crudApi: '{{_crudApi}}',","        _method: 'get',","        _path: '/{{_crudApi}}/crudGetByIdOne/{id}',","        operationId: 'crudGetByIdOne',","        parameters: [{","            description: '{{_schemaName}} id',","            in: 'path',","            name: 'id',","            required: true,","            type: 'string'","        }],","        responses: {","            200: {","                description: '200 ok - http://jsonapi.org/format/#document-structure-top-level',","                schema: { $ref: '#/definitions/JsonapiResponse{{_schemaName}}' }","            }","        },","        summary: 'get one {{_schemaName}} object by id',","        tags: ['{{_crudApi}}']","    },","    crudGetByQueryMany: {","        _collectionName: '{{_collectionName}}',","        _crudApi: '{{_crudApi}}',","        _method: 'get',","        _path: '/{{_crudApi}}/crudGetByQueryMany',","        operationId: 'crudGetByQueryMany',","        parameters: [{","            default: '{}',","            description: 'mongodb query param',","            format: 'json',","            in: 'query',","            name: 'query',","            required: true,","            type: 'string'","        }, {","            default: '{}',","            description: 'mongodb fields param',","            format: 'json',","            in: 'query',","            name: 'fields',","            type: 'string'","        }, {","            default: '{}',","            description: 'mongodb cursor hint param',","            format: 'json',","            in: 'query',","            name: 'hint',","            type: 'string'","        }, {","            default: 10,","            description: 'mongodb cursor limit param',","            in: 'query',","            name: 'limit',","            required: true,","            type: 'integer'","        }, {","            default: 0,","            description: 'mongodb cursor skip param',","            in: 'query',","            name: 'skip',","            type: 'integer'","        }, {","            default: '{\"_timeModified\":-1}',","            description: 'mongodb cursor sort param',","            format: 'json',","            in: 'query',","            name: 'sort',","            type: 'string'","        }],","        responses: {","            200: {","                description: '200 ok - http://jsonapi.org/format/#document-structure-top-level',","                schema: { $ref: '#/definitions/JsonapiResponse{{_schemaName}}' }","            }","        },","        summary: 'get many {{_schemaName}} objects by query',","        tags: ['{{_crudApi}}']","    },","    crudGetDistinctValueByPropertyMany: {","        _collectionName: '{{_collectionName}}',","        _crudApi: '{{_crudApi}}',","        _method: 'get',","        _path: '/{{_crudApi}}/crudGetDistinctValueByPropertyMany',","        operationId: 'crudGetDistinctValueByPropertyMany',","        parameters: [{","            default: 'id',","            description: 'mongodb query param',","            in: 'query',","            name: 'field',","            required: true,","            type: 'string'","        }, {","            default: '{}',","            description: 'mongodb query param',","            format: 'json',","            in: 'query',","            name: 'query',","            type: 'string'","        }],","        summary: 'get many distinct {{_schemaName}} values by field',","        tags: ['{{_crudApi}}']","    },","    crudReplaceMany: {","        _collectionName: '{{_collectionName}}',","        _crudApi: '{{_crudApi}}',","        _method: 'put',","        _path: '/{{_crudApi}}/crudReplaceMany',","        operationId: 'crudReplaceMany',","        parameters: [{","            description: '{{_schemaName}} object list',","            in: 'body',","            name: 'body',","            required: true,","            schema: { items: { $ref: '#/definitions/{{_schemaName}}' }, type: 'array' }","        }, {","            default: false,","            description: 'upsert {{_schemaName}} object if it does not exist',","            in: 'query',","            name: 'upsert',","            type: 'boolean'","        }],","        summary: 'replace many {{_schemaName}} objects in ordered list',","        tags: ['{{_crudApi}}']","    },","    crudReplaceOne: {","        _collectionName: '{{_collectionName}}',","        _crudApi: '{{_crudApi}}',","        _method: 'put',","        _path: '/{{_crudApi}}/crudReplaceOne',","        operationId: 'crudReplaceOne',","        parameters: [{","            description: '{{_schemaName}} object',","            in: 'body',","            name: 'body',","            required: true,","            schema: { $ref: '#/definitions/{{_schemaName}}' }","        }, {","            default: false,","            description: 'upsert {{_schemaName}} object if it does not exist',","            in: 'query',","            name: 'upsert',","            type: 'boolean'","        }],","        responses: {","            200: {","                description: '200 ok - http://jsonapi.org/format/#document-structure-top-level',","                schema: { $ref: '#/definitions/JsonapiResponse{{_schemaName}}' }","            }","        },","        summary: 'replace one {{_schemaName}} object',","        tags: ['{{_crudApi}}']","    },","    crudUpdateOne: {","        _collectionName: '{{_collectionName}}',","        _crudApi: '{{_crudApi}}',","        _method: 'put',","        _path: '/{{_crudApi}}/crudUpdateOne',","        operationId: 'crudUpdateOne',","        parameters: [{","            description: '{{_schemaName}} object with no validation check',","            in: 'body',","            name: 'body',","            required: true,","            schema: { $ref: '#/definitions/Object' }","        }, {","            default: false,","            description: 'upsert {{_schemaName}} object if it does not exist',","            in: 'query',","            name: 'upsert',","            type: 'boolean'","        }],","        responses: {","            200: {","                description: '200 ok - http://jsonapi.org/format/#document-structure-top-level',","                schema: { $ref: '#/definitions/JsonapiResponse{{_schemaName}}' }","            }","        },","        summary: 'update one {{_schemaName}} object',","        tags: ['{{_crudApi}}']","    }","};","/* jslint-indent-end */","        Object.keys(local.swmg.cacheDict.methodPathCrudDefault).forEach(function (key) {","            local.swmg.cacheDict.methodPathCrudDefault[key] =","                JSON.stringify(local.swmg.cacheDict.methodPathCrudDefault[key]);","        });","    }());","    return local;","}())));",""]}}