{"/home/travis/build/kaizhu256/node-swagger-mongodb/test.js":{"path":"/home/travis/build/kaizhu256/node-swagger-mongodb/test.js","s":{"1":3,"2":3,"3":3,"4":852,"5":3,"6":3,"7":3,"8":3,"9":3,"10":3,"11":3,"12":3,"13":6,"14":6,"15":3,"16":3,"17":0,"18":0,"19":0,"20":0,"21":0,"22":0,"23":0,"24":0,"25":0,"26":0,"27":0,"28":3,"29":3,"30":3,"31":3,"32":3,"33":3,"34":3,"35":3,"36":3,"37":0,"38":0,"39":0,"40":0,"41":0,"42":0,"43":0,"44":0,"45":0,"46":0,"47":0,"48":0,"49":0,"50":0,"51":0,"52":0,"53":0,"54":0,"55":0,"56":0,"57":0,"58":0,"59":0,"60":0,"61":0,"62":0,"63":0,"64":0,"65":0,"66":0,"67":0,"68":0,"69":0,"70":3,"71":0,"72":3,"73":3,"74":165,"75":165,"76":3,"77":3,"78":3,"79":12,"80":72,"81":72,"82":12,"83":24,"84":24,"85":3,"86":3,"87":162,"88":162,"89":3,"90":162,"91":162,"92":162,"93":630,"94":630,"95":630,"96":162,"97":159,"98":159,"99":159,"100":159,"101":159,"102":63,"103":63,"104":96,"105":96,"106":96,"107":96,"108":96,"109":96,"110":96,"111":96,"112":12,"113":6,"114":6,"115":6,"116":6,"117":6,"118":84,"119":90,"120":90,"121":90,"122":90,"123":90,"124":90,"125":3,"126":3,"127":3,"128":87,"129":87,"130":90,"131":90,"132":90,"133":90,"134":90,"135":90,"136":90,"137":90,"138":90,"139":3,"140":3,"141":3,"142":87,"143":87,"144":90,"145":75,"146":75,"147":75,"148":15,"149":90,"150":90,"151":75,"152":75,"153":75,"154":75,"155":15,"156":15,"157":15,"158":96,"159":63,"160":63,"161":33,"162":33,"163":162,"164":3,"165":3,"166":3,"167":3,"168":3,"169":3,"170":3,"171":3,"172":3,"173":114,"174":114,"175":3,"176":3,"177":3,"178":12,"179":108,"180":108,"181":3,"182":3,"183":111,"184":111,"185":3,"186":111,"187":111,"188":111,"189":246,"190":246,"191":246,"192":108,"193":108,"194":108,"195":108,"196":108,"197":108,"198":108,"199":63,"200":63,"201":45,"202":45,"203":45,"204":45,"205":45,"206":45,"207":45,"208":45,"209":45,"210":9,"211":9,"212":36,"213":45,"214":45,"215":45,"216":48,"217":45,"218":111,"219":3,"220":6,"221":6,"222":6,"223":15,"224":15,"225":15,"226":3,"227":3,"228":3,"229":3,"230":3,"231":3,"232":3,"233":0,"234":0,"235":0,"236":0,"237":0,"238":0,"239":0,"240":3,"241":3,"242":3,"243":3,"244":3,"245":3,"246":3,"247":3,"248":6,"249":6,"250":3,"251":102,"252":102,"253":102,"254":399,"255":399,"256":399,"257":99,"258":99,"259":99,"260":99,"261":99,"262":99,"263":99,"264":99,"265":99,"266":99,"267":99,"268":99,"269":102,"270":102,"271":3,"272":66,"273":66,"274":3,"275":3,"276":3,"277":12,"278":36,"279":36,"280":12,"281":24,"282":24,"283":3,"284":3,"285":63,"286":63,"287":3,"288":63,"289":63,"290":63,"291":123,"292":123,"293":123,"294":60,"295":60,"296":60,"297":60,"298":60,"299":45,"300":45,"301":15,"302":15,"303":15,"304":15,"305":15,"306":15,"307":15,"308":15,"309":15,"310":15,"311":15,"312":15,"313":6,"314":6,"315":6,"316":6,"317":3,"318":3,"319":3,"320":3,"321":6,"322":6,"323":6,"324":15,"325":15,"326":15,"327":15,"328":15,"329":15,"330":15,"331":6,"332":6,"333":6,"334":6,"335":3,"336":3,"337":3,"338":3,"339":6,"340":6,"341":6,"342":15,"343":15,"344":18,"345":15,"346":63,"347":3,"348":6,"349":6,"350":6,"351":18,"352":18,"353":18,"354":3,"355":3,"356":3,"357":3,"358":3,"359":3,"360":3,"361":3,"362":3,"363":3,"364":3,"365":3,"366":3,"367":3,"368":3,"369":3,"370":3,"371":3,"372":3,"373":3,"374":3,"375":3,"376":3,"377":3,"378":3,"379":3,"380":3,"381":6,"382":3,"383":6,"384":3,"385":3,"386":3,"387":3,"388":3,"389":3,"390":3,"391":3,"392":3,"393":9,"394":9,"395":9,"396":9,"397":9,"398":9,"399":9,"400":9,"401":3,"402":3,"403":3,"404":3,"405":3,"406":3,"407":3,"408":27,"409":22,"410":22,"411":22,"412":22,"413":22,"414":3,"415":3,"416":4,"417":4,"418":4,"419":8,"420":8,"421":4,"422":8,"423":8,"424":8,"425":8,"426":8,"427":8,"428":4,"429":4,"430":3,"431":4,"432":4,"433":4,"434":76,"435":76,"436":76,"437":76,"438":76,"439":76,"440":4,"441":3,"442":3,"443":3,"444":3,"445":72,"446":72,"447":72,"448":72,"449":72,"450":72,"451":72,"452":3,"453":3,"454":4,"455":4,"456":4,"457":4,"458":8,"459":8,"460":8,"461":8,"462":4,"463":3,"464":1,"465":2,"466":2,"467":2,"468":5,"469":5,"470":1,"471":1,"472":1,"473":1,"474":1,"475":1,"476":2,"477":2,"478":1,"479":1,"480":1,"481":1,"482":1,"483":1,"484":1,"485":1,"486":1,"487":1,"488":1,"489":1,"490":3,"491":2,"492":2,"493":2,"494":2,"495":2,"496":2,"497":2,"498":2,"499":1,"500":1,"501":1,"502":15,"503":3,"504":3,"505":3,"506":3,"507":9,"508":1,"509":1,"510":1,"511":1,"512":1,"513":11,"514":11,"515":11,"516":4,"517":4,"518":1,"519":1,"520":3,"521":3,"522":3,"523":3,"524":3,"525":3,"526":2,"527":3,"528":2,"529":2,"530":1,"531":2,"532":1,"533":1,"534":1,"535":1,"536":1,"537":1,"538":3},"b":{"1":[3,3],"2":[3,0],"3":[3,0],"4":[0,0,0,3],"5":[0,0],"6":[0,0],"7":[0],"8":[0,0],"9":[3,3],"10":[3,162],"11":[3,159],"12":[162,96,96,90,90,96],"13":[159,24],"14":[63,96],"15":[6,12,84],"16":[6,6],"17":[3,87],"18":[3,87],"19":[75,15],"20":[75,15],"21":[63,33],"22":[162,162],"23":[3,111],"24":[3,108],"25":[3,243],"26":[108,45,45,48],"27":[108,27],"28":[63,45],"29":[3,6,9,36],"30":[111,111],"31":[3,12],"32":[3,3,3,6],"33":[3,3],"34":[3,3],"35":[3,3],"36":[3,3],"37":[0,3],"38":[6,3],"39":[3,396],"40":[99,99,99,102],"41":[99,3],"42":[99,3],"43":[99,3],"44":[102,99],"45":[3,63],"46":[3,60],"47":[3,120],"48":[60,15,15,15,18],"49":[60,15],"50":[45,15],"51":[6,3,6],"52":[6,3,6],"53":[63,63],"54":[3,15],"55":[3,3,3,3,6],"56":[3,3],"57":[3,3],"58":[6,3],"59":[22,5],"60":[2,2],"61":[76,72],"62":[76,72],"63":[76,72],"64":[3,69],"65":[1],"66":[1,4],"67":[1,1,1,2],"68":[2,1],"69":[2,1],"70":[3,3,9],"71":[3,4],"72":[3,1,1,1],"73":[2,2,2],"74":[2,1],"75":[1,1]},"f":{"1":3,"2":3,"3":852,"4":3,"5":3,"6":3,"7":6,"8":0,"9":0,"10":0,"11":3,"12":3,"13":3,"14":0,"15":0,"16":0,"17":0,"18":165,"19":12,"20":72,"21":24,"22":162,"23":630,"24":630,"25":3,"26":3,"27":3,"28":114,"29":12,"30":108,"31":111,"32":246,"33":246,"34":6,"35":15,"36":15,"37":0,"38":102,"39":399,"40":399,"41":66,"42":12,"43":36,"44":24,"45":63,"46":123,"47":123,"48":6,"49":18,"50":18,"51":3,"52":9,"53":9,"54":9,"55":3,"56":3,"57":3,"58":27,"59":22,"60":22,"61":4,"62":8,"63":8,"64":4,"65":76,"66":3,"67":72,"68":4,"69":4,"70":8,"71":2,"72":5,"73":1,"74":1,"75":2,"76":15,"77":1,"78":11,"79":3,"80":3,"81":3,"82":2,"83":1},"fnMap":{"1":{"name":"(anonymous_1)","line":10,"loc":{"start":{"line":10,"column":1},"end":{"line":10,"column":18}}},"2":{"name":"(anonymous_2)","line":16,"loc":{"start":{"line":16,"column":5},"end":{"line":16,"column":17}}},"3":{"name":"(anonymous_3)","line":17,"loc":{"start":{"line":17,"column":26},"end":{"line":17,"column":45}}},"4":{"name":"(anonymous_4)","line":33,"loc":{"start":{"line":33,"column":34},"end":{"line":33,"column":62}}},"5":{"name":"(anonymous_5)","line":40,"loc":{"start":{"line":40,"column":61},"end":{"line":40,"column":78}}},"6":{"name":"(anonymous_6)","line":41,"loc":{"start":{"line":41,"column":44},"end":{"line":41,"column":56}}},"7":{"name":"(anonymous_7)","line":51,"loc":{"start":{"line":51,"column":48},"end":{"line":51,"column":76}}},"8":{"name":"(anonymous_8)","line":66,"loc":{"start":{"line":66,"column":26},"end":{"line":66,"column":41}}},"9":{"name":"(anonymous_9)","line":73,"loc":{"start":{"line":73,"column":30},"end":{"line":73,"column":53}}},"10":{"name":"(anonymous_10)","line":84,"loc":{"start":{"line":84,"column":30},"end":{"line":84,"column":53}}},"11":{"name":"(anonymous_11)","line":97,"loc":{"start":{"line":97,"column":23},"end":{"line":97,"column":46}}},"12":{"name":"(anonymous_12)","line":106,"loc":{"start":{"line":106,"column":21},"end":{"line":106,"column":44}}},"13":{"name":"(anonymous_13)","line":107,"loc":{"start":{"line":107,"column":44},"end":{"line":107,"column":56}}},"14":{"name":"(anonymous_14)","line":140,"loc":{"start":{"line":140,"column":65},"end":{"line":140,"column":84}}},"15":{"name":"(anonymous_15)","line":149,"loc":{"start":{"line":149,"column":57},"end":{"line":149,"column":76}}},"16":{"name":"(anonymous_16)","line":155,"loc":{"start":{"line":155,"column":28},"end":{"line":155,"column":47}}},"17":{"name":"(anonymous_17)","line":169,"loc":{"start":{"line":169,"column":57},"end":{"line":169,"column":76}}},"18":{"name":"(anonymous_18)","line":185,"loc":{"start":{"line":185,"column":47},"end":{"line":185,"column":75}}},"19":{"name":"(anonymous_19)","line":198,"loc":{"start":{"line":198,"column":26},"end":{"line":198,"column":41}}},"20":{"name":"(anonymous_20)","line":207,"loc":{"start":{"line":207,"column":30},"end":{"line":207,"column":53}}},"21":{"name":"(anonymous_21)","line":219,"loc":{"start":{"line":219,"column":30},"end":{"line":219,"column":53}}},"22":{"name":"(anonymous_22)","line":232,"loc":{"start":{"line":232,"column":23},"end":{"line":232,"column":46}}},"23":{"name":"(anonymous_23)","line":241,"loc":{"start":{"line":241,"column":21},"end":{"line":241,"column":44}}},"24":{"name":"(anonymous_24)","line":242,"loc":{"start":{"line":242,"column":44},"end":{"line":242,"column":56}}},"25":{"name":"(anonymous_25)","line":382,"loc":{"start":{"line":382,"column":42},"end":{"line":382,"column":70}}},"26":{"name":"(anonymous_26)","line":402,"loc":{"start":{"line":402,"column":40},"end":{"line":402,"column":63}}},"27":{"name":"(anonymous_27)","line":403,"loc":{"start":{"line":403,"column":44},"end":{"line":403,"column":56}}},"28":{"name":"(anonymous_28)","line":421,"loc":{"start":{"line":421,"column":44},"end":{"line":421,"column":72}}},"29":{"name":"(anonymous_29)","line":434,"loc":{"start":{"line":434,"column":26},"end":{"line":434,"column":41}}},"30":{"name":"(anonymous_30)","line":445,"loc":{"start":{"line":445,"column":30},"end":{"line":445,"column":53}}},"31":{"name":"(anonymous_31)","line":457,"loc":{"start":{"line":457,"column":23},"end":{"line":457,"column":46}}},"32":{"name":"(anonymous_32)","line":466,"loc":{"start":{"line":466,"column":21},"end":{"line":466,"column":44}}},"33":{"name":"(anonymous_33)","line":467,"loc":{"start":{"line":467,"column":44},"end":{"line":467,"column":56}}},"34":{"name":"(anonymous_34)","line":527,"loc":{"start":{"line":527,"column":55},"end":{"line":527,"column":83}}},"35":{"name":"(anonymous_35)","line":533,"loc":{"start":{"line":533,"column":21},"end":{"line":533,"column":44}}},"36":{"name":"(anonymous_36)","line":534,"loc":{"start":{"line":534,"column":44},"end":{"line":534,"column":56}}},"37":{"name":"(anonymous_37)","line":552,"loc":{"start":{"line":552,"column":69},"end":{"line":552,"column":83}}},"38":{"name":"(anonymous_38)","line":583,"loc":{"start":{"line":583,"column":51},"end":{"line":583,"column":79}}},"39":{"name":"(anonymous_39)","line":589,"loc":{"start":{"line":589,"column":21},"end":{"line":589,"column":44}}},"40":{"name":"(anonymous_40)","line":590,"loc":{"start":{"line":590,"column":44},"end":{"line":590,"column":56}}},"41":{"name":"(anonymous_41)","line":627,"loc":{"start":{"line":627,"column":48},"end":{"line":627,"column":76}}},"42":{"name":"(anonymous_42)","line":640,"loc":{"start":{"line":640,"column":26},"end":{"line":640,"column":41}}},"43":{"name":"(anonymous_43)","line":646,"loc":{"start":{"line":646,"column":30},"end":{"line":646,"column":53}}},"44":{"name":"(anonymous_44)","line":658,"loc":{"start":{"line":658,"column":30},"end":{"line":658,"column":53}}},"45":{"name":"(anonymous_45)","line":671,"loc":{"start":{"line":671,"column":23},"end":{"line":671,"column":46}}},"46":{"name":"(anonymous_46)","line":680,"loc":{"start":{"line":680,"column":21},"end":{"line":680,"column":44}}},"47":{"name":"(anonymous_47)","line":681,"loc":{"start":{"line":681,"column":44},"end":{"line":681,"column":56}}},"48":{"name":"(anonymous_48)","line":810,"loc":{"start":{"line":810,"column":48},"end":{"line":810,"column":76}}},"49":{"name":"(anonymous_49)","line":816,"loc":{"start":{"line":816,"column":21},"end":{"line":816,"column":44}}},"50":{"name":"(anonymous_50)","line":817,"loc":{"start":{"line":817,"column":44},"end":{"line":817,"column":56}}},"51":{"name":"(anonymous_51)","line":904,"loc":{"start":{"line":904,"column":39},"end":{"line":904,"column":67}}},"52":{"name":"(anonymous_52)","line":922,"loc":{"start":{"line":922,"column":22},"end":{"line":922,"column":45}}},"53":{"name":"(anonymous_53)","line":927,"loc":{"start":{"line":927,"column":71},"end":{"line":927,"column":88}}},"54":{"name":"(anonymous_54)","line":928,"loc":{"start":{"line":928,"column":48},"end":{"line":928,"column":60}}},"55":{"name":"(anonymous_55)","line":938,"loc":{"start":{"line":938,"column":23},"end":{"line":938,"column":42}}},"56":{"name":"(anonymous_56)","line":940,"loc":{"start":{"line":940,"column":45},"end":{"line":940,"column":62}}},"57":{"name":"(anonymous_57)","line":941,"loc":{"start":{"line":941,"column":48},"end":{"line":941,"column":60}}},"58":{"name":"(anonymous_58)","line":959,"loc":{"start":{"line":959,"column":22},"end":{"line":959,"column":42}}},"59":{"name":"(anonymous_59)","line":964,"loc":{"start":{"line":964,"column":23},"end":{"line":964,"column":40}}},"60":{"name":"(anonymous_60)","line":965,"loc":{"start":{"line":965,"column":52},"end":{"line":965,"column":64}}},"61":{"name":"(anonymous_61)","line":976,"loc":{"start":{"line":976,"column":56},"end":{"line":976,"column":84}}},"62":{"name":"(anonymous_62)","line":991,"loc":{"start":{"line":991,"column":23},"end":{"line":991,"column":42}}},"63":{"name":"(anonymous_63)","line":1006,"loc":{"start":{"line":1006,"column":23},"end":{"line":1006,"column":42}}},"64":{"name":"(anonymous_64)","line":1027,"loc":{"start":{"line":1027,"column":50},"end":{"line":1027,"column":78}}},"65":{"name":"(anonymous_65)","line":1058,"loc":{"start":{"line":1058,"column":22},"end":{"line":1058,"column":41}}},"66":{"name":"(anonymous_66)","line":1070,"loc":{"start":{"line":1070,"column":48},"end":{"line":1070,"column":76}}},"67":{"name":"(anonymous_67)","line":1104,"loc":{"start":{"line":1104,"column":22},"end":{"line":1104,"column":41}}},"68":{"name":"(anonymous_68)","line":1124,"loc":{"start":{"line":1124,"column":51},"end":{"line":1124,"column":79}}},"69":{"name":"(anonymous_69)","line":1134,"loc":{"start":{"line":1134,"column":15},"end":{"line":1134,"column":34}}},"70":{"name":"(anonymous_70)","line":1135,"loc":{"start":{"line":1135,"column":35},"end":{"line":1135,"column":54}}},"71":{"name":"(anonymous_71)","line":1155,"loc":{"start":{"line":1155,"column":47},"end":{"line":1155,"column":75}}},"72":{"name":"(anonymous_72)","line":1161,"loc":{"start":{"line":1161,"column":21},"end":{"line":1161,"column":38}}},"73":{"name":"(anonymous_73)","line":1202,"loc":{"start":{"line":1202,"column":50},"end":{"line":1202,"column":78}}},"74":{"name":"(anonymous_74)","line":1220,"loc":{"start":{"line":1220,"column":42},"end":{"line":1220,"column":70}}},"75":{"name":"(anonymous_75)","line":1244,"loc":{"start":{"line":1244,"column":24},"end":{"line":1244,"column":36}}},"76":{"name":"(anonymous_76)","line":1402,"loc":{"start":{"line":1402,"column":45},"end":{"line":1402,"column":90}}},"77":{"name":"(anonymous_77)","line":1421,"loc":{"start":{"line":1421,"column":18},"end":{"line":1421,"column":33}}},"78":{"name":"(anonymous_78)","line":1422,"loc":{"start":{"line":1422,"column":46},"end":{"line":1422,"column":62}}},"79":{"name":"(anonymous_79)","line":1440,"loc":{"start":{"line":1440,"column":3},"end":{"line":1440,"column":15}}},"80":{"name":"(anonymous_80)","line":1447,"loc":{"start":{"line":1447,"column":5},"end":{"line":1447,"column":17}}},"81":{"name":"(anonymous_81)","line":1451,"loc":{"start":{"line":1451,"column":24},"end":{"line":1451,"column":36}}},"82":{"name":"(anonymous_82)","line":1474,"loc":{"start":{"line":1474,"column":22},"end":{"line":1474,"column":37}}},"83":{"name":"(anonymous_83)","line":1483,"loc":{"start":{"line":1483,"column":75},"end":{"line":1483,"column":93}}}},"statementMap":{"1":{"start":{"line":10,"column":0},"end":{"line":1502,"column":7}},"2":{"start":{"line":16,"column":4},"end":{"line":1147,"column":9}},"3":{"start":{"line":17,"column":8},"end":{"line":30,"column":10}},"4":{"start":{"line":21,"column":12},"end":{"line":29,"column":15}},"5":{"start":{"line":33,"column":8},"end":{"line":49,"column":10}},"6":{"start":{"line":38,"column":12},"end":{"line":38,"column":40}},"7":{"start":{"line":40,"column":12},"end":{"line":48,"column":15}},"8":{"start":{"line":41,"column":16},"end":{"line":47,"column":28}},"9":{"start":{"line":43,"column":20},"end":{"line":43,"column":56}},"10":{"start":{"line":45,"column":20},"end":{"line":45,"column":86}},"11":{"start":{"line":46,"column":20},"end":{"line":46,"column":30}},"12":{"start":{"line":51,"column":8},"end":{"line":183,"column":10}},"13":{"start":{"line":55,"column":12},"end":{"line":55,"column":60}},"14":{"start":{"line":56,"column":12},"end":{"line":96,"column":13}},"15":{"start":{"line":57,"column":16},"end":{"line":57,"column":26}},"16":{"start":{"line":58,"column":16},"end":{"line":58,"column":23}},"17":{"start":{"line":59,"column":16},"end":{"line":59,"column":64}},"18":{"start":{"line":60,"column":16},"end":{"line":60,"column":40}},"19":{"start":{"line":61,"column":16},"end":{"line":93,"column":19}},"20":{"start":{"line":68,"column":20},"end":{"line":80,"column":23}},"21":{"start":{"line":74,"column":24},"end":{"line":74,"column":48}},"22":{"start":{"line":75,"column":24},"end":{"line":79,"column":39}},"23":{"start":{"line":82,"column":20},"end":{"line":92,"column":23}},"24":{"start":{"line":85,"column":24},"end":{"line":85,"column":48}},"25":{"start":{"line":86,"column":24},"end":{"line":91,"column":39}},"26":{"start":{"line":94,"column":16},"end":{"line":94,"column":29}},"27":{"start":{"line":95,"column":16},"end":{"line":95,"column":23}},"28":{"start":{"line":97,"column":12},"end":{"line":104,"column":14}},"29":{"start":{"line":98,"column":16},"end":{"line":102,"column":17}},"30":{"start":{"line":100,"column":20},"end":{"line":101,"column":53}},"31":{"start":{"line":103,"column":16},"end":{"line":103,"column":37}},"32":{"start":{"line":105,"column":12},"end":{"line":105,"column":25}},"33":{"start":{"line":106,"column":12},"end":{"line":181,"column":14}},"34":{"start":{"line":107,"column":16},"end":{"line":180,"column":29}},"35":{"start":{"line":108,"column":20},"end":{"line":110,"column":39}},"36":{"start":{"line":111,"column":20},"end":{"line":179,"column":21}},"37":{"start":{"line":114,"column":24},"end":{"line":119,"column":26}},"38":{"start":{"line":120,"column":24},"end":{"line":120,"column":53}},"39":{"start":{"line":122,"column":24},"end":{"line":122,"column":61}},"40":{"start":{"line":123,"column":24},"end":{"line":123,"column":58}},"41":{"start":{"line":125,"column":24},"end":{"line":128,"column":25}},"42":{"start":{"line":126,"column":28},"end":{"line":126,"column":39}},"43":{"start":{"line":127,"column":28},"end":{"line":127,"column":35}},"44":{"start":{"line":130,"column":24},"end":{"line":130,"column":64}},"45":{"start":{"line":131,"column":24},"end":{"line":131,"column":72}},"46":{"start":{"line":132,"column":24},"end":{"line":132,"column":30}},"47":{"start":{"line":135,"column":24},"end":{"line":135,"column":45}},"48":{"start":{"line":136,"column":24},"end":{"line":136,"column":96}},"49":{"start":{"line":137,"column":24},"end":{"line":148,"column":25}},"50":{"start":{"line":139,"column":28},"end":{"line":146,"column":29}},"51":{"start":{"line":140,"column":32},"end":{"line":142,"column":42}},"52":{"start":{"line":141,"column":36},"end":{"line":141,"column":52}},"53":{"start":{"line":143,"column":32},"end":{"line":143,"column":52}},"54":{"start":{"line":144,"column":32},"end":{"line":144,"column":41}},"55":{"start":{"line":145,"column":32},"end":{"line":145,"column":39}},"56":{"start":{"line":147,"column":28},"end":{"line":147,"column":34}},"57":{"start":{"line":149,"column":24},"end":{"line":151,"column":34}},"58":{"start":{"line":150,"column":28},"end":{"line":150,"column":43}},"59":{"start":{"line":152,"column":24},"end":{"line":152,"column":44}},"60":{"start":{"line":154,"column":24},"end":{"line":158,"column":31}},"61":{"start":{"line":156,"column":32},"end":{"line":156,"column":50}},"62":{"start":{"line":160,"column":24},"end":{"line":163,"column":44}},"63":{"start":{"line":164,"column":24},"end":{"line":164,"column":30}},"64":{"start":{"line":167,"column":24},"end":{"line":167,"column":45}},"65":{"start":{"line":168,"column":24},"end":{"line":168,"column":96}},"66":{"start":{"line":169,"column":24},"end":{"line":171,"column":34}},"67":{"start":{"line":170,"column":28},"end":{"line":170,"column":43}},"68":{"start":{"line":172,"column":24},"end":{"line":172,"column":33}},"69":{"start":{"line":173,"column":24},"end":{"line":173,"column":30}},"70":{"start":{"line":176,"column":24},"end":{"line":176,"column":61}},"71":{"start":{"line":178,"column":24},"end":{"line":178,"column":88}},"72":{"start":{"line":182,"column":12},"end":{"line":182,"column":45}},"73":{"start":{"line":185,"column":8},"end":{"line":380,"column":10}},"74":{"start":{"line":189,"column":12},"end":{"line":189,"column":60}},"75":{"start":{"line":190,"column":12},"end":{"line":231,"column":13}},"76":{"start":{"line":191,"column":16},"end":{"line":191,"column":64}},"77":{"start":{"line":192,"column":16},"end":{"line":192,"column":40}},"78":{"start":{"line":193,"column":16},"end":{"line":228,"column":19}},"79":{"start":{"line":200,"column":20},"end":{"line":214,"column":23}},"80":{"start":{"line":208,"column":24},"end":{"line":208,"column":48}},"81":{"start":{"line":209,"column":24},"end":{"line":213,"column":39}},"82":{"start":{"line":216,"column":20},"end":{"line":227,"column":23}},"83":{"start":{"line":220,"column":24},"end":{"line":220,"column":48}},"84":{"start":{"line":221,"column":24},"end":{"line":226,"column":39}},"85":{"start":{"line":229,"column":16},"end":{"line":229,"column":29}},"86":{"start":{"line":230,"column":16},"end":{"line":230,"column":23}},"87":{"start":{"line":232,"column":12},"end":{"line":239,"column":14}},"88":{"start":{"line":233,"column":16},"end":{"line":237,"column":17}},"89":{"start":{"line":235,"column":20},"end":{"line":236,"column":53}},"90":{"start":{"line":238,"column":16},"end":{"line":238,"column":37}},"91":{"start":{"line":240,"column":12},"end":{"line":240,"column":25}},"92":{"start":{"line":241,"column":12},"end":{"line":378,"column":14}},"93":{"start":{"line":242,"column":16},"end":{"line":377,"column":29}},"94":{"start":{"line":243,"column":20},"end":{"line":243,"column":34}},"95":{"start":{"line":244,"column":20},"end":{"line":376,"column":21}},"96":{"start":{"line":247,"column":24},"end":{"line":247,"column":61}},"97":{"start":{"line":249,"column":24},"end":{"line":253,"column":27}},"98":{"start":{"line":254,"column":24},"end":{"line":254,"column":53}},"99":{"start":{"line":256,"column":24},"end":{"line":256,"column":61}},"100":{"start":{"line":257,"column":24},"end":{"line":257,"column":58}},"101":{"start":{"line":259,"column":24},"end":{"line":262,"column":25}},"102":{"start":{"line":260,"column":28},"end":{"line":260,"column":39}},"103":{"start":{"line":261,"column":28},"end":{"line":261,"column":35}},"104":{"start":{"line":264,"column":24},"end":{"line":266,"column":45}},"105":{"start":{"line":267,"column":24},"end":{"line":267,"column":30}},"106":{"start":{"line":270,"column":24},"end":{"line":270,"column":61}},"107":{"start":{"line":272,"column":24},"end":{"line":272,"column":91}},"108":{"start":{"line":274,"column":24},"end":{"line":274,"column":64}},"109":{"start":{"line":275,"column":24},"end":{"line":275,"column":89}},"110":{"start":{"line":276,"column":24},"end":{"line":276,"column":30}},"111":{"start":{"line":278,"column":24},"end":{"line":292,"column":25}},"112":{"start":{"line":281,"column":28},"end":{"line":287,"column":29}},"113":{"start":{"line":283,"column":32},"end":{"line":283,"column":68}},"114":{"start":{"line":284,"column":32},"end":{"line":284,"column":52}},"115":{"start":{"line":285,"column":32},"end":{"line":285,"column":41}},"116":{"start":{"line":286,"column":32},"end":{"line":286,"column":39}},"117":{"start":{"line":288,"column":28},"end":{"line":288,"column":34}},"118":{"start":{"line":291,"column":28},"end":{"line":291,"column":65}},"119":{"start":{"line":294,"column":24},"end":{"line":294,"column":48}},"120":{"start":{"line":295,"column":24},"end":{"line":295,"column":65}},"121":{"start":{"line":296,"column":24},"end":{"line":296,"column":67}},"122":{"start":{"line":297,"column":24},"end":{"line":297,"column":83}},"123":{"start":{"line":298,"column":24},"end":{"line":298,"column":87}},"124":{"start":{"line":299,"column":24},"end":{"line":310,"column":25}},"125":{"start":{"line":301,"column":28},"end":{"line":302,"column":86}},"126":{"start":{"line":303,"column":28},"end":{"line":304,"column":92}},"127":{"start":{"line":305,"column":28},"end":{"line":305,"column":34}},"128":{"start":{"line":307,"column":28},"end":{"line":307,"column":94}},"129":{"start":{"line":308,"column":28},"end":{"line":309,"column":87}},"130":{"start":{"line":312,"column":24},"end":{"line":314,"column":45}},"131":{"start":{"line":315,"column":24},"end":{"line":315,"column":30}},"132":{"start":{"line":318,"column":24},"end":{"line":318,"column":61}},"133":{"start":{"line":320,"column":24},"end":{"line":320,"column":48}},"134":{"start":{"line":321,"column":24},"end":{"line":324,"column":26}},"135":{"start":{"line":325,"column":24},"end":{"line":328,"column":26}},"136":{"start":{"line":329,"column":24},"end":{"line":329,"column":83}},"137":{"start":{"line":330,"column":24},"end":{"line":330,"column":87}},"138":{"start":{"line":331,"column":24},"end":{"line":342,"column":25}},"139":{"start":{"line":333,"column":28},"end":{"line":334,"column":86}},"140":{"start":{"line":335,"column":28},"end":{"line":336,"column":92}},"141":{"start":{"line":337,"column":28},"end":{"line":337,"column":34}},"142":{"start":{"line":339,"column":28},"end":{"line":339,"column":94}},"143":{"start":{"line":340,"column":28},"end":{"line":341,"column":87}},"144":{"start":{"line":343,"column":24},"end":{"line":351,"column":25}},"145":{"start":{"line":346,"column":28},"end":{"line":346,"column":68}},"146":{"start":{"line":347,"column":28},"end":{"line":347,"column":93}},"147":{"start":{"line":348,"column":28},"end":{"line":348,"column":34}},"148":{"start":{"line":350,"column":28},"end":{"line":350,"column":37}},"149":{"start":{"line":352,"column":24},"end":{"line":352,"column":30}},"150":{"start":{"line":354,"column":24},"end":{"line":364,"column":25}},"151":{"start":{"line":357,"column":28},"end":{"line":357,"column":64}},"152":{"start":{"line":358,"column":28},"end":{"line":358,"column":48}},"153":{"start":{"line":359,"column":28},"end":{"line":359,"column":37}},"154":{"start":{"line":360,"column":28},"end":{"line":360,"column":35}},"155":{"start":{"line":363,"column":28},"end":{"line":363,"column":65}},"156":{"start":{"line":365,"column":24},"end":{"line":365,"column":33}},"157":{"start":{"line":366,"column":24},"end":{"line":366,"column":30}},"158":{"start":{"line":368,"column":24},"end":{"line":371,"column":25}},"159":{"start":{"line":369,"column":28},"end":{"line":369,"column":53}},"160":{"start":{"line":370,"column":28},"end":{"line":370,"column":35}},"161":{"start":{"line":373,"column":24},"end":{"line":373,"column":61}},"162":{"start":{"line":375,"column":24},"end":{"line":375,"column":84}},"163":{"start":{"line":379,"column":12},"end":{"line":379,"column":45}},"164":{"start":{"line":382,"column":8},"end":{"line":419,"column":10}},"165":{"start":{"line":387,"column":12},"end":{"line":387,"column":40}},"166":{"start":{"line":388,"column":12},"end":{"line":418,"column":15}},"167":{"start":{"line":403,"column":16},"end":{"line":417,"column":28}},"168":{"start":{"line":405,"column":20},"end":{"line":405,"column":57}},"169":{"start":{"line":407,"column":20},"end":{"line":407,"column":73}},"170":{"start":{"line":408,"column":20},"end":{"line":415,"column":30}},"171":{"start":{"line":416,"column":20},"end":{"line":416,"column":30}},"172":{"start":{"line":421,"column":8},"end":{"line":525,"column":10}},"173":{"start":{"line":425,"column":12},"end":{"line":425,"column":60}},"174":{"start":{"line":426,"column":12},"end":{"line":456,"column":13}},"175":{"start":{"line":427,"column":16},"end":{"line":427,"column":64}},"176":{"start":{"line":428,"column":16},"end":{"line":428,"column":40}},"177":{"start":{"line":429,"column":16},"end":{"line":453,"column":19}},"178":{"start":{"line":435,"column":20},"end":{"line":452,"column":23}},"179":{"start":{"line":446,"column":24},"end":{"line":446,"column":48}},"180":{"start":{"line":447,"column":24},"end":{"line":451,"column":39}},"181":{"start":{"line":454,"column":16},"end":{"line":454,"column":29}},"182":{"start":{"line":455,"column":16},"end":{"line":455,"column":23}},"183":{"start":{"line":457,"column":12},"end":{"line":464,"column":14}},"184":{"start":{"line":458,"column":16},"end":{"line":462,"column":17}},"185":{"start":{"line":460,"column":20},"end":{"line":461,"column":53}},"186":{"start":{"line":463,"column":16},"end":{"line":463,"column":37}},"187":{"start":{"line":465,"column":12},"end":{"line":465,"column":25}},"188":{"start":{"line":466,"column":12},"end":{"line":523,"column":14}},"189":{"start":{"line":467,"column":16},"end":{"line":522,"column":29}},"190":{"start":{"line":468,"column":20},"end":{"line":470,"column":39}},"191":{"start":{"line":471,"column":20},"end":{"line":521,"column":21}},"192":{"start":{"line":474,"column":24},"end":{"line":474,"column":45}},"193":{"start":{"line":475,"column":24},"end":{"line":475,"column":42}},"194":{"start":{"line":476,"column":24},"end":{"line":476,"column":53}},"195":{"start":{"line":477,"column":24},"end":{"line":477,"column":75}},"196":{"start":{"line":479,"column":24},"end":{"line":479,"column":61}},"197":{"start":{"line":480,"column":24},"end":{"line":480,"column":58}},"198":{"start":{"line":482,"column":24},"end":{"line":485,"column":25}},"199":{"start":{"line":483,"column":28},"end":{"line":483,"column":39}},"200":{"start":{"line":484,"column":28},"end":{"line":484,"column":35}},"201":{"start":{"line":487,"column":24},"end":{"line":492,"column":35}},"202":{"start":{"line":493,"column":24},"end":{"line":493,"column":30}},"203":{"start":{"line":496,"column":24},"end":{"line":496,"column":64}},"204":{"start":{"line":497,"column":24},"end":{"line":497,"column":91}},"205":{"start":{"line":498,"column":24},"end":{"line":498,"column":47}},"206":{"start":{"line":499,"column":24},"end":{"line":499,"column":89}},"207":{"start":{"line":500,"column":24},"end":{"line":500,"column":30}},"208":{"start":{"line":503,"column":24},"end":{"line":503,"column":45}},"209":{"start":{"line":504,"column":24},"end":{"line":512,"column":25}},"210":{"start":{"line":508,"column":28},"end":{"line":508,"column":81}},"211":{"start":{"line":509,"column":28},"end":{"line":509,"column":34}},"212":{"start":{"line":511,"column":28},"end":{"line":511,"column":82}},"213":{"start":{"line":513,"column":24},"end":{"line":513,"column":64}},"214":{"start":{"line":514,"column":24},"end":{"line":514,"column":33}},"215":{"start":{"line":515,"column":24},"end":{"line":515,"column":30}},"216":{"start":{"line":518,"column":24},"end":{"line":518,"column":61}},"217":{"start":{"line":520,"column":24},"end":{"line":520,"column":84}},"218":{"start":{"line":524,"column":12},"end":{"line":524,"column":45}},"219":{"start":{"line":527,"column":8},"end":{"line":581,"column":10}},"220":{"start":{"line":531,"column":12},"end":{"line":531,"column":50}},"221":{"start":{"line":532,"column":12},"end":{"line":532,"column":25}},"222":{"start":{"line":533,"column":12},"end":{"line":579,"column":14}},"223":{"start":{"line":534,"column":16},"end":{"line":578,"column":28}},"224":{"start":{"line":535,"column":20},"end":{"line":537,"column":39}},"225":{"start":{"line":538,"column":20},"end":{"line":577,"column":21}},"226":{"start":{"line":541,"column":24},"end":{"line":541,"column":48}},"227":{"start":{"line":542,"column":24},"end":{"line":542,"column":77}},"228":{"start":{"line":543,"column":24},"end":{"line":543,"column":53}},"229":{"start":{"line":545,"column":24},"end":{"line":545,"column":61}},"230":{"start":{"line":546,"column":24},"end":{"line":546,"column":58}},"231":{"start":{"line":548,"column":24},"end":{"line":548,"column":88}},"232":{"start":{"line":549,"column":24},"end":{"line":559,"column":25}},"233":{"start":{"line":550,"column":28},"end":{"line":550,"column":75}},"234":{"start":{"line":551,"column":28},"end":{"line":551,"column":52}},"235":{"start":{"line":552,"column":28},"end":{"line":556,"column":31}},"236":{"start":{"line":553,"column":32},"end":{"line":553,"column":56}},"237":{"start":{"line":554,"column":32},"end":{"line":555,"column":81}},"238":{"start":{"line":557,"column":28},"end":{"line":557,"column":41}},"239":{"start":{"line":558,"column":28},"end":{"line":558,"column":35}},"240":{"start":{"line":560,"column":24},"end":{"line":560,"column":93}},"241":{"start":{"line":561,"column":24},"end":{"line":561,"column":30}},"242":{"start":{"line":564,"column":24},"end":{"line":567,"column":44}},"243":{"start":{"line":568,"column":24},"end":{"line":568,"column":30}},"244":{"start":{"line":571,"column":24},"end":{"line":571,"column":45}},"245":{"start":{"line":572,"column":24},"end":{"line":572,"column":78}},"246":{"start":{"line":573,"column":24},"end":{"line":573,"column":33}},"247":{"start":{"line":574,"column":24},"end":{"line":574,"column":30}},"248":{"start":{"line":576,"column":24},"end":{"line":576,"column":39}},"249":{"start":{"line":580,"column":12},"end":{"line":580,"column":45}},"250":{"start":{"line":583,"column":8},"end":{"line":625,"column":10}},"251":{"start":{"line":587,"column":12},"end":{"line":587,"column":38}},"252":{"start":{"line":588,"column":12},"end":{"line":588,"column":25}},"253":{"start":{"line":589,"column":12},"end":{"line":623,"column":14}},"254":{"start":{"line":590,"column":16},"end":{"line":622,"column":28}},"255":{"start":{"line":591,"column":20},"end":{"line":593,"column":39}},"256":{"start":{"line":594,"column":20},"end":{"line":621,"column":21}},"257":{"start":{"line":597,"column":24},"end":{"line":597,"column":48}},"258":{"start":{"line":598,"column":24},"end":{"line":598,"column":77}},"259":{"start":{"line":599,"column":24},"end":{"line":599,"column":53}},"260":{"start":{"line":601,"column":24},"end":{"line":601,"column":61}},"261":{"start":{"line":602,"column":24},"end":{"line":602,"column":58}},"262":{"start":{"line":604,"column":24},"end":{"line":606,"column":45}},"263":{"start":{"line":607,"column":24},"end":{"line":607,"column":30}},"264":{"start":{"line":610,"column":24},"end":{"line":612,"column":45}},"265":{"start":{"line":613,"column":24},"end":{"line":613,"column":30}},"266":{"start":{"line":616,"column":24},"end":{"line":616,"column":91}},"267":{"start":{"line":617,"column":24},"end":{"line":617,"column":33}},"268":{"start":{"line":618,"column":24},"end":{"line":618,"column":30}},"269":{"start":{"line":620,"column":24},"end":{"line":620,"column":39}},"270":{"start":{"line":624,"column":12},"end":{"line":624,"column":45}},"271":{"start":{"line":627,"column":8},"end":{"line":808,"column":10}},"272":{"start":{"line":631,"column":12},"end":{"line":631,"column":60}},"273":{"start":{"line":632,"column":12},"end":{"line":670,"column":13}},"274":{"start":{"line":633,"column":16},"end":{"line":633,"column":64}},"275":{"start":{"line":634,"column":16},"end":{"line":634,"column":40}},"276":{"start":{"line":635,"column":16},"end":{"line":667,"column":19}},"277":{"start":{"line":642,"column":20},"end":{"line":653,"column":23}},"278":{"start":{"line":647,"column":24},"end":{"line":647,"column":48}},"279":{"start":{"line":648,"column":24},"end":{"line":652,"column":39}},"280":{"start":{"line":655,"column":20},"end":{"line":666,"column":23}},"281":{"start":{"line":659,"column":24},"end":{"line":659,"column":48}},"282":{"start":{"line":660,"column":24},"end":{"line":665,"column":39}},"283":{"start":{"line":668,"column":16},"end":{"line":668,"column":29}},"284":{"start":{"line":669,"column":16},"end":{"line":669,"column":23}},"285":{"start":{"line":671,"column":12},"end":{"line":678,"column":14}},"286":{"start":{"line":672,"column":16},"end":{"line":676,"column":17}},"287":{"start":{"line":674,"column":20},"end":{"line":675,"column":53}},"288":{"start":{"line":677,"column":16},"end":{"line":677,"column":37}},"289":{"start":{"line":679,"column":12},"end":{"line":679,"column":25}},"290":{"start":{"line":680,"column":12},"end":{"line":806,"column":14}},"291":{"start":{"line":681,"column":16},"end":{"line":805,"column":29}},"292":{"start":{"line":682,"column":20},"end":{"line":684,"column":39}},"293":{"start":{"line":685,"column":20},"end":{"line":804,"column":21}},"294":{"start":{"line":688,"column":24},"end":{"line":691,"column":27}},"295":{"start":{"line":692,"column":24},"end":{"line":692,"column":53}},"296":{"start":{"line":694,"column":24},"end":{"line":694,"column":61}},"297":{"start":{"line":695,"column":24},"end":{"line":695,"column":58}},"298":{"start":{"line":697,"column":24},"end":{"line":700,"column":25}},"299":{"start":{"line":698,"column":28},"end":{"line":698,"column":39}},"300":{"start":{"line":699,"column":28},"end":{"line":699,"column":35}},"301":{"start":{"line":702,"column":24},"end":{"line":707,"column":35}},"302":{"start":{"line":708,"column":24},"end":{"line":708,"column":30}},"303":{"start":{"line":710,"column":24},"end":{"line":710,"column":65}},"304":{"start":{"line":711,"column":24},"end":{"line":711,"column":67}},"305":{"start":{"line":713,"column":24},"end":{"line":713,"column":64}},"306":{"start":{"line":714,"column":24},"end":{"line":714,"column":89}},"307":{"start":{"line":715,"column":24},"end":{"line":715,"column":30}},"308":{"start":{"line":718,"column":24},"end":{"line":718,"column":48}},"309":{"start":{"line":719,"column":24},"end":{"line":722,"column":26}},"310":{"start":{"line":723,"column":24},"end":{"line":723,"column":83}},"311":{"start":{"line":724,"column":24},"end":{"line":724,"column":87}},"312":{"start":{"line":725,"column":24},"end":{"line":753,"column":25}},"313":{"start":{"line":727,"column":28},"end":{"line":730,"column":30}},"314":{"start":{"line":731,"column":28},"end":{"line":732,"column":86}},"315":{"start":{"line":733,"column":28},"end":{"line":734,"column":88}},"316":{"start":{"line":735,"column":28},"end":{"line":735,"column":34}},"317":{"start":{"line":737,"column":28},"end":{"line":740,"column":30}},"318":{"start":{"line":741,"column":28},"end":{"line":741,"column":94}},"319":{"start":{"line":742,"column":28},"end":{"line":743,"column":87}},"320":{"start":{"line":744,"column":28},"end":{"line":744,"column":34}},"321":{"start":{"line":746,"column":28},"end":{"line":749,"column":30}},"322":{"start":{"line":750,"column":28},"end":{"line":750,"column":94}},"323":{"start":{"line":751,"column":28},"end":{"line":752,"column":88}},"324":{"start":{"line":755,"column":24},"end":{"line":757,"column":45}},"325":{"start":{"line":758,"column":24},"end":{"line":758,"column":30}},"326":{"start":{"line":761,"column":24},"end":{"line":761,"column":48}},"327":{"start":{"line":762,"column":24},"end":{"line":765,"column":26}},"328":{"start":{"line":766,"column":24},"end":{"line":766,"column":83}},"329":{"start":{"line":767,"column":24},"end":{"line":767,"column":87}},"330":{"start":{"line":768,"column":24},"end":{"line":796,"column":25}},"331":{"start":{"line":770,"column":28},"end":{"line":773,"column":30}},"332":{"start":{"line":774,"column":28},"end":{"line":775,"column":86}},"333":{"start":{"line":776,"column":28},"end":{"line":777,"column":88}},"334":{"start":{"line":778,"column":28},"end":{"line":778,"column":34}},"335":{"start":{"line":780,"column":28},"end":{"line":783,"column":30}},"336":{"start":{"line":784,"column":28},"end":{"line":784,"column":94}},"337":{"start":{"line":785,"column":28},"end":{"line":786,"column":87}},"338":{"start":{"line":787,"column":28},"end":{"line":787,"column":34}},"339":{"start":{"line":789,"column":28},"end":{"line":792,"column":30}},"340":{"start":{"line":793,"column":28},"end":{"line":793,"column":94}},"341":{"start":{"line":794,"column":28},"end":{"line":795,"column":88}},"342":{"start":{"line":797,"column":24},"end":{"line":797,"column":33}},"343":{"start":{"line":798,"column":24},"end":{"line":798,"column":30}},"344":{"start":{"line":801,"column":24},"end":{"line":801,"column":61}},"345":{"start":{"line":803,"column":24},"end":{"line":803,"column":84}},"346":{"start":{"line":807,"column":12},"end":{"line":807,"column":45}},"347":{"start":{"line":810,"column":8},"end":{"line":902,"column":10}},"348":{"start":{"line":814,"column":12},"end":{"line":814,"column":38}},"349":{"start":{"line":815,"column":12},"end":{"line":815,"column":25}},"350":{"start":{"line":816,"column":12},"end":{"line":900,"column":14}},"351":{"start":{"line":817,"column":16},"end":{"line":899,"column":28}},"352":{"start":{"line":818,"column":20},"end":{"line":820,"column":39}},"353":{"start":{"line":821,"column":20},"end":{"line":898,"column":21}},"354":{"start":{"line":824,"column":24},"end":{"line":824,"column":48}},"355":{"start":{"line":825,"column":24},"end":{"line":825,"column":77}},"356":{"start":{"line":826,"column":24},"end":{"line":826,"column":53}},"357":{"start":{"line":828,"column":24},"end":{"line":828,"column":44}},"358":{"start":{"line":829,"column":24},"end":{"line":829,"column":58}},"359":{"start":{"line":831,"column":24},"end":{"line":836,"column":35}},"360":{"start":{"line":837,"column":24},"end":{"line":837,"column":30}},"361":{"start":{"line":839,"column":24},"end":{"line":839,"column":65}},"362":{"start":{"line":840,"column":24},"end":{"line":840,"column":67}},"363":{"start":{"line":842,"column":24},"end":{"line":852,"column":35}},"364":{"start":{"line":853,"column":24},"end":{"line":853,"column":30}},"365":{"start":{"line":856,"column":24},"end":{"line":856,"column":69}},"366":{"start":{"line":857,"column":24},"end":{"line":860,"column":26}},"367":{"start":{"line":861,"column":24},"end":{"line":864,"column":26}},"368":{"start":{"line":865,"column":24},"end":{"line":868,"column":26}},"369":{"start":{"line":869,"column":24},"end":{"line":869,"column":83}},"370":{"start":{"line":870,"column":24},"end":{"line":870,"column":92}},"371":{"start":{"line":871,"column":24},"end":{"line":871,"column":85}},"372":{"start":{"line":872,"column":24},"end":{"line":872,"column":90}},"373":{"start":{"line":873,"column":24},"end":{"line":874,"column":83}},"374":{"start":{"line":876,"column":24},"end":{"line":878,"column":45}},"375":{"start":{"line":879,"column":24},"end":{"line":879,"column":30}},"376":{"start":{"line":882,"column":24},"end":{"line":882,"column":48}},"377":{"start":{"line":883,"column":24},"end":{"line":886,"column":26}},"378":{"start":{"line":887,"column":24},"end":{"line":890,"column":26}},"379":{"start":{"line":891,"column":24},"end":{"line":891,"column":33}},"380":{"start":{"line":892,"column":24},"end":{"line":892,"column":30}},"381":{"start":{"line":895,"column":24},"end":{"line":895,"column":61}},"382":{"start":{"line":897,"column":24},"end":{"line":897,"column":83}},"383":{"start":{"line":901,"column":12},"end":{"line":901,"column":45}},"384":{"start":{"line":904,"column":8},"end":{"line":974,"column":10}},"385":{"start":{"line":908,"column":12},"end":{"line":908,"column":45}},"386":{"start":{"line":909,"column":12},"end":{"line":909,"column":60}},"387":{"start":{"line":910,"column":12},"end":{"line":910,"column":36}},"388":{"start":{"line":912,"column":12},"end":{"line":912,"column":25}},"389":{"start":{"line":913,"column":12},"end":{"line":913,"column":41}},"390":{"start":{"line":914,"column":12},"end":{"line":914,"column":38}},"391":{"start":{"line":916,"column":12},"end":{"line":916,"column":39}},"392":{"start":{"line":918,"column":12},"end":{"line":934,"column":15}},"393":{"start":{"line":923,"column":16},"end":{"line":923,"column":63}},"394":{"start":{"line":924,"column":16},"end":{"line":924,"column":69}},"395":{"start":{"line":925,"column":16},"end":{"line":925,"column":54}},"396":{"start":{"line":926,"column":16},"end":{"line":926,"column":40}},"397":{"start":{"line":927,"column":16},"end":{"line":933,"column":19}},"398":{"start":{"line":928,"column":20},"end":{"line":932,"column":35}},"399":{"start":{"line":930,"column":24},"end":{"line":930,"column":60}},"400":{"start":{"line":931,"column":24},"end":{"line":931,"column":37}},"401":{"start":{"line":936,"column":12},"end":{"line":947,"column":15}},"402":{"start":{"line":939,"column":16},"end":{"line":939,"column":40}},"403":{"start":{"line":940,"column":16},"end":{"line":946,"column":19}},"404":{"start":{"line":941,"column":20},"end":{"line":945,"column":35}},"405":{"start":{"line":943,"column":24},"end":{"line":943,"column":60}},"406":{"start":{"line":944,"column":24},"end":{"line":944,"column":37}},"407":{"start":{"line":949,"column":12},"end":{"line":972,"column":15}},"408":{"start":{"line":960,"column":16},"end":{"line":971,"column":17}},"409":{"start":{"line":961,"column":20},"end":{"line":961,"column":44}},"410":{"start":{"line":962,"column":20},"end":{"line":970,"column":23}},"411":{"start":{"line":965,"column":24},"end":{"line":969,"column":39}},"412":{"start":{"line":967,"column":28},"end":{"line":967,"column":64}},"413":{"start":{"line":968,"column":28},"end":{"line":968,"column":41}},"414":{"start":{"line":973,"column":12},"end":{"line":973,"column":25}},"415":{"start":{"line":976,"column":8},"end":{"line":1025,"column":10}},"416":{"start":{"line":980,"column":12},"end":{"line":980,"column":22}},"417":{"start":{"line":982,"column":12},"end":{"line":982,"column":40}},"418":{"start":{"line":983,"column":12},"end":{"line":996,"column":15}},"419":{"start":{"line":992,"column":16},"end":{"line":994,"column":32}},"420":{"start":{"line":995,"column":16},"end":{"line":995,"column":59}},"421":{"start":{"line":998,"column":12},"end":{"line":1018,"column":15}},"422":{"start":{"line":1007,"column":16},"end":{"line":1015,"column":17}},"423":{"start":{"line":1008,"column":20},"end":{"line":1008,"column":33}},"424":{"start":{"line":1009,"column":20},"end":{"line":1011,"column":36}},"425":{"start":{"line":1012,"column":20},"end":{"line":1012,"column":63}},"426":{"start":{"line":1014,"column":20},"end":{"line":1014,"column":40}},"427":{"start":{"line":1017,"column":16},"end":{"line":1017,"column":52}},"428":{"start":{"line":1020,"column":12},"end":{"line":1023,"column":15}},"429":{"start":{"line":1024,"column":12},"end":{"line":1024,"column":22}},"430":{"start":{"line":1027,"column":8},"end":{"line":1068,"column":10}},"431":{"start":{"line":1031,"column":12},"end":{"line":1031,"column":28}},"432":{"start":{"line":1032,"column":12},"end":{"line":1035,"column":14}},"433":{"start":{"line":1036,"column":12},"end":{"line":1066,"column":15}},"434":{"start":{"line":1059,"column":16},"end":{"line":1059,"column":68}},"435":{"start":{"line":1060,"column":16},"end":{"line":1060,"column":57}},"436":{"start":{"line":1062,"column":16},"end":{"line":1062,"column":91}},"437":{"start":{"line":1063,"column":16},"end":{"line":1063,"column":79}},"438":{"start":{"line":1064,"column":16},"end":{"line":1064,"column":91}},"439":{"start":{"line":1065,"column":16},"end":{"line":1065,"column":91}},"440":{"start":{"line":1067,"column":12},"end":{"line":1067,"column":22}},"441":{"start":{"line":1070,"column":8},"end":{"line":1122,"column":10}},"442":{"start":{"line":1074,"column":12},"end":{"line":1074,"column":35}},"443":{"start":{"line":1075,"column":12},"end":{"line":1078,"column":14}},"444":{"start":{"line":1079,"column":12},"end":{"line":1120,"column":15}},"445":{"start":{"line":1105,"column":16},"end":{"line":1117,"column":17}},"446":{"start":{"line":1106,"column":20},"end":{"line":1106,"column":33}},"447":{"start":{"line":1107,"column":20},"end":{"line":1107,"column":72}},"448":{"start":{"line":1108,"column":20},"end":{"line":1108,"column":61}},"449":{"start":{"line":1109,"column":20},"end":{"line":1114,"column":23}},"450":{"start":{"line":1116,"column":20},"end":{"line":1116,"column":40}},"451":{"start":{"line":1119,"column":16},"end":{"line":1119,"column":52}},"452":{"start":{"line":1121,"column":12},"end":{"line":1121,"column":22}},"453":{"start":{"line":1124,"column":8},"end":{"line":1146,"column":10}},"454":{"start":{"line":1128,"column":12},"end":{"line":1128,"column":22}},"455":{"start":{"line":1130,"column":12},"end":{"line":1130,"column":40}},"456":{"start":{"line":1131,"column":12},"end":{"line":1145,"column":24}},"457":{"start":{"line":1135,"column":16},"end":{"line":1143,"column":19}},"458":{"start":{"line":1136,"column":20},"end":{"line":1140,"column":21}},"459":{"start":{"line":1137,"column":24},"end":{"line":1137,"column":62}},"460":{"start":{"line":1139,"column":24},"end":{"line":1139,"column":44}},"461":{"start":{"line":1142,"column":20},"end":{"line":1142,"column":56}},"462":{"start":{"line":1144,"column":16},"end":{"line":1144,"column":26}},"463":{"start":{"line":1148,"column":4},"end":{"line":1233,"column":5}},"464":{"start":{"line":1155,"column":8},"end":{"line":1200,"column":10}},"465":{"start":{"line":1159,"column":12},"end":{"line":1159,"column":33}},"466":{"start":{"line":1160,"column":12},"end":{"line":1160,"column":25}},"467":{"start":{"line":1161,"column":12},"end":{"line":1198,"column":14}},"468":{"start":{"line":1162,"column":16},"end":{"line":1164,"column":35}},"469":{"start":{"line":1165,"column":16},"end":{"line":1197,"column":17}},"470":{"start":{"line":1168,"column":20},"end":{"line":1172,"column":31}},"471":{"start":{"line":1173,"column":20},"end":{"line":1173,"column":26}},"472":{"start":{"line":1175,"column":20},"end":{"line":1181,"column":31}},"473":{"start":{"line":1182,"column":20},"end":{"line":1182,"column":26}},"474":{"start":{"line":1184,"column":20},"end":{"line":1193,"column":31}},"475":{"start":{"line":1194,"column":20},"end":{"line":1194,"column":26}},"476":{"start":{"line":1196,"column":20},"end":{"line":1196,"column":35}},"477":{"start":{"line":1199,"column":12},"end":{"line":1199,"column":45}},"478":{"start":{"line":1202,"column":8},"end":{"line":1218,"column":10}},"479":{"start":{"line":1206,"column":12},"end":{"line":1206,"column":27}},"480":{"start":{"line":1208,"column":12},"end":{"line":1208,"column":40}},"481":{"start":{"line":1209,"column":12},"end":{"line":1209,"column":60}},"482":{"start":{"line":1210,"column":12},"end":{"line":1210,"column":36}},"483":{"start":{"line":1212,"column":12},"end":{"line":1212,"column":36}},"484":{"start":{"line":1213,"column":12},"end":{"line":1216,"column":31}},"485":{"start":{"line":1217,"column":12},"end":{"line":1217,"column":25}},"486":{"start":{"line":1220,"column":8},"end":{"line":1231,"column":10}},"487":{"start":{"line":1225,"column":12},"end":{"line":1225,"column":40}},"488":{"start":{"line":1226,"column":12},"end":{"line":1230,"column":24}},"489":{"start":{"line":1232,"column":8},"end":{"line":1232,"column":14}},"490":{"start":{"line":1234,"column":4},"end":{"line":1439,"column":5}},"491":{"start":{"line":1241,"column":8},"end":{"line":1241,"column":44}},"492":{"start":{"line":1242,"column":8},"end":{"line":1250,"column":11}},"493":{"start":{"line":1245,"column":16},"end":{"line":1245,"column":68}},"494":{"start":{"line":1246,"column":16},"end":{"line":1246,"column":41}},"495":{"start":{"line":1252,"column":8},"end":{"line":1252,"column":32}},"496":{"start":{"line":1253,"column":8},"end":{"line":1253,"column":46}},"497":{"start":{"line":1255,"column":8},"end":{"line":1255,"column":38}},"498":{"start":{"line":1256,"column":8},"end":{"line":1256,"column":14}},"499":{"start":{"line":1263,"column":8},"end":{"line":1263,"column":33}},"500":{"start":{"line":1265,"column":8},"end":{"line":1400,"column":11}},"501":{"start":{"line":1402,"column":8},"end":{"line":1413,"column":11}},"502":{"start":{"line":1403,"column":12},"end":{"line":1412,"column":13}},"503":{"start":{"line":1405,"column":16},"end":{"line":1405,"column":68}},"504":{"start":{"line":1406,"column":16},"end":{"line":1406,"column":22}},"505":{"start":{"line":1408,"column":16},"end":{"line":1408,"column":57}},"506":{"start":{"line":1409,"column":16},"end":{"line":1409,"column":22}},"507":{"start":{"line":1411,"column":16},"end":{"line":1411,"column":33}},"508":{"start":{"line":1415,"column":8},"end":{"line":1415,"column":91}},"509":{"start":{"line":1416,"column":8},"end":{"line":1416,"column":85}},"510":{"start":{"line":1417,"column":8},"end":{"line":1417,"column":86}},"511":{"start":{"line":1419,"column":8},"end":{"line":1435,"column":11}},"512":{"start":{"line":1422,"column":12},"end":{"line":1434,"column":15}},"513":{"start":{"line":1423,"column":16},"end":{"line":1423,"column":40}},"514":{"start":{"line":1425,"column":16},"end":{"line":1425,"column":59}},"515":{"start":{"line":1426,"column":16},"end":{"line":1433,"column":17}},"516":{"start":{"line":1430,"column":20},"end":{"line":1431,"column":83}},"517":{"start":{"line":1432,"column":20},"end":{"line":1432,"column":26}},"518":{"start":{"line":1437,"column":8},"end":{"line":1437,"column":35}},"519":{"start":{"line":1438,"column":8},"end":{"line":1438,"column":14}},"520":{"start":{"line":1442,"column":4},"end":{"line":1442,"column":14}},"521":{"start":{"line":1447,"column":4},"end":{"line":1500,"column":9}},"522":{"start":{"line":1449,"column":8},"end":{"line":1449,"column":19}},"523":{"start":{"line":1451,"column":8},"end":{"line":1462,"column":13}},"524":{"start":{"line":1452,"column":12},"end":{"line":1461,"column":13}},"525":{"start":{"line":1453,"column":16},"end":{"line":1456,"column":27}},"526":{"start":{"line":1458,"column":16},"end":{"line":1460,"column":30}},"527":{"start":{"line":1463,"column":8},"end":{"line":1499,"column":9}},"528":{"start":{"line":1466,"column":12},"end":{"line":1466,"column":33}},"529":{"start":{"line":1467,"column":12},"end":{"line":1467,"column":18}},"530":{"start":{"line":1470,"column":12},"end":{"line":1497,"column":15}},"531":{"start":{"line":1475,"column":16},"end":{"line":1478,"column":17}},"532":{"start":{"line":1476,"column":20},"end":{"line":1476,"column":63}},"533":{"start":{"line":1477,"column":20},"end":{"line":1477,"column":27}},"534":{"start":{"line":1479,"column":16},"end":{"line":1495,"column":18}},"535":{"start":{"line":1485,"column":28},"end":{"line":1485,"column":63}},"536":{"start":{"line":1496,"column":16},"end":{"line":1496,"column":59}},"537":{"start":{"line":1498,"column":12},"end":{"line":1498,"column":18}},"538":{"start":{"line":1501,"column":4},"end":{"line":1501,"column":17}}},"branchMap":{"1":{"line":56,"type":"if","locations":[{"start":{"line":56,"column":12},"end":{"line":56,"column":12}},{"start":{"line":56,"column":12},"end":{"line":56,"column":12}}]},"2":{"line":98,"type":"if","locations":[{"start":{"line":98,"column":16},"end":{"line":98,"column":16}},{"start":{"line":98,"column":16},"end":{"line":98,"column":16}}]},"3":{"line":108,"type":"cond-expr","locations":[{"start":{"line":109,"column":26},"end":{"line":109,"column":34}},{"start":{"line":110,"column":26},"end":{"line":110,"column":38}}]},"4":{"line":111,"type":"switch","locations":[{"start":{"line":112,"column":20},"end":{"line":132,"column":30}},{"start":{"line":133,"column":20},"end":{"line":164,"column":30}},{"start":{"line":165,"column":20},"end":{"line":173,"column":30}},{"start":{"line":174,"column":20},"end":{"line":178,"column":88}}]},"5":{"line":122,"type":"binary-expr","locations":[{"start":{"line":122,"column":38},"end":{"line":122,"column":49}},{"start":{"line":122,"column":53},"end":{"line":122,"column":60}}]},"6":{"line":125,"type":"if","locations":[{"start":{"line":125,"column":24},"end":{"line":125,"column":24}},{"start":{"line":125,"column":24},"end":{"line":125,"column":24}}]},"7":{"line":137,"type":"switch","locations":[{"start":{"line":138,"column":24},"end":{"line":147,"column":34}}]},"8":{"line":139,"type":"if","locations":[{"start":{"line":139,"column":28},"end":{"line":139,"column":28}},{"start":{"line":139,"column":28},"end":{"line":139,"column":28}}]},"9":{"line":182,"type":"binary-expr","locations":[{"start":{"line":182,"column":19},"end":{"line":182,"column":26}},{"start":{"line":182,"column":30},"end":{"line":182,"column":43}}]},"10":{"line":190,"type":"if","locations":[{"start":{"line":190,"column":12},"end":{"line":190,"column":12}},{"start":{"line":190,"column":12},"end":{"line":190,"column":12}}]},"11":{"line":233,"type":"if","locations":[{"start":{"line":233,"column":16},"end":{"line":233,"column":16}},{"start":{"line":233,"column":16},"end":{"line":233,"column":16}}]},"12":{"line":244,"type":"switch","locations":[{"start":{"line":245,"column":20},"end":{"line":267,"column":30}},{"start":{"line":268,"column":20},"end":{"line":276,"column":30}},{"start":{"line":277,"column":20},"end":{"line":315,"column":30}},{"start":{"line":316,"column":20},"end":{"line":352,"column":30}},{"start":{"line":353,"column":20},"end":{"line":366,"column":30}},{"start":{"line":367,"column":20},"end":{"line":375,"column":84}}]},"13":{"line":256,"type":"binary-expr","locations":[{"start":{"line":256,"column":38},"end":{"line":256,"column":49}},{"start":{"line":256,"column":53},"end":{"line":256,"column":60}}]},"14":{"line":259,"type":"if","locations":[{"start":{"line":259,"column":24},"end":{"line":259,"column":24}},{"start":{"line":259,"column":24},"end":{"line":259,"column":24}}]},"15":{"line":278,"type":"switch","locations":[{"start":{"line":279,"column":24},"end":{"line":279,"column":46}},{"start":{"line":280,"column":24},"end":{"line":288,"column":34}},{"start":{"line":289,"column":24},"end":{"line":291,"column":65}}]},"16":{"line":281,"type":"if","locations":[{"start":{"line":281,"column":28},"end":{"line":281,"column":28}},{"start":{"line":281,"column":28},"end":{"line":281,"column":28}}]},"17":{"line":299,"type":"switch","locations":[{"start":{"line":300,"column":24},"end":{"line":305,"column":34}},{"start":{"line":306,"column":24},"end":{"line":309,"column":87}}]},"18":{"line":331,"type":"switch","locations":[{"start":{"line":332,"column":24},"end":{"line":337,"column":34}},{"start":{"line":338,"column":24},"end":{"line":341,"column":87}}]},"19":{"line":343,"type":"switch","locations":[{"start":{"line":344,"column":24},"end":{"line":348,"column":34}},{"start":{"line":349,"column":24},"end":{"line":350,"column":37}}]},"20":{"line":354,"type":"switch","locations":[{"start":{"line":355,"column":24},"end":{"line":360,"column":35}},{"start":{"line":361,"column":24},"end":{"line":363,"column":65}}]},"21":{"line":368,"type":"if","locations":[{"start":{"line":368,"column":24},"end":{"line":368,"column":24}},{"start":{"line":368,"column":24},"end":{"line":368,"column":24}}]},"22":{"line":379,"type":"binary-expr","locations":[{"start":{"line":379,"column":19},"end":{"line":379,"column":26}},{"start":{"line":379,"column":30},"end":{"line":379,"column":43}}]},"23":{"line":426,"type":"if","locations":[{"start":{"line":426,"column":12},"end":{"line":426,"column":12}},{"start":{"line":426,"column":12},"end":{"line":426,"column":12}}]},"24":{"line":458,"type":"if","locations":[{"start":{"line":458,"column":16},"end":{"line":458,"column":16}},{"start":{"line":458,"column":16},"end":{"line":458,"column":16}}]},"25":{"line":468,"type":"cond-expr","locations":[{"start":{"line":469,"column":26},"end":{"line":469,"column":34}},{"start":{"line":470,"column":26},"end":{"line":470,"column":38}}]},"26":{"line":471,"type":"switch","locations":[{"start":{"line":472,"column":20},"end":{"line":493,"column":30}},{"start":{"line":494,"column":20},"end":{"line":500,"column":30}},{"start":{"line":501,"column":20},"end":{"line":515,"column":30}},{"start":{"line":516,"column":20},"end":{"line":520,"column":84}}]},"27":{"line":479,"type":"binary-expr","locations":[{"start":{"line":479,"column":38},"end":{"line":479,"column":49}},{"start":{"line":479,"column":53},"end":{"line":479,"column":60}}]},"28":{"line":482,"type":"if","locations":[{"start":{"line":482,"column":24},"end":{"line":482,"column":24}},{"start":{"line":482,"column":24},"end":{"line":482,"column":24}}]},"29":{"line":504,"type":"switch","locations":[{"start":{"line":505,"column":24},"end":{"line":505,"column":49}},{"start":{"line":506,"column":24},"end":{"line":506,"column":66}},{"start":{"line":507,"column":24},"end":{"line":509,"column":34}},{"start":{"line":510,"column":24},"end":{"line":511,"column":82}}]},"30":{"line":524,"type":"binary-expr","locations":[{"start":{"line":524,"column":19},"end":{"line":524,"column":26}},{"start":{"line":524,"column":30},"end":{"line":524,"column":43}}]},"31":{"line":535,"type":"cond-expr","locations":[{"start":{"line":536,"column":26},"end":{"line":536,"column":34}},{"start":{"line":537,"column":26},"end":{"line":537,"column":38}}]},"32":{"line":538,"type":"switch","locations":[{"start":{"line":539,"column":20},"end":{"line":561,"column":30}},{"start":{"line":562,"column":20},"end":{"line":568,"column":30}},{"start":{"line":569,"column":20},"end":{"line":574,"column":30}},{"start":{"line":575,"column":20},"end":{"line":576,"column":39}}]},"33":{"line":541,"type":"binary-expr","locations":[{"start":{"line":541,"column":34},"end":{"line":541,"column":41}},{"start":{"line":541,"column":45},"end":{"line":541,"column":47}}]},"34":{"line":542,"type":"binary-expr","locations":[{"start":{"line":542,"column":37},"end":{"line":542,"column":47}},{"start":{"line":542,"column":51},"end":{"line":542,"column":76}}]},"35":{"line":545,"type":"binary-expr","locations":[{"start":{"line":545,"column":38},"end":{"line":545,"column":49}},{"start":{"line":545,"column":53},"end":{"line":545,"column":60}}]},"36":{"line":548,"type":"binary-expr","locations":[{"start":{"line":548,"column":40},"end":{"line":548,"column":53}},{"start":{"line":548,"column":57},"end":{"line":548,"column":87}}]},"37":{"line":549,"type":"if","locations":[{"start":{"line":549,"column":24},"end":{"line":549,"column":24}},{"start":{"line":549,"column":24},"end":{"line":549,"column":24}}]},"38":{"line":580,"type":"binary-expr","locations":[{"start":{"line":580,"column":19},"end":{"line":580,"column":26}},{"start":{"line":580,"column":30},"end":{"line":580,"column":43}}]},"39":{"line":591,"type":"cond-expr","locations":[{"start":{"line":592,"column":26},"end":{"line":592,"column":34}},{"start":{"line":593,"column":26},"end":{"line":593,"column":38}}]},"40":{"line":594,"type":"switch","locations":[{"start":{"line":595,"column":20},"end":{"line":607,"column":30}},{"start":{"line":608,"column":20},"end":{"line":613,"column":30}},{"start":{"line":614,"column":20},"end":{"line":618,"column":30}},{"start":{"line":619,"column":20},"end":{"line":620,"column":39}}]},"41":{"line":597,"type":"binary-expr","locations":[{"start":{"line":597,"column":34},"end":{"line":597,"column":41}},{"start":{"line":597,"column":45},"end":{"line":597,"column":47}}]},"42":{"line":598,"type":"binary-expr","locations":[{"start":{"line":598,"column":37},"end":{"line":598,"column":47}},{"start":{"line":598,"column":51},"end":{"line":598,"column":76}}]},"43":{"line":601,"type":"binary-expr","locations":[{"start":{"line":601,"column":38},"end":{"line":601,"column":49}},{"start":{"line":601,"column":53},"end":{"line":601,"column":60}}]},"44":{"line":624,"type":"binary-expr","locations":[{"start":{"line":624,"column":19},"end":{"line":624,"column":26}},{"start":{"line":624,"column":30},"end":{"line":624,"column":43}}]},"45":{"line":632,"type":"if","locations":[{"start":{"line":632,"column":12},"end":{"line":632,"column":12}},{"start":{"line":632,"column":12},"end":{"line":632,"column":12}}]},"46":{"line":672,"type":"if","locations":[{"start":{"line":672,"column":16},"end":{"line":672,"column":16}},{"start":{"line":672,"column":16},"end":{"line":672,"column":16}}]},"47":{"line":682,"type":"cond-expr","locations":[{"start":{"line":683,"column":26},"end":{"line":683,"column":34}},{"start":{"line":684,"column":26},"end":{"line":684,"column":38}}]},"48":{"line":685,"type":"switch","locations":[{"start":{"line":686,"column":20},"end":{"line":708,"column":30}},{"start":{"line":709,"column":20},"end":{"line":715,"column":30}},{"start":{"line":716,"column":20},"end":{"line":758,"column":30}},{"start":{"line":759,"column":20},"end":{"line":798,"column":30}},{"start":{"line":799,"column":20},"end":{"line":803,"column":84}}]},"49":{"line":694,"type":"binary-expr","locations":[{"start":{"line":694,"column":38},"end":{"line":694,"column":49}},{"start":{"line":694,"column":53},"end":{"line":694,"column":60}}]},"50":{"line":697,"type":"if","locations":[{"start":{"line":697,"column":24},"end":{"line":697,"column":24}},{"start":{"line":697,"column":24},"end":{"line":697,"column":24}}]},"51":{"line":725,"type":"switch","locations":[{"start":{"line":726,"column":24},"end":{"line":735,"column":34}},{"start":{"line":736,"column":24},"end":{"line":744,"column":34}},{"start":{"line":745,"column":24},"end":{"line":752,"column":88}}]},"52":{"line":768,"type":"switch","locations":[{"start":{"line":769,"column":24},"end":{"line":778,"column":34}},{"start":{"line":779,"column":24},"end":{"line":787,"column":34}},{"start":{"line":788,"column":24},"end":{"line":795,"column":88}}]},"53":{"line":807,"type":"binary-expr","locations":[{"start":{"line":807,"column":19},"end":{"line":807,"column":26}},{"start":{"line":807,"column":30},"end":{"line":807,"column":43}}]},"54":{"line":818,"type":"cond-expr","locations":[{"start":{"line":819,"column":26},"end":{"line":819,"column":34}},{"start":{"line":820,"column":26},"end":{"line":820,"column":38}}]},"55":{"line":821,"type":"switch","locations":[{"start":{"line":822,"column":20},"end":{"line":837,"column":30}},{"start":{"line":838,"column":20},"end":{"line":853,"column":30}},{"start":{"line":854,"column":20},"end":{"line":879,"column":30}},{"start":{"line":880,"column":20},"end":{"line":892,"column":30}},{"start":{"line":893,"column":20},"end":{"line":897,"column":83}}]},"56":{"line":824,"type":"binary-expr","locations":[{"start":{"line":824,"column":34},"end":{"line":824,"column":41}},{"start":{"line":824,"column":45},"end":{"line":824,"column":47}}]},"57":{"line":825,"type":"binary-expr","locations":[{"start":{"line":825,"column":37},"end":{"line":825,"column":47}},{"start":{"line":825,"column":51},"end":{"line":825,"column":76}}]},"58":{"line":901,"type":"binary-expr","locations":[{"start":{"line":901,"column":19},"end":{"line":901,"column":26}},{"start":{"line":901,"column":30},"end":{"line":901,"column":43}}]},"59":{"line":960,"type":"if","locations":[{"start":{"line":960,"column":16},"end":{"line":960,"column":16}},{"start":{"line":960,"column":16},"end":{"line":960,"column":16}}]},"60":{"line":1048,"type":"cond-expr","locations":[{"start":{"line":1049,"column":22},"end":{"line":1049,"column":74}},{"start":{"line":1050,"column":22},"end":{"line":1050,"column":86}}]},"61":{"line":1062,"type":"binary-expr","locations":[{"start":{"line":1062,"column":46},"end":{"line":1062,"column":73}},{"start":{"line":1062,"column":77},"end":{"line":1062,"column":90}}]},"62":{"line":1063,"type":"binary-expr","locations":[{"start":{"line":1063,"column":41},"end":{"line":1063,"column":63}},{"start":{"line":1063,"column":67},"end":{"line":1063,"column":78}}]},"63":{"line":1064,"type":"binary-expr","locations":[{"start":{"line":1064,"column":47},"end":{"line":1064,"column":75}},{"start":{"line":1064,"column":79},"end":{"line":1064,"column":90}}]},"64":{"line":1110,"type":"cond-expr","locations":[{"start":{"line":1111,"column":30},"end":{"line":1111,"column":34}},{"start":{"line":1112,"column":30},"end":{"line":1112,"column":41}}]},"65":{"line":1148,"type":"switch","locations":[{"start":{"line":1153,"column":4},"end":{"line":1232,"column":14}}]},"66":{"line":1162,"type":"cond-expr","locations":[{"start":{"line":1163,"column":22},"end":{"line":1163,"column":30}},{"start":{"line":1164,"column":22},"end":{"line":1164,"column":34}}]},"67":{"line":1165,"type":"switch","locations":[{"start":{"line":1166,"column":16},"end":{"line":1173,"column":26}},{"start":{"line":1174,"column":16},"end":{"line":1182,"column":26}},{"start":{"line":1183,"column":16},"end":{"line":1194,"column":26}},{"start":{"line":1195,"column":16},"end":{"line":1196,"column":35}}]},"68":{"line":1199,"type":"binary-expr","locations":[{"start":{"line":1199,"column":19},"end":{"line":1199,"column":26}},{"start":{"line":1199,"column":30},"end":{"line":1199,"column":43}}]},"69":{"line":1234,"type":"switch","locations":[{"start":{"line":1239,"column":4},"end":{"line":1256,"column":14}},{"start":{"line":1261,"column":4},"end":{"line":1438,"column":14}}]},"70":{"line":1403,"type":"switch","locations":[{"start":{"line":1404,"column":12},"end":{"line":1406,"column":22}},{"start":{"line":1407,"column":12},"end":{"line":1409,"column":22}},{"start":{"line":1410,"column":12},"end":{"line":1411,"column":33}}]},"71":{"line":1426,"type":"switch","locations":[{"start":{"line":1427,"column":16},"end":{"line":1427,"column":27}},{"start":{"line":1428,"column":16},"end":{"line":1432,"column":26}}]},"72":{"line":1453,"type":"binary-expr","locations":[{"start":{"line":1453,"column":23},"end":{"line":1453,"column":37}},{"start":{"line":1454,"column":20},"end":{"line":1454,"column":61}},{"start":{"line":1455,"column":20},"end":{"line":1455,"column":70}},{"start":{"line":1456,"column":20},"end":{"line":1456,"column":26}}]},"73":{"line":1458,"type":"binary-expr","locations":[{"start":{"line":1458,"column":23},"end":{"line":1458,"column":62}},{"start":{"line":1459,"column":20},"end":{"line":1459,"column":70}},{"start":{"line":1460,"column":20},"end":{"line":1460,"column":29}}]},"74":{"line":1463,"type":"switch","locations":[{"start":{"line":1465,"column":8},"end":{"line":1467,"column":18}},{"start":{"line":1469,"column":8},"end":{"line":1498,"column":18}}]},"75":{"line":1475,"type":"if","locations":[{"start":{"line":1475,"column":16},"end":{"line":1475,"column":16}},{"start":{"line":1475,"column":16},"end":{"line":1475,"column":16}}]}}},"/home/travis/build/kaizhu256/node-swagger-mongodb/example.js":{"path":"/home/travis/build/kaizhu256/node-swagger-mongodb/example.js","s":{"1":3,"2":3,"3":1,"4":1,"5":1,"6":1,"7":1,"8":1,"9":1,"10":1,"11":1,"12":1,"13":1,"14":1,"15":1,"16":664,"17":664,"18":664,"19":664,"20":661,"21":661,"22":3,"23":3,"24":3,"25":3,"26":6,"27":3,"28":3,"29":3,"30":3,"31":3,"32":3,"33":3,"34":664,"35":664,"36":664,"37":664,"38":664,"39":1,"40":1,"41":1,"42":1,"43":1,"44":1,"45":1,"46":5,"47":5,"48":5,"49":1,"50":1,"51":17,"52":23,"53":23,"54":9,"55":9,"56":5,"57":5,"58":9,"59":9,"60":23,"61":23,"62":23,"63":23,"64":23,"65":23,"66":3,"67":3,"68":2,"69":2,"70":3,"71":3,"72":3,"73":3,"74":23,"75":25,"76":6,"77":6,"78":6,"79":1,"80":1,"81":342,"82":342,"83":342,"84":669,"85":669,"86":669,"87":342,"88":393,"89":177,"90":177,"91":342,"92":336,"93":342,"94":159,"95":159,"96":3,"97":3,"98":3,"99":3,"100":3,"101":3,"102":3,"103":3,"104":3,"105":3,"106":3,"107":3,"108":3,"109":3,"110":3,"111":3,"112":3,"113":3,"114":3,"115":6,"116":6,"117":6,"118":6,"119":6,"120":3,"121":3,"122":3,"123":3,"124":3,"125":3,"126":3,"127":3,"128":3,"129":75,"130":75,"131":3,"132":3,"133":3,"134":3,"135":51,"136":51,"137":51,"138":18,"139":18,"140":18,"141":18,"142":3,"143":3,"144":3,"145":3,"146":3,"147":3,"148":15,"149":342,"150":327,"151":285,"152":342,"153":1,"154":1,"155":3,"156":3,"157":3,"158":3,"159":3,"160":3,"161":2,"162":3,"163":3,"164":3,"165":3,"166":47,"167":3,"168":3,"169":3},"b":{"1":[1],"2":[1,1],"3":[661,3],"4":[664,469],"5":[3,3],"6":[9,5,9],"7":[1,2,3,1,2,1,2,3,1,2,3],"8":[23,3],"9":[2,6],"10":[42,627],"11":[342,327],"12":[342,336,6],"13":[51,177],"14":[336,6],"15":[27,117,159,3,3,6,3,3,12,51,75,3,12,51,51,51,18,3,15],"16":[3,3],"17":[3,1,1,1],"18":[2,2,2],"19":[2,1],"20":[2,1],"21":[47,38]},"f":{"1":3,"2":1,"3":1,"4":664,"5":664,"6":6,"7":3,"8":664,"9":1,"10":5,"11":17,"12":23,"13":25,"14":342,"15":669,"16":669,"17":393,"18":3,"19":3,"20":3,"21":47},"fnMap":{"1":{"name":"(anonymous_1)","line":77,"loc":{"start":{"line":77,"column":1},"end":{"line":77,"column":18}}},"2":{"name":"(anonymous_2)","line":171,"loc":{"start":{"line":171,"column":20},"end":{"line":171,"column":39}}},"3":{"name":"(anonymous_3)","line":175,"loc":{"start":{"line":175,"column":20},"end":{"line":175,"column":41}}},"4":{"name":"(anonymous_4)","line":194,"loc":{"start":{"line":194,"column":12},"end":{"line":194,"column":57}}},"5":{"name":"(anonymous_5)","line":198,"loc":{"start":{"line":198,"column":44},"end":{"line":198,"column":56}}},"6":{"name":"(anonymous_6)","line":208,"loc":{"start":{"line":208,"column":66},"end":{"line":208,"column":82}}},"7":{"name":"(anonymous_7)","line":214,"loc":{"start":{"line":214,"column":49},"end":{"line":214,"column":71}}},"8":{"name":"(anonymous_8)","line":235,"loc":{"start":{"line":235,"column":12},"end":{"line":235,"column":57}}},"9":{"name":"(anonymous_9)","line":255,"loc":{"start":{"line":255,"column":9},"end":{"line":255,"column":21}}},"10":{"name":"(anonymous_10)","line":267,"loc":{"start":{"line":267,"column":53},"end":{"line":267,"column":75}}},"11":{"name":"(anonymous_11)","line":383,"loc":{"start":{"line":383,"column":47},"end":{"line":383,"column":63}}},"12":{"name":"(anonymous_12)","line":384,"loc":{"start":{"line":384,"column":57},"end":{"line":384,"column":75}}},"13":{"name":"(anonymous_13)","line":433,"loc":{"start":{"line":433,"column":58},"end":{"line":433,"column":78}}},"14":{"name":"(anonymous_14)","line":447,"loc":{"start":{"line":447,"column":45},"end":{"line":447,"column":90}}},"15":{"name":"(anonymous_15)","line":450,"loc":{"start":{"line":450,"column":21},"end":{"line":450,"column":44}}},"16":{"name":"(anonymous_16)","line":451,"loc":{"start":{"line":451,"column":44},"end":{"line":451,"column":56}}},"17":{"name":"(anonymous_17)","line":459,"loc":{"start":{"line":459,"column":35},"end":{"line":459,"column":55}}},"18":{"name":"(anonymous_18)","line":587,"loc":{"start":{"line":587,"column":3},"end":{"line":587,"column":15}}},"19":{"name":"(anonymous_19)","line":594,"loc":{"start":{"line":594,"column":5},"end":{"line":594,"column":17}}},"20":{"name":"(anonymous_20)","line":598,"loc":{"start":{"line":598,"column":24},"end":{"line":598,"column":36}}},"21":{"name":"(anonymous_21)","line":621,"loc":{"start":{"line":621,"column":46},"end":{"line":621,"column":61}}}},"statementMap":{"1":{"start":{"line":77,"column":0},"end":{"line":630,"column":7}},"2":{"start":{"line":79,"column":4},"end":{"line":586,"column":5}},"3":{"start":{"line":86,"column":8},"end":{"line":86,"column":31}},"4":{"start":{"line":88,"column":8},"end":{"line":150,"column":24}},"5":{"start":{"line":151,"column":8},"end":{"line":155,"column":10}},"6":{"start":{"line":156,"column":8},"end":{"line":160,"column":14}},"7":{"start":{"line":161,"column":8},"end":{"line":166,"column":14}},"8":{"start":{"line":168,"column":8},"end":{"line":168,"column":44}},"9":{"start":{"line":169,"column":8},"end":{"line":184,"column":11}},"10":{"start":{"line":172,"column":16},"end":{"line":182,"column":18}},"11":{"start":{"line":177,"column":28},"end":{"line":177,"column":65}},"12":{"start":{"line":178,"column":28},"end":{"line":178,"column":47}},"13":{"start":{"line":179,"column":28},"end":{"line":179,"column":38}},"14":{"start":{"line":180,"column":28},"end":{"line":180,"column":53}},"15":{"start":{"line":186,"column":8},"end":{"line":251,"column":11}},"16":{"start":{"line":195,"column":16},"end":{"line":195,"column":39}},"17":{"start":{"line":197,"column":16},"end":{"line":197,"column":45}},"18":{"start":{"line":198,"column":16},"end":{"line":230,"column":35}},"19":{"start":{"line":199,"column":20},"end":{"line":203,"column":21}},"20":{"start":{"line":201,"column":24},"end":{"line":201,"column":41}},"21":{"start":{"line":202,"column":24},"end":{"line":202,"column":31}},"22":{"start":{"line":204,"column":20},"end":{"line":205,"column":90}},"23":{"start":{"line":206,"column":20},"end":{"line":206,"column":48}},"24":{"start":{"line":207,"column":20},"end":{"line":207,"column":55}},"25":{"start":{"line":208,"column":20},"end":{"line":212,"column":23}},"26":{"start":{"line":209,"column":24},"end":{"line":211,"column":90}},"27":{"start":{"line":214,"column":20},"end":{"line":220,"column":23}},"28":{"start":{"line":216,"column":24},"end":{"line":216,"column":51}},"29":{"start":{"line":217,"column":24},"end":{"line":219,"column":48}},"30":{"start":{"line":221,"column":20},"end":{"line":223,"column":44}},"31":{"start":{"line":225,"column":20},"end":{"line":225,"column":93}},"32":{"start":{"line":226,"column":20},"end":{"line":228,"column":59}},"33":{"start":{"line":229,"column":20},"end":{"line":229,"column":37}},"34":{"start":{"line":237,"column":16},"end":{"line":237,"column":44}},"35":{"start":{"line":240,"column":16},"end":{"line":243,"column":18}},"36":{"start":{"line":244,"column":16},"end":{"line":244,"column":71}},"37":{"start":{"line":246,"column":16},"end":{"line":246,"column":86}},"38":{"start":{"line":247,"column":16},"end":{"line":247,"column":33}},"39":{"start":{"line":253,"column":8},"end":{"line":253,"column":59}},"40":{"start":{"line":255,"column":8},"end":{"line":445,"column":13}},"41":{"start":{"line":256,"column":12},"end":{"line":256,"column":44}},"42":{"start":{"line":257,"column":12},"end":{"line":258,"column":63}},"43":{"start":{"line":259,"column":12},"end":{"line":263,"column":14}},"44":{"start":{"line":265,"column":12},"end":{"line":265,"column":51}},"45":{"start":{"line":267,"column":12},"end":{"line":272,"column":15}},"46":{"start":{"line":268,"column":16},"end":{"line":268,"column":57}},"47":{"start":{"line":270,"column":16},"end":{"line":270,"column":58}},"48":{"start":{"line":271,"column":16},"end":{"line":271,"column":86}},"49":{"start":{"line":273,"column":12},"end":{"line":381,"column":18}},"50":{"start":{"line":383,"column":12},"end":{"line":443,"column":15}},"51":{"start":{"line":384,"column":16},"end":{"line":442,"column":19}},"52":{"start":{"line":385,"column":20},"end":{"line":385,"column":61}},"53":{"start":{"line":387,"column":20},"end":{"line":397,"column":21}},"54":{"start":{"line":389,"column":24},"end":{"line":389,"column":55}},"55":{"start":{"line":390,"column":24},"end":{"line":390,"column":30}},"56":{"start":{"line":392,"column":24},"end":{"line":392,"column":57}},"57":{"start":{"line":393,"column":24},"end":{"line":393,"column":30}},"58":{"start":{"line":395,"column":24},"end":{"line":395,"column":56}},"59":{"start":{"line":396,"column":24},"end":{"line":396,"column":30}},"60":{"start":{"line":398,"column":20},"end":{"line":398,"column":81}},"61":{"start":{"line":399,"column":20},"end":{"line":399,"column":47}},"62":{"start":{"line":400,"column":20},"end":{"line":400,"column":48}},"63":{"start":{"line":401,"column":20},"end":{"line":401,"column":47}},"64":{"start":{"line":403,"column":20},"end":{"line":409,"column":28}},"65":{"start":{"line":411,"column":20},"end":{"line":431,"column":21}},"66":{"start":{"line":415,"column":24},"end":{"line":415,"column":65}},"67":{"start":{"line":416,"column":24},"end":{"line":416,"column":30}},"68":{"start":{"line":419,"column":24},"end":{"line":419,"column":66}},"69":{"start":{"line":420,"column":24},"end":{"line":420,"column":30}},"70":{"start":{"line":424,"column":24},"end":{"line":424,"column":69}},"71":{"start":{"line":425,"column":24},"end":{"line":425,"column":30}},"72":{"start":{"line":429,"column":24},"end":{"line":429,"column":66}},"73":{"start":{"line":430,"column":24},"end":{"line":430,"column":30}},"74":{"start":{"line":433,"column":20},"end":{"line":441,"column":23}},"75":{"start":{"line":434,"column":24},"end":{"line":440,"column":25}},"76":{"start":{"line":437,"column":28},"end":{"line":437,"column":51}},"77":{"start":{"line":438,"column":28},"end":{"line":438,"column":53}},"78":{"start":{"line":439,"column":28},"end":{"line":439,"column":34}},"79":{"start":{"line":444,"column":12},"end":{"line":444,"column":42}},"80":{"start":{"line":447,"column":8},"end":{"line":582,"column":11}},"81":{"start":{"line":448,"column":12},"end":{"line":448,"column":42}},"82":{"start":{"line":449,"column":12},
[...]
12,"column":12},"end":{"line":212,"column":12}},{"start":{"line":212,"column":12},"end":{"line":212,"column":12}}]},"34":{"line":212,"type":"binary-expr","locations":[{"start":{"line":212,"column":16},"end":{"line":212,"column":20}},{"start":{"line":212,"column":24},"end":{"line":212,"column":48}}]},"35":{"line":213,"type":"binary-expr","locations":[{"start":{"line":213,"column":39},"end":{"line":213,"column":59}},{"start":{"line":213,"column":63},"end":{"line":213,"column":65}}]},"36":{"line":214,"type":"if","locations":[{"start":{"line":214,"column":16},"end":{"line":214,"column":16}},{"start":{"line":214,"column":16},"end":{"line":214,"column":16}}]},"37":{"line":220,"type":"if","locations":[{"start":{"line":220,"column":12},"end":{"line":220,"column":12}},{"start":{"line":220,"column":12},"end":{"line":220,"column":12}}]},"38":{"line":220,"type":"binary-expr","locations":[{"start":{"line":220,"column":16},"end":{"line":220,"column":33}},{"start":{"line":220,"column":37},"end":{"line":220,"column":55}},{"start":{"line":220,"column":59},"end":{"line":220,"column":82}}]},"39":{"line":226,"type":"switch","locations":[{"start":{"line":227,"column":12},"end":{"line":238,"column":22}},{"start":{"line":239,"column":12},"end":{"line":241,"column":22}},{"start":{"line":242,"column":12},"end":{"line":249,"column":22}},{"start":{"line":250,"column":12},"end":{"line":257,"column":22}},{"start":{"line":258,"column":12},"end":{"line":260,"column":22}},{"start":{"line":261,"column":12},"end":{"line":288,"column":22}}]},"40":{"line":228,"type":"binary-expr","locations":[{"start":{"line":228,"column":23},"end":{"line":228,"column":42}},{"start":{"line":228,"column":46},"end":{"line":228,"column":63}}]},"41":{"line":243,"type":"binary-expr","locations":[{"start":{"line":243,"column":23},"end":{"line":243,"column":47}},{"start":{"line":243,"column":51},"end":{"line":243,"column":65}},{"start":{"line":243,"column":69},"end":{"line":243,"column":88}}]},"42":{"line":244,"type":"switch","locations":[{"start":{"line":245,"column":16},"end":{"line":245,"column":29}},{"start":{"line":246,"column":16},"end":{"line":247,"column":26}}]},"43":{"line":251,"type":"binary-expr","locations":[{"start":{"line":251,"column":23},"end":{"line":251,"column":47}},{"start":{"line":251,"column":51},"end":{"line":251,"column":65}}]},"44":{"line":252,"type":"switch","locations":[{"start":{"line":253,"column":16},"end":{"line":253,"column":30}},{"start":{"line":254,"column":16},"end":{"line":255,"column":26}}]},"45":{"line":263,"type":"switch","locations":[{"start":{"line":265,"column":16},"end":{"line":267,"column":26}},{"start":{"line":268,"column":16},"end":{"line":271,"column":26}},{"start":{"line":272,"column":16},"end":{"line":276,"column":26}},{"start":{"line":277,"column":16},"end":{"line":279,"column":26}},{"start":{"line":280,"column":16},"end":{"line":286,"column":26}}]},"46":{"line":270,"type":"binary-expr","locations":[{"start":{"line":270,"column":27},"end":{"line":270,"column":40}},{"start":{"line":270,"column":44},"end":{"line":270,"column":83}}]},"47":{"line":274,"type":"binary-expr","locations":[{"start":{"line":274,"column":27},"end":{"line":274,"column":40}},{"start":{"line":275,"column":24},"end":{"line":275,"column":76}}]},"48":{"line":300,"type":"if","locations":[{"start":{"line":300,"column":16},"end":{"line":300,"column":16}},{"start":{"line":300,"column":16},"end":{"line":300,"column":16}}]},"49":{"line":300,"type":"binary-expr","locations":[{"start":{"line":300,"column":20},"end":{"line":300,"column":24}},{"start":{"line":300,"column":28},"end":{"line":300,"column":52}}]},"50":{"line":301,"type":"binary-expr","locations":[{"start":{"line":301,"column":43},"end":{"line":301,"column":63}},{"start":{"line":301,"column":67},"end":{"line":301,"column":69}}]},"51":{"line":302,"type":"if","locations":[{"start":{"line":302,"column":20},"end":{"line":302,"column":20}},{"start":{"line":302,"column":20},"end":{"line":302,"column":20}}]},"52":{"line":308,"type":"switch","locations":[{"start":{"line":310,"column":16},"end":{"line":311,"column":27}}]},"53":{"line":313,"type":"binary-expr","locations":[{"start":{"line":313,"column":38},"end":{"line":313,"column":42}},{"start":{"line":313,"column":46},"end":{"line":313,"column":70}}]},"54":{"line":317,"type":"binary-expr","locations":[{"start":{"line":317,"column":20},"end":{"line":317,"column":26}},{"start":{"line":317,"column":30},"end":{"line":317,"column":56}}]},"55":{"line":320,"type":"binary-expr","locations":[{"start":{"line":320,"column":28},"end":{"line":320,"column":45}},{"start":{"line":320,"column":49},"end":{"line":320,"column":51}}]},"56":{"line":328,"type":"binary-expr","locations":[{"start":{"line":328,"column":34},"end":{"line":328,"column":49}},{"start":{"line":328,"column":53},"end":{"line":328,"column":86}}]},"57":{"line":349,"type":"binary-expr","locations":[{"start":{"line":349,"column":26},"end":{"line":349,"column":32}},{"start":{"line":349,"column":36},"end":{"line":349,"column":53}},{"start":{"line":349,"column":58},"end":{"line":350,"column":25}}]},"58":{"line":356,"type":"binary-expr","locations":[{"start":{"line":356,"column":28},"end":{"line":356,"column":34}},{"start":{"line":356,"column":38},"end":{"line":356,"column":51}},{"start":{"line":356,"column":55},"end":{"line":356,"column":71}}]},"59":{"line":358,"type":"binary-expr","locations":[{"start":{"line":358,"column":60},"end":{"line":358,"column":65}},{"start":{"line":358,"column":69},"end":{"line":358,"column":82}}]},"60":{"line":363,"type":"switch","locations":[{"start":{"line":368,"column":4},"end":{"line":1050,"column":14}}]},"61":{"line":380,"type":"cond-expr","locations":[{"start":{"line":381,"column":26},"end":{"line":381,"column":34}},{"start":{"line":382,"column":26},"end":{"line":382,"column":38}}]},"62":{"line":383,"type":"switch","locations":[{"start":{"line":384,"column":20},"end":{"line":417,"column":30}},{"start":{"line":418,"column":20},"end":{"line":547,"column":30}},{"start":{"line":548,"column":20},"end":{"line":588,"column":30}},{"start":{"line":589,"column":20},"end":{"line":606,"column":30}},{"start":{"line":607,"column":20},"end":{"line":608,"column":71}}]},"63":{"line":396,"type":"binary-expr","locations":[{"start":{"line":396,"column":44},"end":{"line":396,"column":61}},{"start":{"line":396,"column":65},"end":{"line":396,"column":67}}]},"64":{"line":399,"type":"binary-expr","locations":[{"start":{"line":399,"column":35},"end":{"line":399,"column":56}},{"start":{"line":400,"column":32},"end":{"line":400,"column":48}},{"start":{"line":401,"column":32},"end":{"line":401,"column":57}}]},"65":{"line":402,"type":"binary-expr","locations":[{"start":{"line":402,"column":44},"end":{"line":402,"column":61}},{"start":{"line":402,"column":65},"end":{"line":402,"column":90}}]},"66":{"line":410,"type":"switch","locations":[{"start":{"line":411,"column":24},"end":{"line":414,"column":35}}]},"67":{"line":420,"type":"binary-expr","locations":[{"start":{"line":420,"column":38},"end":{"line":420,"column":42}},{"start":{"line":420,"column":46},"end":{"line":420,"column":63}}]},"68":{"line":421,"type":"switch","locations":[{"start":{"line":422,"column":24},"end":{"line":422,"column":45}},{"start":{"line":423,"column":24},"end":{"line":426,"column":34}},{"start":{"line":427,"column":24},"end":{"line":434,"column":34}}]},"69":{"line":430,"type":"if","locations":[{"start":{"line":430,"column":28},"end":{"line":430,"column":28}},{"start":{"line":430,"column":28},"end":{"line":430,"column":28}}]},"70":{"line":430,"type":"binary-expr","locations":[{"start":{"line":430,"column":32},"end":{"line":430,"column":76}},{"start":{"line":431,"column":36},"end":{"line":431,"column":67}}]},"71":{"line":436,"type":"switch","locations":[{"start":{"line":437,"column":24},"end":{"line":441,"column":34}},{"start":{"line":442,"column":24},"end":{"line":446,"column":34}},{"start":{"line":447,"column":24},"end":{"line":450,"column":34}},{"start":{"line":451,"column":24},"end":{"line":454,"column":34}},{"start":{"line":455,"column":24},"end":{"line":459,"column":34}},{"start":{"line":460,"column":24},"end":{"line":463,"column":34}},{"start":{"line":464,"column":24},"end":{"line":467,"column":34}},{"start":{"line":468,"column":24},"end":{"line":482,"column":34}},{"start":{"line":483,"column":24},"end":{"line":490,"column":34}},{"start":{"line":491,"column":24},"end":{"line":491,"column":46}},{"start":{"line":492,"column":24},"end":{"line":529,"column":34}},{"start":{"line":530,"column":24},"end":{"line":535,"column":34}},{"start":{"line":536,"column":24},"end":{"line":542,"column":34}},{"start":{"line":543,"column":24},"end":{"line":545,"column":81}}]},"72":{"line":494,"type":"if","locations":[{"start":{"line":494,"column":28},"end":{"line":494,"column":28}},{"start":{"line":494,"column":28},"end":{"line":494,"column":28}}]},"73":{"line":503,"type":"binary-expr","locations":[{"start":{"line":503,"column":46},"end":{"line":503,"column":57}},{"start":{"line":503,"column":61},"end":{"line":503,"column":86}}]},"74":{"line":504,"type":"binary-expr","locations":[{"start":{"line":504,"column":64},"end":{"line":504,"column":93}},{"start":{"line":505,"column":36},"end":{"line":505,"column":47}}]},"75":{"line":509,"type":"switch","locations":[{"start":{"line":510,"column":32},"end":{"line":513,"column":42}},{"start":{"line":514,"column":32},"end":{"line":525,"column":42}}]},"76":{"line":520,"type":"if","locations":[{"start":{"line":520,"column":36},"end":{"line":520,"column":36}},{"start":{"line":520,"column":36},"end":{"line":520,"column":36}}]},"77":{"line":551,"type":"switch","locations":[{"start":{"line":552,"column":24},"end":{"line":552,"column":49}},{"start":{"line":553,"column":24},"end":{"line":553,"column":51}},{"start":{"line":554,"column":24},"end":{"line":554,"column":46}},{"start":{"line":555,"column":24},"end":{"line":555,"column":66}},{"start":{"line":556,"column":24},"end":{"line":558,"column":34}},{"start":{"line":559,"column":24},"end":{"line":559,"column":46}},{"start":{"line":560,"column":24},"end":{"line":567,"column":35}},{"start":{"line":568,"column":24},"end":{"line":568,"column":49}},{"start":{"line":569,"column":24},"end":{"line":571,"column":34}},{"start":{"line":572,"column":24},"end":{"line":572,"column":45}},{"start":{"line":573,"column":24},"end":{"line":573,"column":46}},{"start":{"line":574,"column":24},"end":{"line":581,"column":35}},{"start":{"line":582,"column":24},"end":{"line":584,"column":34}}]},"78":{"line":576,"type":"if","locations":[{"start":{"line":576,"column":28},"end":{"line":576,"column":28}},{"start":{"line":576,"column":28},"end":{"line":576,"column":28}}]},"79":{"line":590,"type":"switch","locations":[{"start":{"line":591,"column":24},"end":{"line":591,"column":46}},{"start":{"line":592,"column":24},"end":{"line":600,"column":34}},{"start":{"line":601,"column":24},"end":{"line":603,"column":82}}]},"80":{"line":620,"type":"binary-expr","locations":[{"start":{"line":620,"column":34},"end":{"line":620,"column":53}},{"start":{"line":620,"column":57},"end":{"line":620,"column":59}}]},"81":{"line":621,"type":"binary-expr","locations":[{"start":{"line":621,"column":28},"end":{"line":621,"column":41}},{"start":{"line":621,"column":45},"end":{"line":621,"column":47}}]},"82":{"line":626,"type":"if","locations":[{"start":{"line":626,"column":16},"end":{"line":626,"column":16}},{"start":{"line":626,"column":16},"end":{"line":626,"column":16}}]},"83":{"line":656,"type":"binary-expr","locations":[{"start":{"line":656,"column":17},"end":{"line":656,"column":36}},{"start":{"line":656,"column":40},"end":{"line":656,"column":42}}]},"84":{"line":663,"type":"binary-expr","locations":[{"start":{"line":663,"column":54},"end":{"line":663,"column":85}},{"start":{"line":663,"column":89},"end":{"line":663,"column":91}}]},"85":{"line":688,"type":"binary-expr","locations":[{"start":{"line":688,"column":26},"end":{"line":688,"column":45}},{"start":{"line":689,"column":24},"end":{"line":689,"column":90}}]},"86":{"line":690,"type":"if","locations":[{"start":{"line":690,"column":20},"end":{"line":690,"column":20}},{"start":{"line":690,"column":20},"end":{"line":690,"column":20}}]},"87":{"line":724,"type":"binary-expr","locations":[{"start":{"line":724,"column":24},"end":{"line":724,"column":40}},{"start":{"line":724,"column":44},"end":{"line":724,"column":46}}]},"88":{"line":730,"type":"binary-expr","locations":[{"start":{"line":730,"column":17},"end":{"line":730,"column":21}},{"start":{"line":730,"column":25},"end":{"line":730,"column":27}}]},"89":{"line":744,"type":"if","locations":[{"start":{"line":744,"column":24},"end":{"line":744,"column":24}},{"start":{"line":744,"column":24},"end":{"line":744,"column":24}}]},"90":{"line":744,"type":"binary-expr","locations":[{"start":{"line":744,"column":28},"end":{"line":744,"column":35}},{"start":{"line":744,"column":39},"end":{"line":744,"column":66}}]},"91":{"line":747,"type":"if","locations":[{"start":{"line":747,"column":32},"end":{"line":747,"column":32}},{"start":{"line":747,"column":32},"end":{"line":747,"column":32}}]},"92":{"line":763,"type":"binary-expr","locations":[{"start":{"line":763,"column":44},"end":{"line":763,"column":67}},{"start":{"line":763,"column":71},"end":{"line":763,"column":73}}]},"93":{"line":799,"type":"switch","locations":[{"start":{"line":800,"column":16},"end":{"line":818,"column":27}},{"start":{"line":819,"column":16},"end":{"line":842,"column":27}},{"start":{"line":843,"column":16},"end":{"line":853,"column":27}},{"start":{"line":854,"column":16},"end":{"line":865,"column":27}},{"start":{"line":866,"column":16},"end":{"line":867,"column":30}}]},"94":{"line":804,"type":"if","locations":[{"start":{"line":804,"column":20},"end":{"line":804,"column":20}},{"start":{"line":804,"column":20},"end":{"line":804,"column":20}}]},"95":{"line":804,"type":"binary-expr","locations":[{"start":{"line":804,"column":24},"end":{"line":804,"column":79}},{"start":{"line":805,"column":28},"end":{"line":805,"column":54}}]},"96":{"line":810,"type":"if","locations":[{"start":{"line":810,"column":20},"end":{"line":810,"column":20}},{"start":{"line":810,"column":20},"end":{"line":810,"column":20}}]},"97":{"line":821,"type":"if","locations":[{"start":{"line":821,"column":20},"end":{"line":821,"column":20}},{"start":{"line":821,"column":20},"end":{"line":821,"column":20}}]},"98":{"line":828,"type":"if","locations":[{"start":{"line":828,"column":36},"end":{"line":828,"column":36}},{"start":{"line":828,"column":36},"end":{"line":828,"column":36}}]},"99":{"line":828,"type":"binary-expr","locations":[{"start":{"line":828,"column":40},"end":{"line":828,"column":46}},{"start":{"line":828,"column":50},"end":{"line":828,"column":55}},{"start":{"line":828,"column":59},"end":{"line":828,"column":90}}]},"100":{"line":845,"type":"if","locations":[{"start":{"line":845,"column":20},"end":{"line":845,"column":20}},{"start":{"line":845,"column":20},"end":{"line":845,"column":20}}]},"101":{"line":859,"type":"binary-expr","locations":[{"start":{"line":859,"column":58},"end":{"line":859,"column":87}},{"start":{"line":859,"column":91},"end":{"line":859,"column":93}}]},"102":{"line":880,"type":"if","locations":[{"start":{"line":880,"column":16},"end":{"line":880,"column":16}},{"start":{"line":880,"column":16},"end":{"line":880,"column":16}}]},"103":{"line":885,"type":"switch","locations":[{"start":{"line":886,"column":16},"end":{"line":889,"column":26}},{"start":{"line":890,"column":16},"end":{"line":894,"column":21}}]},"104":{"line":885,"type":"binary-expr","locations":[{"start":{"line":885,"column":39},"end":{"line":885,"column":70}},{"start":{"line":885,"column":74},"end":{"line":885,"column":76}}]},"105":{"line":904,"type":"if","locations":[{"start":{"line":904,"column":12},"end":{"line":904,"column":12}},{"start":{"line":904,"column":12},"end":{"line":904,"column":12}}]},"106":{"line":927,"type":"cond-expr","locations":[{"start":{"line":928,"column":26},"end":{"line":928,"column":34}},{"start":{"line":929,"column":26},"end":{"line":929,"column":38}}]},"107":{"line":930,"type":"switch","locations":[{"start":{"line":931,"column":20},"end":{"line":970,"column":30}},{"start":{"line":971,"column":20},"end":{"line":1013,"column":30}},{"start":{"line":1014,"column":20},"end":{"line":1042,"column":30}},{"start":{"line":1043,"column":20},"end":{"line":1044,"column":46}}]},"108":{"line":934,"type":"if","locations":[{"start":{"line":934,"column":24},"end":{"line":934,"column":24}},{"start":{"line":934,"column":24},"end":{"line":934,"column":24}}]},"109":{"line":944,"type":"switch","locations":[{"start":{"line":946,"column":24},"end":{"line":948,"column":35}}]},"110":{"line":955,"type":"if","locations":[{"start":{"line":955,"column":28},"end":{"line":955,"column":28}},{"start":{"line":955,"column":28},"end":{"line":955,"column":28}}]},"111":{"line":961,"type":"if","locations":[{"start":{"line":961,"column":28},"end":{"line":961,"column":28}},{"start":{"line":961,"column":28},"end":{"line":961,"column":28}}]},"112":{"line":978,"type":"if","locations":[{"start":{"line":978,"column":28},"end":{"line":978,"column":28}},{"start":{"line":978,"column":28},"end":{"line":978,"column":28}}]},"113":{"line":984,"type":"switch","locations":[{"start":{"line":986,"column":28},"end":{"line":990,"column":38}},{"start":{"line":992,"column":28},"end":{"line":996,"column":38}},{"start":{"line":998,"column":28},"end":{"line":1001,"column":38}},{"start":{"line":1003,"column":28},"end":{"line":1006,"column":38}}]},"114":{"line":988,"type":"binary-expr","locations":[{"start":{"line":988,"column":36},"end":{"line":988,"column":72}},{"start":{"line":989,"column":36},"end":{"line":989,"column":58}}]},"115":{"line":994,"type":"binary-expr","locations":[{"start":{"line":994,"column":36},"end":{"line":994,"column":72}},{"start":{"line":995,"column":36},"end":{"line":995,"column":73}}]},"116":{"line":1010,"type":"binary-expr","locations":[{"start":{"line":1010,"column":32},"end":{"line":1010,"column":68}},{"start":{"line":1010,"column":72},"end":{"line":1010,"column":88}}]},"117":{"line":1025,"type":"if","locations":[{"start":{"line":1025,"column":24},"end":{"line":1025,"column":24}},{"start":{"line":1025,"column":24},"end":{"line":1025,"column":24}}]},"118":{"line":1033,"type":"if","locations":[{"start":{"line":1033,"column":32},"end":{"line":1033,"column":32}},{"start":{"line":1033,"column":32},"end":{"line":1033,"column":32}}]},"119":{"line":1033,"type":"binary-expr","locations":[{"start":{"line":1033,"column":36},"end":{"line":1033,"column":42}},{"start":{"line":1033,"column":46},"end":{"line":1033,"column":50}}]},"120":{"line":1052,"type":"switch","locations":[{"start":{"line":1057,"column":4},"end":{"line":1062,"column":14}},{"start":{"line":1067,"column":4},"end":{"line":1309,"column":14}}]},"121":{"line":1082,"type":"binary-expr","locations":[{"start":{"line":1082,"column":22},"end":{"line":1082,"column":71}},{"start":{"line":1082,"column":75},"end":{"line":1082,"column":84}}]},"122":{"line":1324,"type":"binary-expr","locations":[{"start":{"line":1324,"column":23},"end":{"line":1324,"column":37}},{"start":{"line":1325,"column":20},"end":{"line":1325,"column":61}},{"start":{"line":1326,"column":20},"end":{"line":1326,"column":70}},{"start":{"line":1327,"column":20},"end":{"line":1327,"column":26}}]},"123":{"line":1329,"type":"binary-expr","locations":[{"start":{"line":1329,"column":23},"end":{"line":1329,"column":62}},{"start":{"line":1330,"column":20},"end":{"line":1330,"column":70}},{"start":{"line":1331,"column":20},"end":{"line":1331,"column":29}}]},"124":{"line":1335,"type":"cond-expr","locations":[{"start":{"line":1336,"column":14},"end":{"line":1336,"column":20}},{"start":{"line":1337,"column":14},"end":{"line":1337,"column":20}}]},"125":{"line":1339,"type":"cond-expr","locations":[{"start":{"line":1340,"column":14},"end":{"line":1340,"column":29}},{"start":{"line":1341,"column":14},"end":{"line":1341,"column":33}}]}}}}